2020-01-28 14:10:59.9134|TRACE| 発生元:iCAD Renamer メッセージ:ICAD_Renamerを開始しました。|->
2020-01-28 14:13:05.3368|TRACE| 発生元:iCAD Renamer メッセージ:入力が変更されました。 場所:新しい番号 変更データ:M1120|->
2020-01-28 14:13:08.3790|TRACE| 発生元:iCAD Renamer メッセージ:入力が変更されました。 場所:署名 変更データ:木下|->
2020-01-28 14:13:17.9515|INFO| 発生元:iCAD Renamer メッセージ:フォルダが選択されました。 場所: 変更データ:D:\M1124_KB治具|->
2020-01-28 14:13:24.0637|INFO| 発生元:iCAD Renamer メッセージ:フォルダが選択されました。 場所: 変更データ:D:\M1200|->
2020-01-28 14:13:26.0074|TRACE| 発生元:変換進捗 メッセージ:変換進捗を開始しました。 コピー元:D:\M1124_KB治具 コピー先:D:\M1200 新番号:M1120 署名:木下|->
2020-01-28 14:14:28.2239|TRACE| 発生元:iCAD Renamer メッセージ:ICAD_Renamerを開始しました。|->
2020-01-28 14:14:33.1314|TRACE| 発生元:iCAD Renamer メッセージ:入力が変更されました。 場所:新しい番号 変更データ:M1200|->
2020-01-28 14:14:36.7086|TRACE| 発生元:iCAD Renamer メッセージ:入力が変更されました。 場所:署名 変更データ:木下|->
2020-01-28 14:14:41.4313|INFO| 発生元:iCAD Renamer メッセージ:フォルダが選択されました。 場所: 変更データ:D:\M1124_KB治具 - コピー|->
2020-01-28 14:14:48.0436|INFO| 発生元:iCAD Renamer メッセージ:フォルダが選択されました。 場所: 変更データ:D:\M1200|->
2020-01-28 14:14:49.0340|TRACE| 発生元:変換進捗 メッセージ:変換進捗を開始しました。 コピー元:D:\M1124_KB治具 - コピー コピー先:D:\M1200 新番号:M1200 署名:木下|->
2020-01-28 14:23:54.2236|TRACE| 発生元:iCAD Renamer メッセージ:入力が変更されました。 場所:新しい番号 変更データ:M1200|->
2020-01-28 14:23:54.4336|TRACE| 発生元:iCAD Renamer メッセージ:ICAD_Renamerを終了しました。|->
2020-01-28 14:35:36.6420|TRACE| 発生元:iCAD Renamer メッセージ:ICAD_Renamerを開始しました。|->
2020-01-28 15:25:05.8612|TRACE| 発生元:iCAD Renamer メッセージ:ICAD_Renamerを終了しました。|->
2020-01-28 15:41:33.4960|TRACE| 発生元:iCAD Renamer メッセージ:ICAD_Renamerを開始しました。|->
2020-01-28 15:42:04.9816|TRACE| 発生元:iCAD Renamer メッセージ:入力が変更されました。 場所:新しい番号 変更データ:M1200|->
2020-01-28 15:42:07.7268|TRACE| 発生元:iCAD Renamer メッセージ:入力が変更されました。 場所:署名 変更データ:木下|->
2020-01-28 15:42:21.3994|INFO| 発生元:iCAD Renamer メッセージ:フォルダが選択されました。 場所: 変更データ:D:\M1124_KB治具 - コピー|->
2020-01-28 15:42:26.9188|INFO| 発生元:iCAD Renamer メッセージ:フォルダが選択されました。 場所: 変更データ:D:\M1200|->
2020-01-28 15:42:29.5793|TRACE| 発生元:変換進捗 メッセージ:変換進捗を開始しました。 コピー元:D:\M1124_KB治具 - コピー コピー先:D:\M1200 新番号:M1200 署名:木下|->
2020-01-28 15:49:32.5796|TRACE| 発生元:iCAD Renamer メッセージ:ICAD_Renamerを開始しました。|->
2020-01-28 15:49:43.6596|TRACE| 発生元:iCAD Renamer メッセージ:M番の入力規則に違反しています。 場所: 変更データ:M122|->
2020-01-28 15:49:49.0629|TRACE| 発生元:iCAD Renamer メッセージ:入力が変更されました。 場所:新しい番号 変更データ:M1200|->
2020-01-28 15:49:51.7064|TRACE| 発生元:iCAD Renamer メッセージ:入力が変更されました。 場所:署名 変更データ:木下|->
2020-01-28 15:49:57.2134|INFO| 発生元:iCAD Renamer メッセージ:フォルダが選択されました。 場所: 変更データ:D:\M1124_KB治具 - コピー|->
2020-01-28 15:50:02.4605|INFO| 発生元:iCAD Renamer メッセージ:フォルダが選択されました。 場所: 変更データ:D:\M1200|->
2020-01-28 15:50:03.5249|TRACE| 発生元:変換進捗 メッセージ:変換進捗を開始しました。 コピー元:D:\M1124_KB治具 - コピー コピー先:D:\M1200 新番号:M1200 署名:木下|->
2020-01-28 15:54:06.5129|TRACE| 発生元:iCAD Renamer メッセージ:入力が変更されました。 場所:新しい番号 変更データ:M1200|->
2020-01-28 15:54:06.6149|TRACE| 発生元:iCAD Renamer メッセージ:ICAD_Renamerを終了しました。|->
2020-01-28 15:55:49.7139|TRACE| 発生元:iCAD Renamer メッセージ:ICAD_Renamerを開始しました。|->
2020-01-28 15:55:54.6972|TRACE| 発生元:iCAD Renamer メッセージ:入力が変更されました。 場所:新しい番号 変更データ:M1200|->
2020-01-28 15:55:57.2555|TRACE| 発生元:iCAD Renamer メッセージ:入力が変更されました。 場所:署名 変更データ:木下|->
2020-01-28 15:56:03.7554|INFO| 発生元:iCAD Renamer メッセージ:フォルダが選択されました。 場所: 変更データ:D:\M1124_KB治具 - コピー|->
2020-01-28 15:56:08.6018|INFO| 発生元:iCAD Renamer メッセージ:フォルダが選択されました。 場所: 変更データ:D:\M1200|->
2020-01-28 15:56:10.1857|TRACE| 発生元:変換進捗 メッセージ:変換進捗を開始しました。 コピー元:D:\M1124_KB治具 - コピー コピー先:D:\M1200 新番号:M1200 署名:木下|->
2020-01-28 16:00:18.6921|TRACE| 発生元:iCAD Renamer メッセージ:ICAD_Renamerを開始しました。|->
2020-01-28 16:00:25.5079|TRACE| 発生元:iCAD Renamer メッセージ:入力が変更されました。 場所:新しい番号 変更データ:M1200|->
2020-01-28 16:00:27.5880|TRACE| 発生元:iCAD Renamer メッセージ:入力が変更されました。 場所:署名 変更データ:木下|->
2020-01-28 16:00:33.3915|INFO| 発生元:iCAD Renamer メッセージ:フォルダが選択されました。 場所: 変更データ:D:\M1124_KB治具 - コピー|->
2020-01-28 16:00:38.1859|INFO| 発生元:iCAD Renamer メッセージ:フォルダが選択されました。 場所: 変更データ:D:\M1200|->
2020-01-28 16:00:39.1210|TRACE| 発生元:変換進捗 メッセージ:変換進捗を開始しました。 コピー元:D:\M1124_KB治具 - コピー コピー先:D:\M1200 新番号:M1200 署名:木下|->
2020-01-28 16:01:21.7758|TRACE| 発生元:iCAD Renamer メッセージ:ICAD_Renamerを開始しました。|->
2020-01-28 16:01:25.2814|TRACE| 発生元:iCAD Renamer メッセージ:入力が変更されました。 場所:新しい番号 変更データ:M1200|->
2020-01-28 16:01:27.0825|TRACE| 発生元:iCAD Renamer メッセージ:入力が変更されました。 場所:署名 変更データ:木下|->
2020-01-28 16:01:34.3645|INFO| 発生元:iCAD Renamer メッセージ:フォルダが選択されました。 場所: 変更データ:D:\M1124_KB治具 - コピー|->
2020-01-28 16:01:41.8031|INFO| 発生元:iCAD Renamer メッセージ:フォルダが選択されました。 場所: 変更データ:D:\M1200|->
2020-01-28 16:01:43.3971|TRACE| 発生元:変換進捗 メッセージ:変換進捗を開始しました。 コピー元:D:\M1124_KB治具 - コピー コピー先:D:\M1200 新番号:M1200 署名:木下|->
2020-01-28 16:13:37.0419|TRACE| 発生元:iCAD Renamer メッセージ:ICAD_Renamerを開始しました。|->
2020-01-28 16:13:47.6064|TRACE| 発生元:iCAD Renamer メッセージ:入力が変更されました。 場所:新しい番号 変更データ:M1200|->
2020-01-28 16:13:50.2460|TRACE| 発生元:iCAD Renamer メッセージ:入力が変更されました。 場所:署名 変更データ:木下|->
2020-01-28 16:14:00.2726|INFO| 発生元:iCAD Renamer メッセージ:フォルダが選択されました。 場所: 変更データ:D:\M1124_KB治具 - コピー|->
2020-01-28 16:14:05.7695|INFO| 発生元:iCAD Renamer メッセージ:フォルダが選択されました。 場所: 変更データ:D:\M1200|->
2020-01-28 16:14:07.1129|TRACE| 発生元:変換進捗 メッセージ:変換進捗を開始しました。 コピー元:D:\M1124_KB治具 - コピー コピー先:D:\M1200 新番号:M1200 署名:木下|->
2020-01-28 16:18:52.7430|TRACE| 発生元:iCAD Renamer メッセージ:入力が変更されました。 場所:新しい番号 変更データ:M1200|->
2020-01-28 16:18:52.9190|TRACE| 発生元:iCAD Renamer メッセージ:ICAD_Renamerを終了しました。|->
