2020-02-04 21:10:36.5873|TRACE| 発生元:iCAD Renamer メッセージ:ICAD_Renamerを開始しました。|->
2020-02-04 21:11:21.0320|TRACE| 発生元:iCAD Renamer メッセージ:入力が変更されました。 場所:新しい番号 変更データ:M1200|->
2020-02-04 21:11:29.0895|TRACE| 発生元:iCAD Renamer メッセージ:入力が変更されました。 場所:署名 変更データ:木下|->
2020-02-04 21:11:42.8349|INFO| 発生元:iCAD Renamer メッセージ:フォルダが選択されました。 場所: 変更データ:D:\M1161_三菱自工#2号機|->
2020-02-04 21:11:48.7673|INFO| 発生元:iCAD Renamer メッセージ:フォルダが選択されました。 場所: 変更データ:D:\M1200|->
2020-02-04 21:12:22.7341|INFO| 発生元:iCAD Renamer メッセージ:フォルダが選択されました。 場所: 変更データ:D:\M1200|->
2020-02-04 21:13:17.8504|INFO| 発生元:iCAD Renamer メッセージ:フォルダが選択されました。 場所: 変更データ:D:\M1200|->
2020-02-04 21:13:23.2706|INFO| 発生元:iCAD Renamer メッセージ:フォルダが選択されました。 場所: 変更データ:D:\M1161_三菱自工#2号機|->
2020-02-04 21:13:25.5954|TRACE| 発生元:変換進捗 メッセージ:変換進捗を開始しました。 コピー元:D:\M1161_三菱自工#2号機 コピー先:D:\M1200 新番号:M1200 署名:木下|->
2020-02-04 22:22:56.0507|TRACE| 発生元:iCAD Renamer メッセージ:ICAD_Renamerを開始しました。|->
2020-02-04 22:22:59.9397|TRACE| 発生元:iCAD Renamer メッセージ:入力が変更されました。 場所:新しい番号 変更データ:M1200|->
2020-02-04 22:23:03.0162|TRACE| 発生元:iCAD Renamer メッセージ:入力が変更されました。 場所:署名 変更データ:木下|->
2020-02-04 22:23:09.0699|INFO| 発生元:iCAD Renamer メッセージ:フォルダが選択されました。 場所: 変更データ:D:\M1161_三菱自工#2号機|->
2020-02-04 22:23:14.1128|INFO| 発生元:iCAD Renamer メッセージ:フォルダが選択されました。 場所: 変更データ:D:\M1200|->
2020-02-04 22:23:16.4383|TRACE| 発生元:変換進捗 メッセージ:変換進捗を開始しました。 コピー元:D:\M1161_三菱自工#2号機 コピー先:D:\M1200 新番号:M1200 署名:木下|->
2020-02-04 23:24:52.6721|TRACE| 発生元:iCAD Renamer メッセージ:ICAD_Renamerを開始しました。|->
2020-02-04 23:24:57.6524|TRACE| 発生元:iCAD Renamer メッセージ:入力が変更されました。 場所:新しい番号 変更データ:M1200|->
2020-02-04 23:24:59.9040|TRACE| 発生元:iCAD Renamer メッセージ:入力が変更されました。 場所:署名 変更データ:木下|->
2020-02-04 23:25:05.8885|INFO| 発生元:iCAD Renamer メッセージ:フォルダが選択されました。 場所: 変更データ:D:\M1161_三菱自工#2号機|->
2020-02-04 23:25:10.0966|INFO| 発生元:iCAD Renamer メッセージ:フォルダが選択されました。 場所: 変更データ:D:\M1200|->
2020-02-04 23:25:11.0405|TRACE| 発生元:変換進捗 メッセージ:変換進捗を開始しました。 コピー元:D:\M1161_三菱自工#2号機 コピー先:D:\M1200 新番号:M1200 署名:木下|->
2020-02-04 23:36:04.4383|TRACE| 発生元:iCAD Renamer メッセージ:ICAD_Renamerを開始しました。|->
2020-02-04 23:36:13.3022|TRACE| 発生元:iCAD Renamer メッセージ:入力が変更されました。 場所:新しい番号 変更データ:M1200|->
2020-02-04 23:36:15.3686|TRACE| 発生元:iCAD Renamer メッセージ:入力が変更されました。 場所:署名 変更データ:木下|->
2020-02-04 23:36:27.0751|INFO| 発生元:iCAD Renamer メッセージ:フォルダが選択されました。 場所: 変更データ:D:\M1161_三菱自工#2号機|->
2020-02-04 23:36:31.4017|INFO| 発生元:iCAD Renamer メッセージ:フォルダが選択されました。 場所: 変更データ:D:\M1200|->
2020-02-04 23:36:32.3271|TRACE| 発生元:変換進捗 メッセージ:変換進捗を開始しました。 コピー元:D:\M1161_三菱自工#2号機 コピー先:D:\M1200 新番号:M1200 署名:木下|->
