2020-02-02 10:15:56.8823|TRACE| 発生元:iCAD Renamer メッセージ:ICAD_Renamerを開始しました。|->
2020-02-02 10:16:03.4929|TRACE| 発生元:iCAD Renamer メッセージ:入力が変更されました。 場所:新しい番号 変更データ:M1200|->
2020-02-02 10:16:06.1895|TRACE| 発生元:iCAD Renamer メッセージ:入力が変更されました。 場所:署名 変更データ:木下|->
2020-02-02 10:16:16.0981|INFO| 発生元:iCAD Renamer メッセージ:フォルダが選択されました。 場所: 変更データ:D:\M1161_三菱自工#2号機|->
2020-02-02 10:16:24.0898|INFO| 発生元:iCAD Renamer メッセージ:フォルダが選択されました。 場所: 変更データ:D:\M1200|->
2020-02-02 10:16:43.9913|INFO| 発生元:iCAD Renamer メッセージ:フォルダが選択されました。 場所: 変更データ:D:\M1200|->
2020-02-02 10:16:51.0291|TRACE| 発生元:変換進捗 メッセージ:変換進捗を開始しました。 コピー元:D:\M1161_三菱自工#2号機 コピー先:D:\M1200 新番号:M1200 署名:木下|->
2020-02-02 10:40:19.3742|TRACE| 発生元:iCAD Renamer メッセージ:ICAD_Renamerを開始しました。|->
2020-02-02 10:40:24.8333|TRACE| 発生元:iCAD Renamer メッセージ:入力が変更されました。 場所:新しい番号 変更データ:M1200|->
2020-02-02 10:40:29.9759|TRACE| 発生元:iCAD Renamer メッセージ:入力が変更されました。 場所:署名 変更データ:木下|->
2020-02-02 10:40:37.1381|INFO| 発生元:iCAD Renamer メッセージ:フォルダが選択されました。 場所: 変更データ:D:\M1161_三菱自工#2号機|->
2020-02-02 10:40:42.1762|INFO| 発生元:iCAD Renamer メッセージ:フォルダが選択されました。 場所: 変更データ:D:\M1200|->
2020-02-02 10:41:03.0563|INFO| 発生元:iCAD Renamer メッセージ:フォルダが選択されました。 場所: 変更データ:D:\M1200|->
2020-02-02 10:41:08.3848|TRACE| 発生元:変換進捗 メッセージ:変換進捗を開始しました。 コピー元:D:\M1161_三菱自工#2号機 コピー先:D:\M1200 新番号:M1200 署名:木下|->
2020-02-02 10:59:45.9653|TRACE| 発生元:iCAD Renamer メッセージ:ICAD_Renamerを開始しました。|->
2020-02-02 10:59:49.2768|TRACE| 発生元:iCAD Renamer メッセージ:入力が変更されました。 場所:新しい番号 変更データ:M1200|->
2020-02-02 10:59:52.3990|TRACE| 発生元:iCAD Renamer メッセージ:入力が変更されました。 場所:署名 変更データ:木下|->
2020-02-02 10:59:57.9739|TRACE| 発生元:iCAD Renamer メッセージ:ICAD_Renamerを終了しました。|->
2020-02-02 11:07:29.6803|TRACE| 発生元:iCAD Renamer メッセージ:ICAD_Renamerを開始しました。|->
2020-02-02 11:07:35.5959|TRACE| 発生元:iCAD Renamer メッセージ:入力が変更されました。 場所:新しい番号 変更データ:M1200|->
2020-02-02 11:07:38.6903|TRACE| 発生元:iCAD Renamer メッセージ:入力が変更されました。 場所:署名 変更データ:木下|->
2020-02-02 11:07:46.5159|INFO| 発生元:iCAD Renamer メッセージ:フォルダが選択されました。 場所: 変更データ:D:\M1161_三菱自工#2号機|->
2020-02-02 11:07:52.3139|INFO| 発生元:iCAD Renamer メッセージ:フォルダが選択されました。 場所: 変更データ:D:\M1200|->
2020-02-02 11:07:53.8935|TRACE| 発生元:変換進捗 メッセージ:変換進捗を開始しました。 コピー元:D:\M1161_三菱自工#2号機 コピー先:D:\M1200 新番号:M1200 署名:木下|->
2020-02-02 11:10:57.0133|TRACE| 発生元:iCAD Renamer メッセージ:ICAD_Renamerを開始しました。|->
2020-02-02 11:11:00.3839|TRACE| 発生元:iCAD Renamer メッセージ:入力が変更されました。 場所:新しい番号 変更データ:M1200|->
2020-02-02 11:11:03.4916|TRACE| 発生元:iCAD Renamer メッセージ:入力が変更されました。 場所:署名 変更データ:木下|->
2020-02-02 11:11:09.3814|INFO| 発生元:iCAD Renamer メッセージ:フォルダが選択されました。 場所: 変更データ:D:\M1124_KB治具 - コピー|->
2020-02-02 11:11:14.6605|INFO| 発生元:iCAD Renamer メッセージ:フォルダが選択されました。 場所: 変更データ:D:\M1200|->
2020-02-02 11:11:16.0646|TRACE| 発生元:変換進捗 メッセージ:変換進捗を開始しました。 コピー元:D:\M1124_KB治具 - コピー コピー先:D:\M1200 新番号:M1200 署名:木下|->
2020-02-02 11:15:43.4291|TRACE| 発生元:iCAD Renamer メッセージ:ICAD_Renamerを開始しました。|->
2020-02-02 11:15:58.5265|TRACE| 発生元:iCAD Renamer メッセージ:入力が変更されました。 場所:新しい番号 変更データ:M1200|->
2020-02-02 11:16:03.4235|TRACE| 発生元:iCAD Renamer メッセージ:入力が変更されました。 場所:署名 変更データ:木下|->
2020-02-02 11:16:09.1781|INFO| 発生元:iCAD Renamer メッセージ:フォルダが選択されました。 場所: 変更データ:D:\M1124_KB治具 - コピー|->
2020-02-02 11:16:14.2242|INFO| 発生元:iCAD Renamer メッセージ:フォルダが選択されました。 場所: 変更データ:D:\M1200|->
2020-02-02 11:16:15.5387|TRACE| 発生元:変換進捗 メッセージ:変換進捗を開始しました。 コピー元:D:\M1124_KB治具 - コピー コピー先:D:\M1200 新番号:M1200 署名:木下|->
2020-02-02 12:14:10.8888|TRACE| 発生元:iCAD Renamer メッセージ:ICAD_Renamerを開始しました。|->
2020-02-02 12:14:13.7596|TRACE| 発生元:iCAD Renamer メッセージ:入力が変更されました。 場所:新しい番号 変更データ:M1200|->
2020-02-02 12:14:16.9130|TRACE| 発生元:iCAD Renamer メッセージ:入力が変更されました。 場所:署名 変更データ:木下|->
2020-02-02 12:14:23.1263|INFO| 発生元:iCAD Renamer メッセージ:フォルダが選択されました。 場所: 変更データ:D:\M1124_KB治具 - コピー|->
2020-02-02 12:14:29.5678|INFO| 発生元:iCAD Renamer メッセージ:フォルダが選択されました。 場所: 変更データ:D:\M1200|->
2020-02-02 12:14:30.4244|TRACE| 発生元:変換進捗 メッセージ:変換進捗を開始しました。 コピー元:D:\M1124_KB治具 - コピー コピー先:D:\M1200 新番号:M1200 署名:木下|->
2020-02-02 12:16:43.6721|TRACE| 発生元:iCAD Renamer メッセージ:ICAD_Renamerを開始しました。|->
2020-02-02 12:16:48.8028|TRACE| 発生元:iCAD Renamer メッセージ:入力が変更されました。 場所:新しい番号 変更データ:M1200|->
2020-02-02 12:16:52.8240|TRACE| 発生元:iCAD Renamer メッセージ:入力が変更されました。 場所:署名 変更データ:木下|->
2020-02-02 12:16:58.2684|INFO| 発生元:iCAD Renamer メッセージ:フォルダが選択されました。 場所: 変更データ:D:\M1124_KB治具 - コピー|->
2020-02-02 12:17:03.0583|INFO| 発生元:iCAD Renamer メッセージ:フォルダが選択されました。 場所: 変更データ:D:\M1200|->
2020-02-02 12:17:04.7199|TRACE| 発生元:変換進捗 メッセージ:変換進捗を開始しました。 コピー元:D:\M1124_KB治具 - コピー コピー先:D:\M1200 新番号:M1200 署名:木下|->
2020-02-02 12:24:41.3803|TRACE| 発生元:iCAD Renamer メッセージ:ICAD_Renamerを開始しました。|->
2020-02-02 12:24:44.4557|TRACE| 発生元:iCAD Renamer メッセージ:入力が変更されました。 場所:新しい番号 変更データ:M1200|->
2020-02-02 12:24:47.5102|TRACE| 発生元:iCAD Renamer メッセージ:入力が変更されました。 場所:署名 変更データ:木下|->
2020-02-02 12:24:58.9047|INFO| 発生元:iCAD Renamer メッセージ:フォルダが選択されました。 場所: 変更データ:D:\M1124_KB治具 - コピー|->
2020-02-02 12:25:06.2388|INFO| 発生元:iCAD Renamer メッセージ:フォルダが選択されました。 場所: 変更データ:D:\M1200|->
2020-02-02 12:25:07.2579|TRACE| 発生元:変換進捗 メッセージ:変換進捗を開始しました。 コピー元:D:\M1124_KB治具 - コピー コピー先:D:\M1200 新番号:M1200 署名:木下|->
2020-02-02 12:28:31.6038|TRACE| 発生元:iCAD Renamer メッセージ:ICAD_Renamerを開始しました。|->
2020-02-02 12:28:34.2048|TRACE| 発生元:iCAD Renamer メッセージ:入力が変更されました。 場所:新しい番号 変更データ:M1200|->
2020-02-02 12:28:37.1059|TRACE| 発生元:iCAD Renamer メッセージ:入力が変更されました。 場所:署名 変更データ:木下|->
2020-02-02 12:28:43.8013|INFO| 発生元:iCAD Renamer メッセージ:フォルダが選択されました。 場所: 変更データ:D:\M1124_KB治具 - コピー|->
2020-02-02 12:28:49.7193|INFO| 発生元:iCAD Renamer メッセージ:フォルダが選択されました。 場所: 変更データ:D:\M1200|->
2020-02-02 12:28:54.0239|TRACE| 発生元:変換進捗 メッセージ:変換進捗を開始しました。 コピー元:D:\M1124_KB治具 - コピー コピー先:D:\M1200 新番号:M1200 署名:木下|->
2020-02-02 12:33:42.9898|TRACE| 発生元:iCAD Renamer メッセージ:ICAD_Renamerを開始しました。|->
2020-02-02 12:33:47.3667|TRACE| 発生元:iCAD Renamer メッセージ:入力が変更されました。 場所:新しい番号 変更データ:M1200|->
2020-02-02 12:33:50.0823|TRACE| 発生元:iCAD Renamer メッセージ:入力が変更されました。 場所:署名 変更データ:木下|->
2020-02-02 12:33:57.6178|INFO| 発生元:iCAD Renamer メッセージ:フォルダが選択されました。 場所: 変更データ:D:\M1124_KB治具 - コピー|->
2020-02-02 12:34:03.0344|INFO| 発生元:iCAD Renamer メッセージ:フォルダが選択されました。 場所: 変更データ:D:\M1200|->
2020-02-02 12:34:04.0321|TRACE| 発生元:変換進捗 メッセージ:変換進捗を開始しました。 コピー元:D:\M1124_KB治具 - コピー コピー先:D:\M1200 新番号:M1200 署名:木下|->
2020-02-02 12:35:47.3994|TRACE| 発生元:iCAD Renamer メッセージ:ICAD_Renamerを開始しました。|->
2020-02-02 12:35:50.8370|TRACE| 発生元:iCAD Renamer メッセージ:入力が変更されました。 場所:新しい番号 変更データ:M1200|->
2020-02-02 12:35:54.5792|TRACE| 発生元:iCAD Renamer メッセージ:入力が変更されました。 場所:署名 変更データ:木下|->
2020-02-02 12:36:01.4402|INFO| 発生元:iCAD Renamer メッセージ:フォルダが選択されました。 場所: 変更データ:D:\M1124_KB治具 - コピー|->
2020-02-02 12:36:06.4602|INFO| 発生元:iCAD Renamer メッセージ:フォルダが選択されました。 場所: 変更データ:D:\M1200|->
2020-02-02 12:36:07.3773|TRACE| 発生元:変換進捗 メッセージ:変換進捗を開始しました。 コピー元:D:\M1124_KB治具 - コピー コピー先:D:\M1200 新番号:M1200 署名:木下|->
2020-02-02 12:39:14.4794|TRACE| 発生元:iCAD Renamer メッセージ:ICAD_Renamerを開始しました。|->
2020-02-02 12:39:17.5417|TRACE| 発生元:iCAD Renamer メッセージ:入力が変更されました。 場所:新しい番号 変更データ:M1200|->
2020-02-02 12:39:19.8899|TRACE| 発生元:iCAD Renamer メッセージ:入力が変更されました。 場所:署名 変更データ:木下|->
2020-02-02 12:39:28.1487|INFO| 発生元:iCAD Renamer メッセージ:フォルダが選択されました。 場所: 変更データ:D:\M1124_KB治具 - コピー|->
2020-02-02 12:39:33.3260|INFO| 発生元:iCAD Renamer メッセージ:フォルダが選択されました。 場所: 変更データ:D:\M1200|->
2020-02-02 12:39:35.3222|TRACE| 発生元:変換進捗 メッセージ:変換進捗を開始しました。 コピー元:D:\M1124_KB治具 - コピー コピー先:D:\M1200 新番号:M1200 署名:木下|->
2020-02-02 13:02:36.9793|TRACE| 発生元:iCAD Renamer メッセージ:ICAD_Renamerを開始しました。|->
2020-02-02 13:02:37.9973|TRACE| 発生元:iCAD Renamer メッセージ:ICAD_Renamerを終了しました。|->
2020-02-02 13:19:37.3901|TRACE| 発生元:iCAD Renamer メッセージ:ICAD_Renamerを開始しました。|->
2020-02-02 13:19:40.5343|TRACE| 発生元:iCAD Renamer メッセージ:入力が変更されました。 場所:新しい番号 変更データ:M1200|->
2020-02-02 13:19:44.0876|TRACE| 発生元:iCAD Renamer メッセージ:入力が変更されました。 場所:署名 変更データ:木下|->
2020-02-02 13:19:50.4799|INFO| 発生元:iCAD Renamer メッセージ:フォルダが選択されました。 場所: 変更データ:D:\M1124_KB治具 - コピー|->
2020-02-02 13:19:56.1767|INFO| 発生元:iCAD Renamer メッセージ:フォルダが選択されました。 場所: 変更データ:D:\M1200|->
2020-02-02 13:20:14.6837|INFO| 発生元:iCAD Renamer メッセージ:フォルダが選択されました。 場所: 変更データ:D:\M1200|->
2020-02-02 13:20:16.0402|TRACE| 発生元:変換進捗 メッセージ:変換進捗を開始しました。 コピー元:D:\M1124_KB治具 - コピー コピー先:D:\M1200 新番号:M1200 署名:木下|->
2020-02-02 13:23:07.3252|TRACE| 発生元:iCAD Renamer メッセージ:ICAD_Renamerを開始しました。|->
2020-02-02 13:23:10.6446|TRACE| 発生元:iCAD Renamer メッセージ:入力が変更されました。 場所:新しい番号 変更データ:M1200|->
2020-02-02 13:23:12.9968|TRACE| 発生元:iCAD Renamer メッセージ:入力が変更されました。 場所:署名 変更データ:木下|->
2020-02-02 13:23:18.0146|TRACE| 発生元:iCAD Renamer メッセージ:選択したフォルダにはICADファイルがありません。 ファイルパス:D:\M1200|->
2020-02-02 13:23:27.1680|INFO| 発生元:iCAD Renamer メッセージ:フォルダが選択されました。 場所: 変更データ:D:\M1124_KB治具 - コピー|->
2020-02-02 13:23:31.7344|INFO| 発生元:iCAD Renamer メッセージ:フォルダが選択されました。 場所: 変更データ:D:\M1200|->
2020-02-02 13:23:33.2228|TRACE| 発生元:変換進捗 メッセージ:変換進捗を開始しました。 コピー元:D:\M1124_KB治具 - コピー コピー先:D:\M1200 新番号:M1200 署名:木下|->
2020-02-02 13:27:07.5630|TRACE| 発生元:iCAD Renamer メッセージ:ICAD_Renamerを開始しました。|->
2020-02-02 13:27:10.5314|TRACE| 発生元:iCAD Renamer メッセージ:入力が変更されました。 場所:新しい番号 変更データ:M1200|->
2020-02-02 13:27:14.7914|TRACE| 発生元:iCAD Renamer メッセージ:入力が変更されました。 場所:署名 変更データ:木下|->
2020-02-02 13:27:20.0146|INFO| 発生元:iCAD Renamer メッセージ:フォルダが選択されました。 場所: 変更データ:D:\M1124_KB治具 - コピー|->
2020-02-02 13:27:24.8886|INFO| 発生元:iCAD Renamer メッセージ:フォルダが選択されました。 場所: 変更データ:D:\M1200|->
2020-02-02 13:27:26.0770|TRACE| 発生元:変換進捗 メッセージ:変換進捗を開始しました。 コピー元:D:\M1124_KB治具 - コピー コピー先:D:\M1200 新番号:M1200 署名:木下|->
2020-02-02 13:29:46.5882|TRACE| 発生元:iCAD Renamer メッセージ:ICAD_Renamerを開始しました。|->
2020-02-02 13:29:53.5680|TRACE| 発生元:iCAD Renamer メッセージ:入力が変更されました。 場所:新しい番号 変更データ:M1200|->
2020-02-02 13:29:56.5071|TRACE| 発生元:iCAD Renamer メッセージ:入力が変更されました。 場所:署名 変更データ:木下|->
2020-02-02 13:30:02.3852|INFO| 発生元:iCAD Renamer メッセージ:フォルダが選択されました。 場所: 変更データ:D:\M1124_KB治具 - コピー|->
2020-02-02 13:30:07.8718|INFO| 発生元:iCAD Renamer メッセージ:フォルダが選択されました。 場所: 変更データ:D:\M1200|->
2020-02-02 13:30:10.5354|TRACE| 発生元:変換進捗 メッセージ:変換進捗を開始しました。 コピー元:D:\M1124_KB治具 - コピー コピー先:D:\M1200 新番号:M1200 署名:木下|->
2020-02-02 13:33:53.0466|TRACE| 発生元:iCAD Renamer メッセージ:ICAD_Renamerを開始しました。|->
2020-02-02 13:33:57.6765|TRACE| 発生元:iCAD Renamer メッセージ:入力が変更されました。 場所:新しい番号 変更データ:M1200|->
2020-02-02 13:34:00.6832|TRACE| 発生元:iCAD Renamer メッセージ:入力が変更されました。 場所:署名 変更データ:木下|->
2020-02-02 13:34:05.3977|INFO| 発生元:iCAD Renamer メッセージ:フォルダが選択されました。 場所: 変更データ:D:\M1124_KB治具 - コピー|->
2020-02-02 13:34:10.1857|INFO| 発生元:iCAD Renamer メッセージ:フォルダが選択されました。 場所: 変更データ:D:\M1200|->
2020-02-02 13:34:11.1962|TRACE| 発生元:変換進捗 メッセージ:変換進捗を開始しました。 コピー元:D:\M1124_KB治具 - コピー コピー先:D:\M1200 新番号:M1200 署名:木下|->
2020-02-02 13:56:10.4060|TRACE| 発生元:iCAD Renamer メッセージ:ICAD_Renamerを開始しました。|->
2020-02-02 13:56:14.1760|TRACE| 発生元:iCAD Renamer メッセージ:入力が変更されました。 場所:新しい番号 変更データ:M1200|->
2020-02-02 13:56:16.5409|TRACE| 発生元:iCAD Renamer メッセージ:入力が変更されました。 場所:署名 変更データ:木下|->
2020-02-02 13:56:25.6059|INFO| 発生元:iCAD Renamer メッセージ:フォルダが選択されました。 場所: 変更データ:D:\M1124_KB治具 - コピー|->
2020-02-02 13:56:25.6299|INFO| 発生元:iCAD Renamer メッセージ:フォルダが選択されました。 場所: 変更データ:D:\|->
2020-02-02 13:56:25.6669|TRACE| 発生元:iCAD Renamer メッセージ:ファイルが取得できません。アクセス権のないフォルダです。 場所: 変更データ:D:\|->
2020-02-02 13:56:31.8315|INFO| 発生元:iCAD Renamer メッセージ:フォルダが選択されました。 場所: 変更データ:D:\M1200|->
2020-02-02 13:56:38.1922|TRACE| 発生元:iCAD Renamer メッセージ:選択したフォルダにはICADファイルがありません。 ファイルパス:D:\M1200|->
2020-02-02 13:56:48.4387|INFO| 発生元:iCAD Renamer メッセージ:フォルダが選択されました。 場所: 変更データ:D:\M1124_KB治具 - コピー|->
2020-02-02 13:56:53.0692|TRACE| 発生元:変換進捗 メッセージ:変換進捗を開始しました。 コピー元:D:\M1124_KB治具 - コピー コピー先:D:\M1200 新番号:M1200 署名:木下|->
2020-02-02 14:12:59.5351|TRACE| 発生元:iCAD Renamer メッセージ:ICAD_Renamerを開始しました。|->
2020-02-02 14:13:02.5034|TRACE| 発生元:iCAD Renamer メッセージ:入力が変更されました。 場所:新しい番号 変更データ:M1200|->
2020-02-02 14:13:06.3472|TRACE| 発生元:iCAD Renamer メッセージ:入力が変更されました。 場所:署名 変更データ:木下|->
2020-02-02 14:13:12.5458|INFO| 発生元:iCAD Renamer メッセージ:フォルダが選択されました。 場所: 変更データ:D:\|->
2020-02-02 14:13:12.6108|TRACE| 発生元:iCAD Renamer メッセージ:ファイルが取得できません。アクセス権のないフォルダです。 場所: 変更データ:D:\|->
2020-02-02 14:13:19.7791|INFO| 発生元:iCAD Renamer メッセージ:フォルダが選択されました。 場所: 変更データ:D:\M1124_KB治具 - コピー|->
2020-02-02 14:13:25.0830|INFO| 発生元:iCAD Renamer メッセージ:フォルダが選択されました。 場所: 変更データ:D:\M1200|->
2020-02-02 14:13:26.0744|TRACE| 発生元:変換進捗 メッセージ:変換進捗を開始しました。 コピー元:D:\M1124_KB治具 - コピー コピー先:D:\M1200 新番号:M1200 署名:木下|->
2020-02-02 14:22:54.2588|TRACE| 発生元:iCAD Renamer メッセージ:ICAD_Renamerを開始しました。|->
2020-02-02 14:22:57.5271|TRACE| 発生元:iCAD Renamer メッセージ:入力が変更されました。 場所:新しい番号 変更データ:M1200|->
2020-02-02 14:23:01.2496|TRACE| 発生元:iCAD Renamer メッセージ:入力が変更されました。 場所:署名 変更データ:木下|->
2020-02-02 14:23:06.8929|INFO| 発生元:iCAD Renamer メッセージ:フォルダが選択されました。 場所: 変更データ:D:\M1124_KB治具 - コピー|->
2020-02-02 14:23:11.7066|INFO| 発生元:iCAD Renamer メッセージ:フォルダが選択されました。 場所: 変更データ:D:\M1200|->
2020-02-02 14:23:14.5439|TRACE| 発生元:変換進捗 メッセージ:変換進捗を開始しました。 コピー元:D:\M1124_KB治具 - コピー コピー先:D:\M1200 新番号:M1200 署名:木下|->
2020-02-02 14:27:43.1787|TRACE| 発生元:iCAD Renamer メッセージ:ICAD_Renamerを開始しました。|->
2020-02-02 14:27:47.1623|TRACE| 発生元:iCAD Renamer メッセージ:入力が変更されました。 場所:新しい番号 変更データ:M1200|->
2020-02-02 14:27:49.6151|TRACE| 発生元:iCAD Renamer メッセージ:入力が変更されました。 場所:署名 変更データ:木下|->
2020-02-02 14:27:55.7546|INFO| 発生元:iCAD Renamer メッセージ:フォルダが選択されました。 場所: 変更データ:D:\M1124_KB治具 - コピー|->
2020-02-02 14:28:01.4050|INFO| 発生元:iCAD Renamer メッセージ:フォルダが選択されました。 場所: 変更データ:D:\M1200|->
2020-02-02 14:28:26.1489|TRACE| 発生元:変換進捗 メッセージ:変換進捗を開始しました。 コピー元:D:\M1124_KB治具 - コピー コピー先:D:\M1200 新番号:M1200 署名:木下|->
2020-02-02 14:33:06.6975|TRACE| 発生元:iCAD Renamer メッセージ:ICAD_Renamerを開始しました。|->
2020-02-02 14:33:14.8183|TRACE| 発生元:iCAD Renamer メッセージ:入力が変更されました。 場所:新しい番号 変更データ:M1200|->
2020-02-02 14:33:18.1020|TRACE| 発生元:iCAD Renamer メッセージ:入力が変更されました。 場所:署名 変更データ:木下|->
2020-02-02 14:33:29.2788|INFO| 発生元:iCAD Renamer メッセージ:フォルダが選択されました。 場所: 変更データ:D:\M1124_KB治具 - コピー|->
2020-02-02 14:33:38.7418|INFO| 発生元:iCAD Renamer メッセージ:フォルダが選択されました。 場所: 変更データ:D:\M1200|->
2020-02-02 14:33:40.2412|TRACE| 発生元:変換進捗 メッセージ:変換進捗を開始しました。 コピー元:D:\M1124_KB治具 - コピー コピー先:D:\M1200 新番号:M1200 署名:木下|->
2020-02-02 16:00:09.0594|TRACE| 発生元:iCAD Renamer メッセージ:ICAD_Renamerを開始しました。|->
2020-02-02 16:00:14.1943|TRACE| 発生元:iCAD Renamer メッセージ:入力が変更されました。 場所:新しい番号 変更データ:M1200|->
2020-02-02 16:00:17.2140|TRACE| 発生元:iCAD Renamer メッセージ:入力が変更されました。 場所:署名 変更データ:木下|->
2020-02-02 16:00:23.9518|INFO| 発生元:iCAD Renamer メッセージ:フォルダが選択されました。 場所: 変更データ:D:\M1161_三菱自工#2号機|->
2020-02-02 16:00:30.7761|INFO| 発生元:iCAD Renamer メッセージ:フォルダが選択されました。 場所: 変更データ:D:\M1200|->
2020-02-02 16:00:32.8776|TRACE| 発生元:変換進捗 メッセージ:変換進捗を開始しました。 コピー元:D:\M1161_三菱自工#2号機 コピー先:D:\M1200 新番号:M1200 署名:木下|->
2020-02-02 16:29:45.5697|TRACE| 発生元:iCAD Renamer メッセージ:ICAD_Renamerを開始しました。|->
2020-02-02 16:29:56.6605|TRACE| 発生元:iCAD Renamer メッセージ:入力が変更されました。 場所:新しい番号 変更データ:M1200|->
2020-02-02 16:29:58.9849|TRACE| 発生元:iCAD Renamer メッセージ:入力が変更されました。 場所:署名 変更データ:木下|->
2020-02-02 16:30:05.2234|INFO| 発生元:iCAD Renamer メッセージ:フォルダが選択されました。 場所: 変更データ:D:\M1161_三菱自工#2号機|->
2020-02-02 16:30:11.1769|INFO| 発生元:iCAD Renamer メッセージ:フォルダが選択されました。 場所: 変更データ:D:\M1200|->
2020-02-02 16:30:15.1223|TRACE| 発生元:変換進捗 メッセージ:変換進捗を開始しました。 コピー元:D:\M1161_三菱自工#2号機 コピー先:D:\M1200 新番号:M1200 署名:木下|->
2020-02-02 17:01:52.5180|TRACE| 発生元:iCAD Renamer メッセージ:ICAD_Renamerを開始しました。|->
2020-02-02 17:01:56.6386|TRACE| 発生元:iCAD Renamer メッセージ:入力が変更されました。 場所:新しい番号 変更データ:M1200|->
2020-02-02 17:01:59.4574|TRACE| 発生元:iCAD Renamer メッセージ:入力が変更されました。 場所:署名 変更データ:木下|->
2020-02-02 17:02:07.2616|INFO| 発生元:iCAD Renamer メッセージ:フォルダが選択されました。 場所: 変更データ:D:\M1161_三菱自工#2号機|->
2020-02-02 17:02:13.6523|INFO| 発生元:iCAD Renamer メッセージ:フォルダが選択されました。 場所: 変更データ:D:\M1200|->
2020-02-02 17:02:16.9083|TRACE| 発生元:変換進捗 メッセージ:変換進捗を開始しました。 コピー元:D:\M1161_三菱自工#2号機 コピー先:D:\M1200 新番号:M1200 署名:木下|->
2020-02-02 17:17:56.5542|TRACE| 発生元:iCAD Renamer メッセージ:ICAD_Renamerを開始しました。|->
2020-02-02 17:18:01.6707|TRACE| 発生元:iCAD Renamer メッセージ:入力が変更されました。 場所:新しい番号 変更データ:M1200|->
2020-02-02 17:18:05.2924|TRACE| 発生元:iCAD Renamer メッセージ:入力が変更されました。 場所:署名 変更データ:木下|->
2020-02-02 17:18:12.1048|INFO| 発生元:iCAD Renamer メッセージ:フォルダが選択されました。 場所: 変更データ:D:\M1161_三菱自工#2号機|->
2020-02-02 17:18:17.8118|INFO| 発生元:iCAD Renamer メッセージ:フォルダが選択されました。 場所: 変更データ:D:\M1200|->
2020-02-02 17:18:18.9564|TRACE| 発生元:変換進捗 メッセージ:変換進捗を開始しました。 コピー元:D:\M1161_三菱自工#2号機 コピー先:D:\M1200 新番号:M1200 署名:木下|->
2020-02-02 17:34:29.6087|TRACE| 発生元:iCAD Renamer メッセージ:ICAD_Renamerを開始しました。|->
2020-02-02 17:34:35.7314|TRACE| 発生元:iCAD Renamer メッセージ:入力が変更されました。 場所:新しい番号 変更データ:M1200|->
2020-02-02 17:34:38.8824|TRACE| 発生元:iCAD Renamer メッセージ:入力が変更されました。 場所:署名 変更データ:木下|->
2020-02-02 17:34:45.7604|INFO| 発生元:iCAD Renamer メッセージ:フォルダが選択されました。 場所: 変更データ:D:\M1161_三菱自工#2号機|->
2020-02-02 17:34:51.2467|INFO| 発生元:iCAD Renamer メッセージ:フォルダが選択されました。 場所: 変更データ:D:\M1200|->
2020-02-02 17:34:52.9186|TRACE| 発生元:変換進捗 メッセージ:変換進捗を開始しました。 コピー元:D:\M1161_三菱自工#2号機 コピー先:D:\M1200 新番号:M1200 署名:木下|->
2020-02-02 17:44:10.5569|TRACE| 発生元:iCAD Renamer メッセージ:ICAD_Renamerを開始しました。|->
2020-02-02 17:44:14.4197|TRACE| 発生元:iCAD Renamer メッセージ:入力が変更されました。 場所:新しい番号 変更データ:M1200|->
2020-02-02 17:44:16.9873|TRACE| 発生元:iCAD Renamer メッセージ:入力が変更されました。 場所:署名 変更データ:木下|->
2020-02-02 17:44:23.7160|INFO| 発生元:iCAD Renamer メッセージ:フォルダが選択されました。 場所: 変更データ:D:\M1161_三菱自工#2号機|->
2020-02-02 17:44:29.4916|INFO| 発生元:iCAD Renamer メッセージ:フォルダが選択されました。 場所: 変更データ:D:\M1200|->
2020-02-02 17:44:31.7531|TRACE| 発生元:変換進捗 メッセージ:変換進捗を開始しました。 コピー元:D:\M1161_三菱自工#2号機 コピー先:D:\M1200 新番号:M1200 署名:木下|->
2020-02-02 18:02:55.6853|TRACE| 発生元:iCAD Renamer メッセージ:ICAD_Renamerを開始しました。|->
2020-02-02 18:03:00.3820|TRACE| 発生元:iCAD Renamer メッセージ:入力が変更されました。 場所:新しい番号 変更データ:M1200|->
2020-02-02 18:03:03.7973|TRACE| 発生元:iCAD Renamer メッセージ:入力が変更されました。 場所:署名 変更データ:木下|->
2020-02-02 18:03:11.1042|INFO| 発生元:iCAD Renamer メッセージ:フォルダが選択されました。 場所: 変更データ:D:\M1161_三菱自工#2号機|->
2020-02-02 18:03:17.9052|INFO| 発生元:iCAD Renamer メッセージ:フォルダが選択されました。 場所: 変更データ:D:\M1200|->
2020-02-02 18:03:28.3477|TRACE| 発生元:変換進捗 メッセージ:変換進捗を開始しました。 コピー元:D:\M1161_三菱自工#2号機 コピー先:D:\M1200 新番号:M1200 署名:木下|->
2020-02-02 18:17:00.5538|TRACE| 発生元:iCAD Renamer メッセージ:ICAD_Renamerを開始しました。|->
2020-02-02 18:22:25.2784|TRACE| 発生元:iCAD Renamer メッセージ:ICAD_Renamerを開始しました。|->
2020-02-02 18:22:36.8087|TRACE| 発生元:iCAD Renamer メッセージ:入力が変更されました。 場所:新しい番号 変更データ:M1200|->
2020-02-02 18:22:39.5836|TRACE| 発生元:iCAD Renamer メッセージ:入力が変更されました。 場所:署名 変更データ:木下|->
2020-02-02 18:22:46.2991|INFO| 発生元:iCAD Renamer メッセージ:フォルダが選択されました。 場所: 変更データ:D:\M1161_三菱自工#2号機|->
2020-02-02 18:22:51.5112|INFO| 発生元:iCAD Renamer メッセージ:フォルダが選択されました。 場所: 変更データ:D:\M1200|->
2020-02-02 18:22:53.5948|TRACE| 発生元:変換進捗 メッセージ:変換進捗を開始しました。 コピー元:D:\M1161_三菱自工#2号機 コピー先:D:\M1200 新番号:M1200 署名:木下|->
2020-02-02 18:30:33.8609|TRACE| 発生元:iCAD Renamer メッセージ:ICAD_Renamerを開始しました。|->
2020-02-02 18:30:36.3829|TRACE| 発生元:iCAD Renamer メッセージ:入力が変更されました。 場所:新しい番号 変更データ:M1200|->
2020-02-02 18:30:38.6872|TRACE| 発生元:iCAD Renamer メッセージ:入力が変更されました。 場所:署名 変更データ:木下|->
2020-02-02 18:30:47.8343|INFO| 発生元:iCAD Renamer メッセージ:フォルダが選択されました。 場所: 変更データ:D:\M1161_三菱自工#2号機|->
2020-02-02 18:30:53.9515|INFO| 発生元:iCAD Renamer メッセージ:フォルダが選択されました。 場所: 変更データ:D:\M1200|->
2020-02-02 18:30:57.4502|TRACE| 発生元:変換進捗 メッセージ:変換進捗を開始しました。 コピー元:D:\M1161_三菱自工#2号機 コピー先:D:\M1200 新番号:M1200 署名:木下|->
2020-02-02 18:47:02.1324|TRACE| 発生元:iCAD Renamer メッセージ:ICAD_Renamerを開始しました。|->
2020-02-02 18:47:07.4924|TRACE| 発生元:iCAD Renamer メッセージ:入力が変更されました。 場所:新しい番号 変更データ:M1200|->
2020-02-02 18:47:11.1289|TRACE| 発生元:iCAD Renamer メッセージ:入力が変更されました。 場所:署名 変更データ:木下|->
2020-02-02 18:47:17.4876|INFO| 発生元:iCAD Renamer メッセージ:フォルダが選択されました。 場所: 変更データ:D:\M1161_三菱自工#2号機|->
2020-02-02 18:47:22.4818|INFO| 発生元:iCAD Renamer メッセージ:フォルダが選択されました。 場所: 変更データ:D:\M1200|->
2020-02-02 18:47:25.3553|TRACE| 発生元:変換進捗 メッセージ:変換進捗を開始しました。 コピー元:D:\M1161_三菱自工#2号機 コピー先:D:\M1200 新番号:M1200 署名:木下|->
2020-02-02 19:03:02.0542|TRACE| 発生元:iCAD Renamer メッセージ:ICAD_Renamerを開始しました。|->
2020-02-02 19:03:06.5263|TRACE| 発生元:iCAD Renamer メッセージ:入力が変更されました。 場所:新しい番号 変更データ:M1200|->
2020-02-02 19:03:08.5965|TRACE| 発生元:iCAD Renamer メッセージ:入力が変更されました。 場所:署名 変更データ:木下|->
2020-02-02 19:03:15.8621|INFO| 発生元:iCAD Renamer メッセージ:フォルダが選択されました。 場所: 変更データ:D:\M1161_三菱自工#2号機|->
2020-02-02 19:03:21.0902|INFO| 発生元:iCAD Renamer メッセージ:フォルダが選択されました。 場所: 変更データ:D:\M1200|->
2020-02-02 19:03:22.4787|TRACE| 発生元:変換進捗 メッセージ:変換進捗を開始しました。 コピー元:D:\M1161_三菱自工#2号機 コピー先:D:\M1200 新番号:M1200 署名:木下|->
2020-02-02 19:13:39.9916|ERROR|保存エラー|->sxnet.SxException: 読み取り専用の為、処理できません。
   場所 sxnet.SxModel.save()
   場所 ICADRenamer.RenameCommand.<ExecuteRename>g__SaveFile|60_2(<>c__DisplayClass60_0& ) 場所 C:\Users\Administrator\source\repos\takuya1971\ICADRenamer\ICADRenamer\RenameCommand.cs:行 615    場所 sxnet.SxModel.save()
   場所 ICADRenamer.RenameCommand.<ExecuteRename>g__SaveFile|60_2(<>c__DisplayClass60_0& ) 場所 C:\Users\Administrator\source\repos\takuya1971\ICADRenamer\ICADRenamer\RenameCommand.cs:行 615
2020-02-02 19:13:39.9916|ERROR|保存エラー|->sxnet.SxException: 読み取り専用の為、処理できません。
   場所 sxnet.SxModel.save()
   場所 ICADRenamer.RenameCommand.<ExecuteRename>g__SaveFile|60_2(<>c__DisplayClass60_0& ) 場所 C:\Users\Administrator\source\repos\takuya1971\ICADRenamer\ICADRenamer\RenameCommand.cs:行 615    場所 sxnet.SxModel.save()
   場所 ICADRenamer.RenameCommand.<ExecuteRename>g__SaveFile|60_2(<>c__DisplayClass60_0& ) 場所 C:\Users\Administrator\source\repos\takuya1971\ICADRenamer\ICADRenamer\RenameCommand.cs:行 615
2020-02-02 19:13:41.6598|ERROR|保存エラー|->sxnet.SxException: 読み取り専用の為、処理できません。
   場所 sxnet.SxModel.save()
   場所 ICADRenamer.RenameCommand.<ExecuteRename>g__SaveFile|60_2(<>c__DisplayClass60_0& ) 場所 C:\Users\Administrator\source\repos\takuya1971\ICADRenamer\ICADRenamer\RenameCommand.cs:行 615    場所 sxnet.SxModel.save()
   場所 ICADRenamer.RenameCommand.<ExecuteRename>g__SaveFile|60_2(<>c__DisplayClass60_0& ) 場所 C:\Users\Administrator\source\repos\takuya1971\ICADRenamer\ICADRenamer\RenameCommand.cs:行 615
2020-02-02 19:13:41.6598|ERROR|保存エラー|->sxnet.SxException: 読み取り専用の為、処理できません。
   場所 sxnet.SxModel.save()
   場所 ICADRenamer.RenameCommand.<ExecuteRename>g__SaveFile|60_2(<>c__DisplayClass60_0& ) 場所 C:\Users\Administrator\source\repos\takuya1971\ICADRenamer\ICADRenamer\RenameCommand.cs:行 615    場所 sxnet.SxModel.save()
   場所 ICADRenamer.RenameCommand.<ExecuteRename>g__SaveFile|60_2(<>c__DisplayClass60_0& ) 場所 C:\Users\Administrator\source\repos\takuya1971\ICADRenamer\ICADRenamer\RenameCommand.cs:行 615
2020-02-02 19:13:42.3098|ERROR|保存エラー|->sxnet.SxException: 読み取り専用の為、処理できません。
   場所 sxnet.SxModel.save()
   場所 ICADRenamer.RenameCommand.<ExecuteRename>g__SaveFile|60_2(<>c__DisplayClass60_0& ) 場所 C:\Users\Administrator\source\repos\takuya1971\ICADRenamer\ICADRenamer\RenameCommand.cs:行 615    場所 sxnet.SxModel.save()
   場所 ICADRenamer.RenameCommand.<ExecuteRename>g__SaveFile|60_2(<>c__DisplayClass60_0& ) 場所 C:\Users\Administrator\source\repos\takuya1971\ICADRenamer\ICADRenamer\RenameCommand.cs:行 615
2020-02-02 19:13:42.3098|ERROR|保存エラー|->sxnet.SxException: 読み取り専用の為、処理できません。
   場所 sxnet.SxModel.save()
   場所 ICADRenamer.RenameCommand.<ExecuteRename>g__SaveFile|60_2(<>c__DisplayClass60_0& ) 場所 C:\Users\Administrator\source\repos\takuya1971\ICADRenamer\ICADRenamer\RenameCommand.cs:行 615    場所 sxnet.SxModel.save()
   場所 ICADRenamer.RenameCommand.<ExecuteRename>g__SaveFile|60_2(<>c__DisplayClass60_0& ) 場所 C:\Users\Administrator\source\repos\takuya1971\ICADRenamer\ICADRenamer\RenameCommand.cs:行 615
2020-02-02 19:55:31.0379|TRACE| 発生元:iCAD Renamer メッセージ:ICAD_Renamerを開始しました。|->
2020-02-02 19:55:34.5691|TRACE| 発生元:iCAD Renamer メッセージ:入力が変更されました。 場所:新しい番号 変更データ:M1200|->
2020-02-02 19:55:36.4941|TRACE| 発生元:iCAD Renamer メッセージ:入力が変更されました。 場所:署名 変更データ:木下|->
2020-02-02 19:55:44.0074|INFO| 発生元:iCAD Renamer メッセージ:フォルダが選択されました。 場所: 変更データ:D:\M1161_三菱自工#2号機|->
2020-02-02 19:55:49.2884|INFO| 発生元:iCAD Renamer メッセージ:フォルダが選択されました。 場所: 変更データ:D:\Share|->
2020-02-02 19:55:57.7843|INFO| 発生元:iCAD Renamer メッセージ:フォルダが選択されました。 場所: 変更データ:D:\M1200|->
2020-02-02 19:56:25.9611|TRACE| 発生元:iCAD Renamer メッセージ:ICAD_Renamerを開始しました。|->
2020-02-02 19:56:30.7438|TRACE| 発生元:iCAD Renamer メッセージ:入力が変更されました。 場所:新しい番号 変更データ:M1200|->
2020-02-02 19:56:33.6991|TRACE| 発生元:iCAD Renamer メッセージ:入力が変更されました。 場所:署名 変更データ:木下|->
2020-02-02 19:56:38.5739|INFO| 発生元:iCAD Renamer メッセージ:フォルダが選択されました。 場所: 変更データ:D:\M1161_三菱自工#2号機|->
2020-02-02 19:56:43.2216|INFO| 発生元:iCAD Renamer メッセージ:フォルダが選択されました。 場所: 変更データ:D:\M1200|->
2020-02-02 19:56:47.2066|TRACE| 発生元:変換進捗 メッセージ:変換進捗を開始しました。 コピー元:D:\M1161_三菱自工#2号機 コピー先:D:\M1200 新番号:M1200 署名:木下|->
2020-02-02 20:16:16.0049|ERROR|保存エラー|->sxnet.SxException: 読み取り専用の為、処理できません。
   場所 sxnet.SxModel.save()
   場所 ICADRenamer.RenameCommand.<ExecuteRename>g__SaveFile|60_2(<>c__DisplayClass60_0& ) 場所 C:\Users\Administrator\source\repos\takuya1971\ICADRenamer\ICADRenamer\RenameCommand.cs:行 616    場所 sxnet.SxModel.save()
   場所 ICADRenamer.RenameCommand.<ExecuteRename>g__SaveFile|60_2(<>c__DisplayClass60_0& ) 場所 C:\Users\Administrator\source\repos\takuya1971\ICADRenamer\ICADRenamer\RenameCommand.cs:行 616
2020-02-02 20:16:16.0049|ERROR|保存エラー|->sxnet.SxException: 読み取り専用の為、処理できません。
   場所 sxnet.SxModel.save()
   場所 ICADRenamer.RenameCommand.<ExecuteRename>g__SaveFile|60_2(<>c__DisplayClass60_0& ) 場所 C:\Users\Administrator\source\repos\takuya1971\ICADRenamer\ICADRenamer\RenameCommand.cs:行 616    場所 sxnet.SxModel.save()
   場所 ICADRenamer.RenameCommand.<ExecuteRename>g__SaveFile|60_2(<>c__DisplayClass60_0& ) 場所 C:\Users\Administrator\source\repos\takuya1971\ICADRenamer\ICADRenamer\RenameCommand.cs:行 616
2020-02-02 20:16:18.4119|ERROR|保存エラー|->sxnet.SxException: 読み取り専用の為、処理できません。
   場所 sxnet.SxModel.save()
   場所 ICADRenamer.RenameCommand.<ExecuteRename>g__SaveFile|60_2(<>c__DisplayClass60_0& ) 場所 C:\Users\Administrator\source\repos\takuya1971\ICADRenamer\ICADRenamer\RenameCommand.cs:行 616    場所 sxnet.SxModel.save()
   場所 ICADRenamer.RenameCommand.<ExecuteRename>g__SaveFile|60_2(<>c__DisplayClass60_0& ) 場所 C:\Users\Administrator\source\repos\takuya1971\ICADRenamer\ICADRenamer\RenameCommand.cs:行 616
2020-02-02 20:16:18.4119|ERROR|保存エラー|->sxnet.SxException: 読み取り専用の為、処理できません。
   場所 sxnet.SxModel.save()
   場所 ICADRenamer.RenameCommand.<ExecuteRename>g__SaveFile|60_2(<>c__DisplayClass60_0& ) 場所 C:\Users\Administrator\source\repos\takuya1971\ICADRenamer\ICADRenamer\RenameCommand.cs:行 616    場所 sxnet.SxModel.save()
   場所 ICADRenamer.RenameCommand.<ExecuteRename>g__SaveFile|60_2(<>c__DisplayClass60_0& ) 場所 C:\Users\Administrator\source\repos\takuya1971\ICADRenamer\ICADRenamer\RenameCommand.cs:行 616
2020-02-02 20:16:19.7749|ERROR|保存エラー|->sxnet.SxException: 読み取り専用の為、処理できません。
   場所 sxnet.SxModel.save()
   場所 ICADRenamer.RenameCommand.<ExecuteRename>g__SaveFile|60_2(<>c__DisplayClass60_0& ) 場所 C:\Users\Administrator\source\repos\takuya1971\ICADRenamer\ICADRenamer\RenameCommand.cs:行 616    場所 sxnet.SxModel.save()
   場所 ICADRenamer.RenameCommand.<ExecuteRename>g__SaveFile|60_2(<>c__DisplayClass60_0& ) 場所 C:\Users\Administrator\source\repos\takuya1971\ICADRenamer\ICADRenamer\RenameCommand.cs:行 616
2020-02-02 20:16:19.7749|ERROR|保存エラー|->sxnet.SxException: 読み取り専用の為、処理できません。
   場所 sxnet.SxModel.save()
   場所 ICADRenamer.RenameCommand.<ExecuteRename>g__SaveFile|60_2(<>c__DisplayClass60_0& ) 場所 C:\Users\Administrator\source\repos\takuya1971\ICADRenamer\ICADRenamer\RenameCommand.cs:行 616    場所 sxnet.SxModel.save()
   場所 ICADRenamer.RenameCommand.<ExecuteRename>g__SaveFile|60_2(<>c__DisplayClass60_0& ) 場所 C:\Users\Administrator\source\repos\takuya1971\ICADRenamer\ICADRenamer\RenameCommand.cs:行 616
2020-02-02 22:02:59.0564|TRACE| 発生元:iCAD Renamer メッセージ:ICAD_Renamerを開始しました。|->
2020-02-02 22:03:04.5190|TRACE| 発生元:iCAD Renamer メッセージ:入力が変更されました。 場所:新しい番号 変更データ:M1200|->
2020-02-02 22:03:07.3125|TRACE| 発生元:iCAD Renamer メッセージ:入力が変更されました。 場所:署名 変更データ:木下|->
2020-02-02 22:03:14.4887|INFO| 発生元:iCAD Renamer メッセージ:フォルダが選択されました。 場所: 変更データ:D:\M1161_三菱自工#2号機|->
2020-02-02 22:03:19.8747|INFO| 発生元:iCAD Renamer メッセージ:フォルダが選択されました。 場所: 変更データ:D:\M1200|->
2020-02-02 22:03:22.0732|TRACE| 発生元:変換進捗 メッセージ:変換進捗を開始しました。 コピー元:D:\M1161_三菱自工#2号機 コピー先:D:\M1200 新番号:M1200 署名:木下|->
2020-02-02 22:25:49.3433|TRACE| 発生元:iCAD Renamer メッセージ:ICAD_Renamerを開始しました。|->
2020-02-02 22:25:54.7173|TRACE| 発生元:iCAD Renamer メッセージ:入力が変更されました。 場所:新しい番号 変更データ:M1200|->
2020-02-02 22:25:57.4806|TRACE| 発生元:iCAD Renamer メッセージ:入力が変更されました。 場所:署名 変更データ:木下|->
2020-02-02 22:26:03.4744|INFO| 発生元:iCAD Renamer メッセージ:フォルダが選択されました。 場所: 変更データ:D:\M1161_三菱自工#2号機|->
2020-02-02 22:26:10.1539|INFO| 発生元:iCAD Renamer メッセージ:フォルダが選択されました。 場所: 変更データ:D:\M1200|->
2020-02-02 22:26:13.7095|TRACE| 発生元:変換進捗 メッセージ:変換進捗を開始しました。 コピー元:D:\M1161_三菱自工#2号機 コピー先:D:\M1200 新番号:M1200 署名:木下|->
2020-02-02 23:07:35.4437|TRACE| 発生元:iCAD Renamer メッセージ:ICAD_Renamerを開始しました。|->
2020-02-02 23:07:38.0879|TRACE| 発生元:iCAD Renamer メッセージ:ICAD_Renamerを終了しました。|->
2020-02-02 23:10:46.1470|TRACE| 発生元:iCAD Renamer メッセージ:ICAD_Renamerを開始しました。|->
2020-02-02 23:10:49.8470|TRACE| 発生元:iCAD Renamer メッセージ:入力が変更されました。 場所:新しい番号 変更データ:M1200|->
2020-02-02 23:10:52.9272|TRACE| 発生元:iCAD Renamer メッセージ:入力が変更されました。 場所:署名 変更データ:木下|->
2020-02-02 23:10:59.1692|INFO| 発生元:iCAD Renamer メッセージ:フォルダが選択されました。 場所: 変更データ:D:\M1161_三菱自工#2号機|->
2020-02-02 23:11:04.0061|INFO| 発生元:iCAD Renamer メッセージ:フォルダが選択されました。 場所: 変更データ:D:\M1200|->
2020-02-02 23:11:07.0989|TRACE| 発生元:変換進捗 メッセージ:変換進捗を開始しました。 コピー元:D:\M1161_三菱自工#2号機 コピー先:D:\M1200 新番号:M1200 署名:木下|->
2020-02-02 23:27:57.1277|TRACE| 発生元:iCAD Renamer メッセージ:ICAD_Renamerを開始しました。|->
2020-02-02 23:28:01.2630|TRACE| 発生元:iCAD Renamer メッセージ:入力が変更されました。 場所:新しい番号 変更データ:M1200|->
2020-02-02 23:28:04.1123|TRACE| 発生元:iCAD Renamer メッセージ:入力が変更されました。 場所:署名 変更データ:木下|->
2020-02-02 23:28:10.3938|INFO| 発生元:iCAD Renamer メッセージ:フォルダが選択されました。 場所: 変更データ:D:\M1161_三菱自工#2号機|->
2020-02-02 23:28:16.9804|INFO| 発生元:iCAD Renamer メッセージ:フォルダが選択されました。 場所: 変更データ:D:\M1200|->
2020-02-02 23:28:20.0776|TRACE| 発生元:変換進捗 メッセージ:変換進捗を開始しました。 コピー元:D:\M1161_三菱自工#2号機 コピー先:D:\M1200 新番号:M1200 署名:木下|->
2020-02-02 23:48:33.9671|TRACE| 発生元:iCAD Renamer メッセージ:ICAD_Renamerを開始しました。|->
2020-02-02 23:48:59.1966|TRACE| 発生元:iCAD Renamer メッセージ:入力が変更されました。 場所:新しい番号 変更データ:M1200|->
2020-02-02 23:49:01.9659|TRACE| 発生元:iCAD Renamer メッセージ:入力が変更されました。 場所:署名 変更データ:木下|->
2020-02-02 23:49:10.2614|INFO| 発生元:iCAD Renamer メッセージ:フォルダが選択されました。 場所: 変更データ:D:\M1161_三菱自工#2号機|->
2020-02-02 23:49:16.6137|INFO| 発生元:iCAD Renamer メッセージ:フォルダが選択されました。 場所: 変更データ:D:\M1200|->
2020-02-02 23:49:19.2854|TRACE| 発生元:変換進捗 メッセージ:変換進捗を開始しました。 コピー元:D:\M1161_三菱自工#2号機 コピー先:D:\M1200 新番号:M1200 署名:木下|->
