2020-01-11 20:33:51.0466|TRACE| 発生元:iCAD Renamer メッセージ:ICAD_Renamerを開始しました。|->
2020-01-11 20:34:21.1236|TRACE| 発生元:iCAD Renamer メッセージ:ICAD_Renamerを終了しました。|->
2020-01-11 21:10:26.5094|TRACE| 発生元:iCAD Renamer メッセージ:ICAD_Renamerを開始しました。|->
2020-01-11 21:10:35.0393|TRACE| 発生元:ヘルプブラウザ メッセージ:ヘルプブラウザを開きました。|->
2020-01-11 21:10:37.3765|INFO| 発生元:ヘルプブラウザ メッセージ:ページ移動しました。 移動先:ms-local-stream://microsoft.win32webviewhost_cw5n1h2txyewy_4c6f63616c436f6e74656e74/Help/Help.html 実行結果:成功|->
2020-01-11 21:10:45.5854|INFO| 発生元:ヘルプブラウザ メッセージ:ページ移動しました。 移動先:ms-local-stream://microsoft.win32webviewhost_cw5n1h2txyewy_4c6f63616c436f6e74656e74/Help/Help.html#RegexScreen 実行結果:成功|->
2020-01-11 21:10:54.0237|INFO| 発生元:ヘルプブラウザ メッセージ:ページ移動しました。 移動先:ms-local-stream://microsoft.win32webviewhost_cw5n1h2txyewy_4c6f63616c436f6e74656e74/Help/Help.html#Attention 実行結果:成功|->
2020-01-11 21:10:58.1789|INFO| 発生元:ヘルプブラウザ メッセージ:ページ移動しました。 移動先:ms-local-stream://microsoft.win32webviewhost_cw5n1h2txyewy_4c6f63616c436f6e74656e74/Help/Help.html#Operation 実行結果:成功|->
2020-01-11 21:11:05.1455|INFO| 発生元:ヘルプブラウザ メッセージ:ページ移動しました。 移動先:ms-local-stream://microsoft.win32webviewhost_cw5n1h2txyewy_4c6f63616c436f6e74656e74/Help/Help.html#PartName 実行結果:成功|->
2020-01-11 21:11:08.5991|INFO| 発生元:ヘルプブラウザ メッセージ:ページ移動しました。 移動先:ms-local-stream://microsoft.win32webviewhost_cw5n1h2txyewy_4c6f63616c436f6e74656e74/Help/Help.html#Operation 実行結果:成功|->
2020-01-11 21:11:09.5358|INFO| 発生元:ヘルプブラウザ メッセージ:ページ移動しました。 移動先:ms-local-stream://microsoft.win32webviewhost_cw5n1h2txyewy_4c6f63616c436f6e74656e74/Help/Help.html#Attention 実行結果:成功|->
2020-01-11 21:11:10.9056|INFO| 発生元:ヘルプブラウザ メッセージ:ページ移動しました。 移動先:ms-local-stream://microsoft.win32webviewhost_cw5n1h2txyewy_4c6f63616c436f6e74656e74/Help/Help.html#RegexScreen 実行結果:成功|->
2020-01-11 21:11:11.6344|INFO| 発生元:ヘルプブラウザ メッセージ:ページ移動しました。 移動先:ms-local-stream://microsoft.win32webviewhost_cw5n1h2txyewy_4c6f63616c436f6e74656e74/Help/Help.html 実行結果:成功|->
2020-01-11 21:11:14.3564|TRACE| 発生元:ヘルプブラウザ メッセージ:ヘルプブラウザが閉じました。|->
2020-01-11 21:12:30.3352|TRACE| 発生元:オプション設定 メッセージ:値が変更されました。 場所:デルタマークを削除する 変更データ:する|->
2020-01-11 21:12:30.3352|TRACE| 発生元:オプション設定 メッセージ:値が変更されました。 場所:パーツ変更後更新処理をする 変更データ:する|->
2020-01-11 21:12:30.3352|TRACE| 発生元:オプション設定 メッセージ:値が変更されました。 場所:M番の入力制限をする 変更データ:する|->
2020-01-11 21:12:30.3562|TRACE| 発生元:オプション設定 メッセージ:表示されました。|->
2020-01-11 21:12:34.0324|TRACE| 発生元:ヘルプブラウザ メッセージ:ヘルプブラウザを開きました。|->
2020-01-11 21:12:34.1363|INFO| 発生元:ヘルプブラウザ メッセージ:ページ移動しました。 移動先:ms-local-stream://microsoft.win32webviewhost_cw5n1h2txyewy_4c6f63616c436f6e74656e74/Help/Help.html#OptionSettingDialog 実行結果:成功|->
2020-01-11 21:12:39.6267|TRACE| 発生元:ヘルプブラウザ メッセージ:ヘルプブラウザが閉じました。|->
2020-01-11 21:12:59.7758|TRACE| 発生元:ヘルプブラウザ メッセージ:ヘルプブラウザを開きました。|->
2020-01-11 21:12:59.8868|INFO| 発生元:ヘルプブラウザ メッセージ:ページ移動しました。 移動先:ms-local-stream://microsoft.win32webviewhost_cw5n1h2txyewy_4c6f63616c436f6e74656e74/Help/Help.html#OptionSettingDialog 実行結果:成功|->
2020-01-11 21:13:03.6113|TRACE| 発生元:ヘルプブラウザ メッセージ:ヘルプブラウザが閉じました。|->
2020-01-11 21:13:08.0442|TRACE| 発生元:オプション設定 メッセージ:変更を保存せずに終了しました。|->
2020-01-11 21:13:08.0442|TRACE| 発生元:オプション設定 メッセージ:終了しました。|->
2020-01-11 21:13:14.5522|TRACE| 発生元:ICADRenamer のバージョン情報 メッセージ:ICADRenamer のバージョン情報を開きました。|->
2020-01-11 21:13:24.7882|TRACE| 発生元:ICADRenamer のバージョン情報 メッセージ:ICADRenamer のバージョン情報を閉じました。|->
2020-01-11 21:13:53.9117|TRACE| 発生元:iCAD Renamer メッセージ:ICAD_Renamerを終了しました。|->
