2020-01-30 00:31:39.9130|TRACE| 発生元:iCAD Renamer メッセージ:ICAD_Renamerを開始しました。|->
2020-01-30 00:31:45.1133|TRACE| 発生元:iCAD Renamer メッセージ:入力が変更されました。 場所:新しい番号 変更データ:M1200|->
2020-01-30 00:31:48.1087|TRACE| 発生元:iCAD Renamer メッセージ:入力が変更されました。 場所:署名 変更データ:木下|->
2020-01-30 00:31:54.6265|INFO| 発生元:iCAD Renamer メッセージ:フォルダが選択されました。 場所: 変更データ:D:\M1161_三菱自工#2号機|->
2020-01-30 00:32:00.7987|INFO| 発生元:iCAD Renamer メッセージ:フォルダが選択されました。 場所: 変更データ:D:\M1200|->
2020-01-30 00:32:04.6032|TRACE| 発生元:変換進捗 メッセージ:変換進捗を開始しました。 コピー元:D:\M1161_三菱自工#2号機 コピー先:D:\M1200 新番号:M1200 署名:木下|->
2020-01-30 00:49:28.3327|ERROR|子パーツ名変更エラー|->sxnet.SxException:  MSG00004 不当な要素が入力されました。  
   場所 sxnet.SxEntPart.getChildList()
   場所 ICADRenamer.RenameCommand.<ExecuteReplace>g__ChangePart|56_9(SxEntPart& parent, <>c__DisplayClass56_0& ) 場所 C:\Users\Administrator\Source\Repos\takuya1971\ICADRenamer\ICADRenamer\RenameCommand.cs:行 974    場所 sxnet.SxEntPart.getChildList()
   場所 ICADRenamer.RenameCommand.<ExecuteReplace>g__ChangePart|56_9(SxEntPart& parent, <>c__DisplayClass56_0& ) 場所 C:\Users\Administrator\Source\Repos\takuya1971\ICADRenamer\ICADRenamer\RenameCommand.cs:行 974
2020-01-30 00:49:28.3327|ERROR|子パーツ名変更エラー|->sxnet.SxException:  MSG00004 不当な要素が入力されました。  
   場所 sxnet.SxEntPart.getChildList()
   場所 ICADRenamer.RenameCommand.<ExecuteReplace>g__ChangePart|56_9(SxEntPart& parent, <>c__DisplayClass56_0& ) 場所 C:\Users\Administrator\Source\Repos\takuya1971\ICADRenamer\ICADRenamer\RenameCommand.cs:行 974    場所 sxnet.SxEntPart.getChildList()
   場所 ICADRenamer.RenameCommand.<ExecuteReplace>g__ChangePart|56_9(SxEntPart& parent, <>c__DisplayClass56_0& ) 場所 C:\Users\Administrator\Source\Repos\takuya1971\ICADRenamer\ICADRenamer\RenameCommand.cs:行 974
2020-01-30 00:49:33.6667|ERROR|子パーツ名変更エラー|->sxnet.SxException:  MSG00004 不当な要素が入力されました。  
   場所 sxnet.SxEntPart.getChildList()
   場所 ICADRenamer.RenameCommand.<ExecuteReplace>g__ChangePart|56_9(SxEntPart& parent, <>c__DisplayClass56_0& ) 場所 C:\Users\Administrator\Source\Repos\takuya1971\ICADRenamer\ICADRenamer\RenameCommand.cs:行 974    場所 sxnet.SxEntPart.getChildList()
   場所 ICADRenamer.RenameCommand.<ExecuteReplace>g__ChangePart|56_9(SxEntPart& parent, <>c__DisplayClass56_0& ) 場所 C:\Users\Administrator\Source\Repos\takuya1971\ICADRenamer\ICADRenamer\RenameCommand.cs:行 974
2020-01-30 00:49:33.6667|ERROR|子パーツ名変更エラー|->sxnet.SxException:  MSG00004 不当な要素が入力されました。  
   場所 sxnet.SxEntPart.getChildList()
   場所 ICADRenamer.RenameCommand.<ExecuteReplace>g__ChangePart|56_9(SxEntPart& parent, <>c__DisplayClass56_0& ) 場所 C:\Users\Administrator\Source\Repos\takuya1971\ICADRenamer\ICADRenamer\RenameCommand.cs:行 974    場所 sxnet.SxEntPart.getChildList()
   場所 ICADRenamer.RenameCommand.<ExecuteReplace>g__ChangePart|56_9(SxEntPart& parent, <>c__DisplayClass56_0& ) 場所 C:\Users\Administrator\Source\Repos\takuya1971\ICADRenamer\ICADRenamer\RenameCommand.cs:行 974
2020-01-30 00:49:34.1097|ERROR|子パーツ名変更エラー|->sxnet.SxException:  MSG00004 不当な要素が入力されました。  
   場所 sxnet.SxEntPart.getChildList()
   場所 ICADRenamer.RenameCommand.<ExecuteReplace>g__ChangePart|56_9(SxEntPart& parent, <>c__DisplayClass56_0& ) 場所 C:\Users\Administrator\Source\Repos\takuya1971\ICADRenamer\ICADRenamer\RenameCommand.cs:行 974    場所 sxnet.SxEntPart.getChildList()
   場所 ICADRenamer.RenameCommand.<ExecuteReplace>g__ChangePart|56_9(SxEntPart& parent, <>c__DisplayClass56_0& ) 場所 C:\Users\Administrator\Source\Repos\takuya1971\ICADRenamer\ICADRenamer\RenameCommand.cs:行 974
2020-01-30 00:49:34.1097|ERROR|子パーツ名変更エラー|->sxnet.SxException:  MSG00004 不当な要素が入力されました。  
   場所 sxnet.SxEntPart.getChildList()
   場所 ICADRenamer.RenameCommand.<ExecuteReplace>g__ChangePart|56_9(SxEntPart& parent, <>c__DisplayClass56_0& ) 場所 C:\Users\Administrator\Source\Repos\takuya1971\ICADRenamer\ICADRenamer\RenameCommand.cs:行 974    場所 sxnet.SxEntPart.getChildList()
   場所 ICADRenamer.RenameCommand.<ExecuteReplace>g__ChangePart|56_9(SxEntPart& parent, <>c__DisplayClass56_0& ) 場所 C:\Users\Administrator\Source\Repos\takuya1971\ICADRenamer\ICADRenamer\RenameCommand.cs:行 974
2020-01-30 00:49:34.4977|ERROR|子パーツ名変更エラー|->sxnet.SxException:  MSG00004 不当な要素が入力されました。  
   場所 sxnet.SxEntPart.getChildList()
   場所 ICADRenamer.RenameCommand.<ExecuteReplace>g__ChangePart|56_9(SxEntPart& parent, <>c__DisplayClass56_0& ) 場所 C:\Users\Administrator\Source\Repos\takuya1971\ICADRenamer\ICADRenamer\RenameCommand.cs:行 974    場所 sxnet.SxEntPart.getChildList()
   場所 ICADRenamer.RenameCommand.<ExecuteReplace>g__ChangePart|56_9(SxEntPart& parent, <>c__DisplayClass56_0& ) 場所 C:\Users\Administrator\Source\Repos\takuya1971\ICADRenamer\ICADRenamer\RenameCommand.cs:行 974
2020-01-30 00:49:34.4977|ERROR|子パーツ名変更エラー|->sxnet.SxException:  MSG00004 不当な要素が入力されました。  
   場所 sxnet.SxEntPart.getChildList()
   場所 ICADRenamer.RenameCommand.<ExecuteReplace>g__ChangePart|56_9(SxEntPart& parent, <>c__DisplayClass56_0& ) 場所 C:\Users\Administrator\Source\Repos\takuya1971\ICADRenamer\ICADRenamer\RenameCommand.cs:行 974    場所 sxnet.SxEntPart.getChildList()
   場所 ICADRenamer.RenameCommand.<ExecuteReplace>g__ChangePart|56_9(SxEntPart& parent, <>c__DisplayClass56_0& ) 場所 C:\Users\Administrator\Source\Repos\takuya1971\ICADRenamer\ICADRenamer\RenameCommand.cs:行 974
2020-01-30 00:49:37.3037|ERROR|子パーツ名変更エラー|->sxnet.SxException:  MSG00004 不当な要素が入力されました。  
   場所 sxnet.SxEntPart.getChildList()
   場所 ICADRenamer.RenameCommand.<ExecuteReplace>g__ChangePart|56_9(SxEntPart& parent, <>c__DisplayClass56_0& ) 場所 C:\Users\Administrator\Source\Repos\takuya1971\ICADRenamer\ICADRenamer\RenameCommand.cs:行 974    場所 sxnet.SxEntPart.getChildList()
   場所 ICADRenamer.RenameCommand.<ExecuteReplace>g__ChangePart|56_9(SxEntPart& parent, <>c__DisplayClass56_0& ) 場所 C:\Users\Administrator\Source\Repos\takuya1971\ICADRenamer\ICADRenamer\RenameCommand.cs:行 974
2020-01-30 00:49:37.3037|ERROR|子パーツ名変更エラー|->sxnet.SxException:  MSG00004 不当な要素が入力されました。  
   場所 sxnet.SxEntPart.getChildList()
   場所 ICADRenamer.RenameCommand.<ExecuteReplace>g__ChangePart|56_9(SxEntPart& parent, <>c__DisplayClass56_0& ) 場所 C:\Users\Administrator\Source\Repos\takuya1971\ICADRenamer\ICADRenamer\RenameCommand.cs:行 974    場所 sxnet.SxEntPart.getChildList()
   場所 ICADRenamer.RenameCommand.<ExecuteReplace>g__ChangePart|56_9(SxEntPart& parent, <>c__DisplayClass56_0& ) 場所 C:\Users\Administrator\Source\Repos\takuya1971\ICADRenamer\ICADRenamer\RenameCommand.cs:行 974
2020-01-30 00:49:40.1567|ERROR|子パーツ名変更エラー|->sxnet.SxException:  MSG00004 不当な要素が入力されました。  
   場所 sxnet.SxEntPart.getChildList()
   場所 ICADRenamer.RenameCommand.<ExecuteReplace>g__ChangePart|56_9(SxEntPart& parent, <>c__DisplayClass56_0& ) 場所 C:\Users\Administrator\Source\Repos\takuya1971\ICADRenamer\ICADRenamer\RenameCommand.cs:行 974    場所 sxnet.SxEntPart.getChildList()
   場所 ICADRenamer.RenameCommand.<ExecuteReplace>g__ChangePart|56_9(SxEntPart& parent, <>c__DisplayClass56_0& ) 場所 C:\Users\Administrator\Source\Repos\takuya1971\ICADRenamer\ICADRenamer\RenameCommand.cs:行 974
2020-01-30 00:49:40.1567|ERROR|子パーツ名変更エラー|->sxnet.SxException:  MSG00004 不当な要素が入力されました。  
   場所 sxnet.SxEntPart.getChildList()
   場所 ICADRenamer.RenameCommand.<ExecuteReplace>g__ChangePart|56_9(SxEntPart& parent, <>c__DisplayClass56_0& ) 場所 C:\Users\Administrator\Source\Repos\takuya1971\ICADRenamer\ICADRenamer\RenameCommand.cs:行 974    場所 sxnet.SxEntPart.getChildList()
   場所 ICADRenamer.RenameCommand.<ExecuteReplace>g__ChangePart|56_9(SxEntPart& parent, <>c__DisplayClass56_0& ) 場所 C:\Users\Administrator\Source\Repos\takuya1971\ICADRenamer\ICADRenamer\RenameCommand.cs:行 974
2020-01-30 00:49:42.9747|ERROR|子パーツ名変更エラー|->sxnet.SxException:  MSG00004 不当な要素が入力されました。  
   場所 sxnet.SxEntPart.getChildList()
   場所 ICADRenamer.RenameCommand.<ExecuteReplace>g__ChangePart|56_9(SxEntPart& parent, <>c__DisplayClass56_0& ) 場所 C:\Users\Administrator\Source\Repos\takuya1971\ICADRenamer\ICADRenamer\RenameCommand.cs:行 974    場所 sxnet.SxEntPart.getChildList()
   場所 ICADRenamer.RenameCommand.<ExecuteReplace>g__ChangePart|56_9(SxEntPart& parent, <>c__DisplayClass56_0& ) 場所 C:\Users\Administrator\Source\Repos\takuya1971\ICADRenamer\ICADRenamer\RenameCommand.cs:行 974
2020-01-30 00:49:42.9747|ERROR|子パーツ名変更エラー|->sxnet.SxException:  MSG00004 不当な要素が入力されました。  
   場所 sxnet.SxEntPart.getChildList()
   場所 ICADRenamer.RenameCommand.<ExecuteReplace>g__ChangePart|56_9(SxEntPart& parent, <>c__DisplayClass56_0& ) 場所 C:\Users\Administrator\Source\Repos\takuya1971\ICADRenamer\ICADRenamer\RenameCommand.cs:行 974    場所 sxnet.SxEntPart.getChildList()
   場所 ICADRenamer.RenameCommand.<ExecuteReplace>g__ChangePart|56_9(SxEntPart& parent, <>c__DisplayClass56_0& ) 場所 C:\Users\Administrator\Source\Repos\takuya1971\ICADRenamer\ICADRenamer\RenameCommand.cs:行 974
2020-01-30 00:49:43.4177|ERROR|子パーツ名変更エラー|->sxnet.SxException:  MSG00004 不当な要素が入力されました。  
   場所 sxnet.SxEntPart.getChildList()
   場所 ICADRenamer.RenameCommand.<ExecuteReplace>g__ChangePart|56_9(SxEntPart& parent, <>c__DisplayClass56_0& ) 場所 C:\Users\Administrator\Source\Repos\takuya1971\ICADRenamer\ICADRenamer\RenameCommand.cs:行 974    場所 sxnet.SxEntPart.getChildList()
   場所 ICADRenamer.RenameCommand.<ExecuteReplace>g__ChangePart|56_9(SxEntPart& parent, <>c__DisplayClass56_0& ) 場所 C:\Users\Administrator\Source\Repos\takuya1971\ICADRenamer\ICADRenamer\RenameCommand.cs:行 974
2020-01-30 00:49:43.4177|ERROR|子パーツ名変更エラー|->sxnet.SxException:  MSG00004 不当な要素が入力されました。  
   場所 sxnet.SxEntPart.getChildList()
   場所 ICADRenamer.RenameCommand.<ExecuteReplace>g__ChangePart|56_9(SxEntPart& parent, <>c__DisplayClass56_0& ) 場所 C:\Users\Administrator\Source\Repos\takuya1971\ICADRenamer\ICADRenamer\RenameCommand.cs:行 974    場所 sxnet.SxEntPart.getChildList()
   場所 ICADRenamer.RenameCommand.<ExecuteReplace>g__ChangePart|56_9(SxEntPart& parent, <>c__DisplayClass56_0& ) 場所 C:\Users\Administrator\Source\Repos\takuya1971\ICADRenamer\ICADRenamer\RenameCommand.cs:行 974
2020-01-30 00:49:43.8107|ERROR|子パーツ名変更エラー|->sxnet.SxException:  MSG00004 不当な要素が入力されました。  
   場所 sxnet.SxEntPart.getChildList()
   場所 ICADRenamer.RenameCommand.<ExecuteReplace>g__ChangePart|56_9(SxEntPart& parent, <>c__DisplayClass56_0& ) 場所 C:\Users\Administrator\Source\Repos\takuya1971\ICADRenamer\ICADRenamer\RenameCommand.cs:行 974    場所 sxnet.SxEntPart.getChildList()
   場所 ICADRenamer.RenameCommand.<ExecuteReplace>g__ChangePart|56_9(SxEntPart& parent, <>c__DisplayClass56_0& ) 場所 C:\Users\Administrator\Source\Repos\takuya1971\ICADRenamer\ICADRenamer\RenameCommand.cs:行 974
2020-01-30 00:49:43.8107|ERROR|子パーツ名変更エラー|->sxnet.SxException:  MSG00004 不当な要素が入力されました。  
   場所 sxnet.SxEntPart.getChildList()
   場所 ICADRenamer.RenameCommand.<ExecuteReplace>g__ChangePart|56_9(SxEntPart& parent, <>c__DisplayClass56_0& ) 場所 C:\Users\Administrator\Source\Repos\takuya1971\ICADRenamer\ICADRenamer\RenameCommand.cs:行 974    場所 sxnet.SxEntPart.getChildList()
   場所 ICADRenamer.RenameCommand.<ExecuteReplace>g__ChangePart|56_9(SxEntPart& parent, <>c__DisplayClass56_0& ) 場所 C:\Users\Administrator\Source\Repos\takuya1971\ICADRenamer\ICADRenamer\RenameCommand.cs:行 974
2020-01-30 00:49:46.6317|ERROR|子パーツ名変更エラー|->sxnet.SxException:  MSG00004 不当な要素が入力されました。  
   場所 sxnet.SxEntPart.getChildList()
   場所 ICADRenamer.RenameCommand.<ExecuteReplace>g__ChangePart|56_9(SxEntPart& parent, <>c__DisplayClass56_0& ) 場所 C:\Users\Administrator\Source\Repos\takuya1971\ICADRenamer\ICADRenamer\RenameCommand.cs:行 974    場所 sxnet.SxEntPart.getChildList()
   場所 ICADRenamer.RenameCommand.<ExecuteReplace>g__ChangePart|56_9(SxEntPart& parent, <>c__DisplayClass56_0& ) 場所 C:\Users\Administrator\Source\Repos\takuya1971\ICADRenamer\ICADRenamer\RenameCommand.cs:行 974
2020-01-30 00:49:46.6317|ERROR|子パーツ名変更エラー|->sxnet.SxException:  MSG00004 不当な要素が入力されました。  
   場所 sxnet.SxEntPart.getChildList()
   場所 ICADRenamer.RenameCommand.<ExecuteReplace>g__ChangePart|56_9(SxEntPart& parent, <>c__DisplayClass56_0& ) 場所 C:\Users\Administrator\Source\Repos\takuya1971\ICADRenamer\ICADRenamer\RenameCommand.cs:行 974    場所 sxnet.SxEntPart.getChildList()
   場所 ICADRenamer.RenameCommand.<ExecuteReplace>g__ChangePart|56_9(SxEntPart& parent, <>c__DisplayClass56_0& ) 場所 C:\Users\Administrator\Source\Repos\takuya1971\ICADRenamer\ICADRenamer\RenameCommand.cs:行 974
2020-01-30 00:49:49.4527|ERROR|子パーツ名変更エラー|->sxnet.SxException:  MSG00004 不当な要素が入力されました。  
   場所 sxnet.SxEntPart.getChildList()
   場所 ICADRenamer.RenameCommand.<ExecuteReplace>g__ChangePart|56_9(SxEntPart& parent, <>c__DisplayClass56_0& ) 場所 C:\Users\Administrator\Source\Repos\takuya1971\ICADRenamer\ICADRenamer\RenameCommand.cs:行 974    場所 sxnet.SxEntPart.getChildList()
   場所 ICADRenamer.RenameCommand.<ExecuteReplace>g__ChangePart|56_9(SxEntPart& parent, <>c__DisplayClass56_0& ) 場所 C:\Users\Administrator\Source\Repos\takuya1971\ICADRenamer\ICADRenamer\RenameCommand.cs:行 974
2020-01-30 00:49:49.4527|ERROR|子パーツ名変更エラー|->sxnet.SxException:  MSG00004 不当な要素が入力されました。  
   場所 sxnet.SxEntPart.getChildList()
   場所 ICADRenamer.RenameCommand.<ExecuteReplace>g__ChangePart|56_9(SxEntPart& parent, <>c__DisplayClass56_0& ) 場所 C:\Users\Administrator\Source\Repos\takuya1971\ICADRenamer\ICADRenamer\RenameCommand.cs:行 974    場所 sxnet.SxEntPart.getChildList()
   場所 ICADRenamer.RenameCommand.<ExecuteReplace>g__ChangePart|56_9(SxEntPart& parent, <>c__DisplayClass56_0& ) 場所 C:\Users\Administrator\Source\Repos\takuya1971\ICADRenamer\ICADRenamer\RenameCommand.cs:行 974
2020-01-30 00:49:49.8807|ERROR|子パーツ名変更エラー|->sxnet.SxException:  MSG00004 不当な要素が入力されました。  
   場所 sxnet.SxEntPart.getChildList()
   場所 ICADRenamer.RenameCommand.<ExecuteReplace>g__ChangePart|56_9(SxEntPart& parent, <>c__DisplayClass56_0& ) 場所 C:\Users\Administrator\Source\Repos\takuya1971\ICADRenamer\ICADRenamer\RenameCommand.cs:行 974    場所 sxnet.SxEntPart.getChildList()
   場所 ICADRenamer.RenameCommand.<ExecuteReplace>g__ChangePart|56_9(SxEntPart& parent, <>c__DisplayClass56_0& ) 場所 C:\Users\Administrator\Source\Repos\takuya1971\ICADRenamer\ICADRenamer\RenameCommand.cs:行 974
2020-01-30 00:49:49.8807|ERROR|子パーツ名変更エラー|->sxnet.SxException:  MSG00004 不当な要素が入力されました。  
   場所 sxnet.SxEntPart.getChildList()
   場所 ICADRenamer.RenameCommand.<ExecuteReplace>g__ChangePart|56_9(SxEntPart& parent, <>c__DisplayClass56_0& ) 場所 C:\Users\Administrator\Source\Repos\takuya1971\ICADRenamer\ICADRenamer\RenameCommand.cs:行 974    場所 sxnet.SxEntPart.getChildList()
   場所 ICADRenamer.RenameCommand.<ExecuteReplace>g__ChangePart|56_9(SxEntPart& parent, <>c__DisplayClass56_0& ) 場所 C:\Users\Administrator\Source\Repos\takuya1971\ICADRenamer\ICADRenamer\RenameCommand.cs:行 974
2020-01-30 00:49:55.1187|ERROR|子パーツ名変更エラー|->sxnet.SxException:  MSG00004 不当な要素が入力されました。  
   場所 sxnet.SxEntPart.getChildList()
   場所 ICADRenamer.RenameCommand.<ExecuteReplace>g__ChangePart|56_9(SxEntPart& parent, <>c__DisplayClass56_0& ) 場所 C:\Users\Administrator\Source\Repos\takuya1971\ICADRenamer\ICADRenamer\RenameCommand.cs:行 974    場所 sxnet.SxEntPart.getChildList()
   場所 ICADRenamer.RenameCommand.<ExecuteReplace>g__ChangePart|56_9(SxEntPart& parent, <>c__DisplayClass56_0& ) 場所 C:\Users\Administrator\Source\Repos\takuya1971\ICADRenamer\ICADRenamer\RenameCommand.cs:行 974
2020-01-30 00:49:55.1187|ERROR|子パーツ名変更エラー|->sxnet.SxException:  MSG00004 不当な要素が入力されました。  
   場所 sxnet.SxEntPart.getChildList()
   場所 ICADRenamer.RenameCommand.<ExecuteReplace>g__ChangePart|56_9(SxEntPart& parent, <>c__DisplayClass56_0& ) 場所 C:\Users\Administrator\Source\Repos\takuya1971\ICADRenamer\ICADRenamer\RenameCommand.cs:行 974    場所 sxnet.SxEntPart.getChildList()
   場所 ICADRenamer.RenameCommand.<ExecuteReplace>g__ChangePart|56_9(SxEntPart& parent, <>c__DisplayClass56_0& ) 場所 C:\Users\Administrator\Source\Repos\takuya1971\ICADRenamer\ICADRenamer\RenameCommand.cs:行 974
2020-01-30 00:49:55.5607|ERROR|子パーツ名変更エラー|->sxnet.SxException:  MSG00004 不当な要素が入力されました。  
   場所 sxnet.SxEntPart.getChildList()
   場所 ICADRenamer.RenameCommand.<ExecuteReplace>g__ChangePart|56_9(SxEntPart& parent, <>c__DisplayClass56_0& ) 場所 C:\Users\Administrator\Source\Repos\takuya1971\ICADRenamer\ICADRenamer\RenameCommand.cs:行 974    場所 sxnet.SxEntPart.getChildList()
   場所 ICADRenamer.RenameCommand.<ExecuteReplace>g__ChangePart|56_9(SxEntPart& parent, <>c__DisplayClass56_0& ) 場所 C:\Users\Administrator\Source\Repos\takuya1971\ICADRenamer\ICADRenamer\RenameCommand.cs:行 974
2020-01-30 00:49:55.5607|ERROR|子パーツ名変更エラー|->sxnet.SxException:  MSG00004 不当な要素が入力されました。  
   場所 sxnet.SxEntPart.getChildList()
   場所 ICADRenamer.RenameCommand.<ExecuteReplace>g__ChangePart|56_9(SxEntPart& parent, <>c__DisplayClass56_0& ) 場所 C:\Users\Administrator\Source\Repos\takuya1971\ICADRenamer\ICADRenamer\RenameCommand.cs:行 974    場所 sxnet.SxEntPart.getChildList()
   場所 ICADRenamer.RenameCommand.<ExecuteReplace>g__ChangePart|56_9(SxEntPart& parent, <>c__DisplayClass56_0& ) 場所 C:\Users\Administrator\Source\Repos\takuya1971\ICADRenamer\ICADRenamer\RenameCommand.cs:行 974
2020-01-30 00:49:55.9577|ERROR|子パーツ名変更エラー|->sxnet.SxException:  MSG00004 不当な要素が入力されました。  
   場所 sxnet.SxEntPart.getChildList()
   場所 ICADRenamer.RenameCommand.<ExecuteReplace>g__ChangePart|56_9(SxEntPart& parent, <>c__DisplayClass56_0& ) 場所 C:\Users\Administrator\Source\Repos\takuya1971\ICADRenamer\ICADRenamer\RenameCommand.cs:行 974    場所 sxnet.SxEntPart.getChildList()
   場所 ICADRenamer.RenameCommand.<ExecuteReplace>g__ChangePart|56_9(SxEntPart& parent, <>c__DisplayClass56_0& ) 場所 C:\Users\Administrator\Source\Repos\takuya1971\ICADRenamer\ICADRenamer\RenameCommand.cs:行 974
2020-01-30 00:49:55.9577|ERROR|子パーツ名変更エラー|->sxnet.SxException:  MSG00004 不当な要素が入力されました。  
   場所 sxnet.SxEntPart.getChildList()
   場所 ICADRenamer.RenameCommand.<ExecuteReplace>g__ChangePart|56_9(SxEntPart& parent, <>c__DisplayClass56_0& ) 場所 C:\Users\Administrator\Source\Repos\takuya1971\ICADRenamer\ICADRenamer\RenameCommand.cs:行 974    場所 sxnet.SxEntPart.getChildList()
   場所 ICADRenamer.RenameCommand.<ExecuteReplace>g__ChangePart|56_9(SxEntPart& parent, <>c__DisplayClass56_0& ) 場所 C:\Users\Administrator\Source\Repos\takuya1971\ICADRenamer\ICADRenamer\RenameCommand.cs:行 974
2020-01-30 00:49:56.3497|ERROR|子パーツ名変更エラー|->sxnet.SxException:  MSG00004 不当な要素が入力されました。  
   場所 sxnet.SxEntPart.getChildList()
   場所 ICADRenamer.RenameCommand.<ExecuteReplace>g__ChangePart|56_9(SxEntPart& parent, <>c__DisplayClass56_0& ) 場所 C:\Users\Administrator\Source\Repos\takuya1971\ICADRenamer\ICADRenamer\RenameCommand.cs:行 974    場所 sxnet.SxEntPart.getChildList()
   場所 ICADRenamer.RenameCommand.<ExecuteReplace>g__ChangePart|56_9(SxEntPart& parent, <>c__DisplayClass56_0& ) 場所 C:\Users\Administrator\Source\Repos\takuya1971\ICADRenamer\ICADRenamer\RenameCommand.cs:行 974
2020-01-30 00:49:56.3497|ERROR|子パーツ名変更エラー|->sxnet.SxException:  MSG00004 不当な要素が入力されました。  
   場所 sxnet.SxEntPart.getChildList()
   場所 ICADRenamer.RenameCommand.<ExecuteReplace>g__ChangePart|56_9(SxEntPart& parent, <>c__DisplayClass56_0& ) 場所 C:\Users\Administrator\Source\Repos\takuya1971\ICADRenamer\ICADRenamer\RenameCommand.cs:行 974    場所 sxnet.SxEntPart.getChildList()
   場所 ICADRenamer.RenameCommand.<ExecuteReplace>g__ChangePart|56_9(SxEntPart& parent, <>c__DisplayClass56_0& ) 場所 C:\Users\Administrator\Source\Repos\takuya1971\ICADRenamer\ICADRenamer\RenameCommand.cs:行 974
2020-01-30 00:49:59.1927|ERROR|子パーツ名変更エラー|->sxnet.SxException:  MSG00004 不当な要素が入力されました。  
   場所 sxnet.SxEntPart.getChildList()
   場所 ICADRenamer.RenameCommand.<ExecuteReplace>g__ChangePart|56_9(SxEntPart& parent, <>c__DisplayClass56_0& ) 場所 C:\Users\Administrator\Source\Repos\takuya1971\ICADRenamer\ICADRenamer\RenameCommand.cs:行 974    場所 sxnet.SxEntPart.getChildList()
   場所 ICADRenamer.RenameCommand.<ExecuteReplace>g__ChangePart|56_9(SxEntPart& parent, <>c__DisplayClass56_0& ) 場所 C:\Users\Administrator\Source\Repos\takuya1971\ICADRenamer\ICADRenamer\RenameCommand.cs:行 974
2020-01-30 00:49:59.1927|ERROR|子パーツ名変更エラー|->sxnet.SxException:  MSG00004 不当な要素が入力されました。  
   場所 sxnet.SxEntPart.getChildList()
   場所 ICADRenamer.RenameCommand.<ExecuteReplace>g__ChangePart|56_9(SxEntPart& parent, <>c__DisplayClass56_0& ) 場所 C:\Users\Administrator\Source\Repos\takuya1971\ICADRenamer\ICADRenamer\RenameCommand.cs:行 974    場所 sxnet.SxEntPart.getChildList()
   場所 ICADRenamer.RenameCommand.<ExecuteReplace>g__ChangePart|56_9(SxEntPart& parent, <>c__DisplayClass56_0& ) 場所 C:\Users\Administrator\Source\Repos\takuya1971\ICADRenamer\ICADRenamer\RenameCommand.cs:行 974
2020-01-30 00:49:59.6177|ERROR|子パーツ名変更エラー|->sxnet.SxException:  MSG00004 不当な要素が入力されました。  
   場所 sxnet.SxEntPart.getChildList()
   場所 ICADRenamer.RenameCommand.<ExecuteReplace>g__ChangePart|56_9(SxEntPart& parent, <>c__DisplayClass56_0& ) 場所 C:\Users\Administrator\Source\Repos\takuya1971\ICADRenamer\ICADRenamer\RenameCommand.cs:行 974    場所 sxnet.SxEntPart.getChildList()
   場所 ICADRenamer.RenameCommand.<ExecuteReplace>g__ChangePart|56_9(SxEntPart& parent, <>c__DisplayClass56_0& ) 場所 C:\Users\Administrator\Source\Repos\takuya1971\ICADRenamer\ICADRenamer\RenameCommand.cs:行 974
2020-01-30 00:49:59.6177|ERROR|子パーツ名変更エラー|->sxnet.SxException:  MSG00004 不当な要素が入力されました。  
   場所 sxnet.SxEntPart.getChildList()
   場所 ICADRenamer.RenameCommand.<ExecuteReplace>g__ChangePart|56_9(SxEntPart& parent, <>c__DisplayClass56_0& ) 場所 C:\Users\Administrator\Source\Repos\takuya1971\ICADRenamer\ICADRenamer\RenameCommand.cs:行 974    場所 sxnet.SxEntPart.getChildList()
   場所 ICADRenamer.RenameCommand.<ExecuteReplace>g__ChangePart|56_9(SxEntPart& parent, <>c__DisplayClass56_0& ) 場所 C:\Users\Administrator\Source\Repos\takuya1971\ICADRenamer\ICADRenamer\RenameCommand.cs:行 974
2020-01-30 00:50:00.0287|ERROR|子パーツ名変更エラー|->sxnet.SxException:  MSG00004 不当な要素が入力されました。  
   場所 sxnet.SxEntPart.getChildList()
   場所 ICADRenamer.RenameCommand.<ExecuteReplace>g__ChangePart|56_9(SxEntPart& parent, <>c__DisplayClass56_0& ) 場所 C:\Users\Administrator\Source\Repos\takuya1971\ICADRenamer\ICADRenamer\RenameCommand.cs:行 974    場所 sxnet.SxEntPart.getChildList()
   場所 ICADRenamer.RenameCommand.<ExecuteReplace>g__ChangePart|56_9(SxEntPart& parent, <>c__DisplayClass56_0& ) 場所 C:\Users\Administrator\Source\Repos\takuya1971\ICADRenamer\ICADRenamer\RenameCommand.cs:行 974
2020-01-30 00:50:00.0287|ERROR|子パーツ名変更エラー|->sxnet.SxException:  MSG00004 不当な要素が入力されました。  
   場所 sxnet.SxEntPart.getChildList()
   場所 ICADRenamer.RenameCommand.<ExecuteReplace>g__ChangePart|56_9(SxEntPart& parent, <>c__DisplayClass56_0& ) 場所 C:\Users\Administrator\Source\Repos\takuya1971\ICADRenamer\ICADRenamer\RenameCommand.cs:行 974    場所 sxnet.SxEntPart.getChildList()
   場所 ICADRenamer.RenameCommand.<ExecuteReplace>g__ChangePart|56_9(SxEntPart& parent, <>c__DisplayClass56_0& ) 場所 C:\Users\Administrator\Source\Repos\takuya1971\ICADRenamer\ICADRenamer\RenameCommand.cs:行 974
2020-01-30 00:50:00.4047|ERROR|子パーツ名変更エラー|->sxnet.SxException:  MSG00004 不当な要素が入力されました。  
   場所 sxnet.SxEntPart.getChildList()
   場所 ICADRenamer.RenameCommand.<ExecuteReplace>g__ChangePart|56_9(SxEntPart& parent, <>c__DisplayClass56_0& ) 場所 C:\Users\Administrator\Source\Repos\takuya1971\ICADRenamer\ICADRenamer\RenameCommand.cs:行 974    場所 sxnet.SxEntPart.getChildList()
   場所 ICADRenamer.RenameCommand.<ExecuteReplace>g__ChangePart|56_9(SxEntPart& parent, <>c__DisplayClass56_0& ) 場所 C:\Users\Administrator\Source\Repos\takuya1971\ICADRenamer\ICADRenamer\RenameCommand.cs:行 974
2020-01-30 00:50:00.4047|ERROR|子パーツ名変更エラー|->sxnet.SxException:  MSG00004 不当な要素が入力されました。  
   場所 sxnet.SxEntPart.getChildList()
   場所 ICADRenamer.RenameCommand.<ExecuteReplace>g__ChangePart|56_9(SxEntPart& parent, <>c__DisplayClass56_0& ) 場所 C:\Users\Administrator\Source\Repos\takuya1971\ICADRenamer\ICADRenamer\RenameCommand.cs:行 974    場所 sxnet.SxEntPart.getChildList()
   場所 ICADRenamer.RenameCommand.<ExecuteReplace>g__ChangePart|56_9(SxEntPart& parent, <>c__DisplayClass56_0& ) 場所 C:\Users\Administrator\Source\Repos\takuya1971\ICADRenamer\ICADRenamer\RenameCommand.cs:行 974
2020-01-30 00:50:00.8507|ERROR|子パーツ名変更エラー|->sxnet.SxException:  MSG00004 不当な要素が入力されました。  
   場所 sxnet.SxEntPart.getChildList()
   場所 ICADRenamer.RenameCommand.<ExecuteReplace>g__ChangePart|56_9(SxEntPart& parent, <>c__DisplayClass56_0& ) 場所 C:\Users\Administrator\Source\Repos\takuya1971\ICADRenamer\ICADRenamer\RenameCommand.cs:行 974    場所 sxnet.SxEntPart.getChildList()
   場所 ICADRenamer.RenameCommand.<ExecuteReplace>g__ChangePart|56_9(SxEntPart& parent, <>c__DisplayClass56_0& ) 場所 C:\Users\Administrator\Source\Repos\takuya1971\ICADRenamer\ICADRenamer\RenameCommand.cs:行 974
2020-01-30 00:50:00.8507|ERROR|子パーツ名変更エラー|->sxnet.SxException:  MSG00004 不当な要素が入力されました。  
   場所 sxnet.SxEntPart.getChildList()
   場所 ICADRenamer.RenameCommand.<ExecuteReplace>g__ChangePart|56_9(SxEntPart& parent, <>c__DisplayClass56_0& ) 場所 C:\Users\Administrator\Source\Repos\takuya1971\ICADRenamer\ICADRenamer\RenameCommand.cs:行 974    場所 sxnet.SxEntPart.getChildList()
   場所 ICADRenamer.RenameCommand.<ExecuteReplace>g__ChangePart|56_9(SxEntPart& parent, <>c__DisplayClass56_0& ) 場所 C:\Users\Administrator\Source\Repos\takuya1971\ICADRenamer\ICADRenamer\RenameCommand.cs:行 974
2020-01-30 00:50:01.2557|ERROR|子パーツ名変更エラー|->sxnet.SxException:  MSG00004 不当な要素が入力されました。  
   場所 sxnet.SxEntPart.getChildList()
   場所 ICADRenamer.RenameCommand.<ExecuteReplace>g__ChangePart|56_9(SxEntPart& parent, <>c__DisplayClass56_0& ) 場所 C:\Users\Administrator\Source\Repos\takuya1971\ICADRenamer\ICADRenamer\RenameCommand.cs:行 974    場所 sxnet.SxEntPart.getChildList()
   場所 ICADRenamer.RenameCommand.<ExecuteReplace>g__ChangePart|56_9(SxEntPart& parent, <>c__DisplayClass56_0& ) 場所 C:\Users\Administrator\Source\Repos\takuya1971\ICADRenamer\ICADRenamer\RenameCommand.cs:行 974
2020-01-30 00:50:01.2557|ERROR|子パーツ名変更エラー|->sxnet.SxException:  MSG00004 不当な要素が入力されました。  
   場所 sxnet.SxEntPart.getChildList()
   場所 ICADRenamer.RenameCommand.<ExecuteReplace>g__ChangePart|56_9(SxEntPart& parent, <>c__DisplayClass56_0& ) 場所 C:\Users\Administrator\Source\Repos\takuya1971\ICADRenamer\ICADRenamer\RenameCommand.cs:行 974    場所 sxnet.SxEntPart.getChildList()
   場所 ICADRenamer.RenameCommand.<ExecuteReplace>g__ChangePart|56_9(SxEntPart& parent, <>c__DisplayClass56_0& ) 場所 C:\Users\Administrator\Source\Repos\takuya1971\ICADRenamer\ICADRenamer\RenameCommand.cs:行 974
2020-01-30 00:50:01.6117|ERROR|子パーツ名変更エラー|->sxnet.SxException:  MSG00004 不当な要素が入力されました。  
   場所 sxnet.SxEntPart.getChildList()
   場所 ICADRenamer.RenameCommand.<ExecuteReplace>g__ChangePart|56_9(SxEntPart& parent, <>c__DisplayClass56_0& ) 場所 C:\Users\Administrator\Source\Repos\takuya1971\ICADRenamer\ICADRenamer\RenameCommand.cs:行 974    場所 sxnet.SxEntPart.getChildList()
   場所 ICADRenamer.RenameCommand.<ExecuteReplace>g__ChangePart|56_9(SxEntPart& parent, <>c__DisplayClass56_0& ) 場所 C:\Users\Administrator\Source\Repos\takuya1971\ICADRenamer\ICADRenamer\RenameCommand.cs:行 974
2020-01-30 00:50:01.6117|ERROR|子パーツ名変更エラー|->sxnet.SxException:  MSG00004 不当な要素が入力されました。  
   場所 sxnet.SxEntPart.getChildList()
   場所 ICADRenamer.RenameCommand.<ExecuteReplace>g__ChangePart|56_9(SxEntPart& parent, <>c__DisplayClass56_0& ) 場所 C:\Users\Administrator\Source\Repos\takuya1971\ICADRenamer\ICADRenamer\RenameCommand.cs:行 974    場所 sxnet.SxEntPart.getChildList()
   場所 ICADRenamer.RenameCommand.<ExecuteReplace>g__ChangePart|56_9(SxEntPart& parent, <>c__DisplayClass56_0& ) 場所 C:\Users\Administrator\Source\Repos\takuya1971\ICADRenamer\ICADRenamer\RenameCommand.cs:行 974
2020-01-30 00:50:02.0857|ERROR|子パーツ名変更エラー|->sxnet.SxException:  MSG00004 不当な要素が入力されました。  
   場所 sxnet.SxEntPart.getChildList()
   場所 ICADRenamer.RenameCommand.<ExecuteReplace>g__ChangePart|56_9(SxEntPart& parent, <>c__DisplayClass56_0& ) 場所 C:\Users\Administrator\Source\Repos\takuya1971\ICADRenamer\ICADRenamer\RenameCommand.cs:行 974    場所 sxnet.SxEntPart.getChildList()
   場所 ICADRenamer.RenameCommand.<ExecuteReplace>g__ChangePart|56_9(SxEntPart& parent, <>c__DisplayClass56_0& ) 場所 C:\Users\Administrator\Source\Repos\takuya1971\ICADRenamer\ICADRenamer\RenameCommand.cs:行 974
2020-01-30 00:50:02.0857|ERROR|子パーツ名変更エラー|->sxnet.SxException:  MSG00004 不当な要素が入力されました。  
   場所 sxnet.SxEntPart.getChildList()
   場所 ICADRenamer.RenameCommand.<ExecuteReplace>g__ChangePart|56_9(SxEntPart& parent, <>c__DisplayClass56_0& ) 場所 C:\Users\Administrator\Source\Repos\takuya1971\ICADRenamer\ICADRenamer\RenameCommand.cs:行 974    場所 sxnet.SxEntPart.getChildList()
   場所 ICADRenamer.RenameCommand.<ExecuteReplace>g__ChangePart|56_9(SxEntPart& parent, <>c__DisplayClass56_0& ) 場所 C:\Users\Administrator\Source\Repos\takuya1971\ICADRenamer\ICADRenamer\RenameCommand.cs:行 974
2020-01-30 00:50:02.4497|ERROR|子パーツ名変更エラー|->sxnet.SxException:  MSG00004 不当な要素が入力されました。  
   場所 sxnet.SxEntPart.getChildList()
   場所 ICADRenamer.RenameCommand.<ExecuteReplace>g__ChangePart|56_9(SxEntPart& parent, <>c__DisplayClass56_0& ) 場所 C:\Users\Administrator\Source\Repos\takuya1971\ICADRenamer\ICADRenamer\RenameCommand.cs:行 974    場所 sxnet.SxEntPart.getChildList()
   場所 ICADRenamer.RenameCommand.<ExecuteReplace>g__ChangePart|56_9(SxEntPart& parent, <>c__DisplayClass56_0& ) 場所 C:\Users\Administrator\Source\Repos\takuya1971\ICADRenamer\ICADRenamer\RenameCommand.cs:行 974
2020-01-30 00:50:02.4497|ERROR|子パーツ名変更エラー|->sxnet.SxException:  MSG00004 不当な要素が入力されました。  
   場所 sxnet.SxEntPart.getChildList()
   場所 ICADRenamer.RenameCommand.<ExecuteReplace>g__ChangePart|56_9(SxEntPart& parent, <>c__DisplayClass56_0& ) 場所 C:\Users\Administrator\Source\Repos\takuya1971\ICADRenamer\ICADRenamer\RenameCommand.cs:行 974    場所 sxnet.SxEntPart.getChildList()
   場所 ICADRenamer.RenameCommand.<ExecuteReplace>g__ChangePart|56_9(SxEntPart& parent, <>c__DisplayClass56_0& ) 場所 C:\Users\Administrator\Source\Repos\takuya1971\ICADRenamer\ICADRenamer\RenameCommand.cs:行 974
2020-01-30 00:50:02.8607|ERROR|子パーツ名変更エラー|->sxnet.SxException:  MSG00004 不当な要素が入力されました。  
   場所 sxnet.SxEntPart.getChildList()
   場所 ICADRenamer.RenameCommand.<ExecuteReplace>g__ChangePart|56_9(SxEntPart& parent, <>c__DisplayClass56_0& ) 場所 C:\Users\Administrator\Source\Repos\takuya1971\ICADRenamer\ICADRenamer\RenameCommand.cs:行 974    場所 sxnet.SxEntPart.getChildList()
   場所 ICADRenamer.RenameCommand.<ExecuteReplace>g__ChangePart|56_9(SxEntPart& parent, <>c__DisplayClass56_0& ) 場所 C:\Users\Administrator\Source\Repos\takuya1971\ICADRenamer\ICADRenamer\RenameCommand.cs:行 974
2020-01-30 00:50:02.8607|ERROR|子パーツ名変更エラー|->sxnet.SxException:  MSG00004 不当な要素が入力されました。  
   場所 sxnet.SxEntPart.getChildList()
   場所 ICADRenamer.RenameCommand.<ExecuteReplace>g__ChangePart|56_9(SxEntPart& parent, <>c__DisplayClass56_0& ) 場所 C:\Users\Administrator\Source\Repos\takuya1971\ICADRenamer\ICADRenamer\RenameCommand.cs:行 974    場所 sxnet.SxEntPart.getChildList()
   場所 ICADRenamer.RenameCommand.<ExecuteReplace>g__ChangePart|56_9(SxEntPart& parent, <>c__DisplayClass56_0& ) 場所 C:\Users\Administrator\Source\Repos\takuya1971\ICADRenamer\ICADRenamer\RenameCommand.cs:行 974
2020-01-30 00:50:03.2897|ERROR|子パーツ名変更エラー|->sxnet.SxException:  MSG00004 不当な要素が入力されました。  
   場所 sxnet.SxEntPart.getChildList()
   場所 ICADRenamer.RenameCommand.<ExecuteReplace>g__ChangePart|56_9(SxEntPart& parent, <>c__DisplayClass56_0& ) 場所 C:\Users\Administrator\Source\Repos\takuya1971\ICADRenamer\ICADRenamer\RenameCommand.cs:行 974    場所 sxnet.SxEntPart.getChildList()
   場所 ICADRenamer.RenameCommand.<ExecuteReplace>g__ChangePart|56_9(SxEntPart& parent, <>c__DisplayClass56_0& ) 場所 C:\Users\Administrator\Source\Repos\takuya1971\ICADRenamer\ICADRenamer\RenameCommand.cs:行 974
2020-01-30 00:50:03.2897|ERROR|子パーツ名変更エラー|->sxnet.SxException:  MSG00004 不当な要素が入力されました。  
   場所 sxnet.SxEntPart.getChildList()
   場所 ICADRenamer.RenameCommand.<ExecuteReplace>g__ChangePart|56_9(SxEntPart& parent, <>c__DisplayClass56_0& ) 場所 C:\Users\Administrator\Source\Repos\takuya1971\ICADRenamer\ICADRenamer\RenameCommand.cs:行 974    場所 sxnet.SxEntPart.getChildList()
   場所 ICADRenamer.RenameCommand.<ExecuteReplace>g__ChangePart|56_9(SxEntPart& parent, <>c__DisplayClass56_0& ) 場所 C:\Users\Administrator\Source\Repos\takuya1971\ICADRenamer\ICADRenamer\RenameCommand.cs:行 974
2020-01-30 00:51:34.2087|ERROR|子パーツ名変更エラー|->sxnet.SxException:  MSG00004 不当な要素が入力されました。  
   場所 sxnet.SxEntPart.getChildList()
   場所 ICADRenamer.RenameCommand.<ExecuteReplace>g__ChangePart|56_9(SxEntPart& parent, <>c__DisplayClass56_0& ) 場所 C:\Users\Administrator\Source\Repos\takuya1971\ICADRenamer\ICADRenamer\RenameCommand.cs:行 974    場所 sxnet.SxEntPart.getChildList()
   場所 ICADRenamer.RenameCommand.<ExecuteReplace>g__ChangePart|56_9(SxEntPart& parent, <>c__DisplayClass56_0& ) 場所 C:\Users\Administrator\Source\Repos\takuya1971\ICADRenamer\ICADRenamer\RenameCommand.cs:行 974
2020-01-30 00:51:34.2087|ERROR|子パーツ名変更エラー|->sxnet.SxException:  MSG00004 不当な要素が入力されました。  
   場所 sxnet.SxEntPart.getChildList()
   場所 ICADRenamer.RenameCommand.<ExecuteReplace>g__ChangePart|56_9(SxEntPart& parent, <>c__DisplayClass56_0& ) 場所 C:\Users\Administrator\Source\Repos\takuya1971\ICADRenamer\ICADRenamer\RenameCommand.cs:行 974    場所 sxnet.SxEntPart.getChildList()
   場所 ICADRenamer.RenameCommand.<ExecuteReplace>g__ChangePart|56_9(SxEntPart& parent, <>c__DisplayClass56_0& ) 場所 C:\Users\Administrator\Source\Repos\takuya1971\ICADRenamer\ICADRenamer\RenameCommand.cs:行 974
2020-01-30 00:51:39.3387|ERROR|子パーツ名変更エラー|->sxnet.SxException:  MSG00004 不当な要素が入力されました。  
   場所 sxnet.SxEntPart.getChildList()
   場所 ICADRenamer.RenameCommand.<ExecuteReplace>g__ChangePart|56_9(SxEntPart& parent, <>c__DisplayClass56_0& ) 場所 C:\Users\Administrator\Source\Repos\takuya1971\ICADRenamer\ICADRenamer\RenameCommand.cs:行 974    場所 sxnet.SxEntPart.getChildList()
   場所 ICADRenamer.RenameCommand.<ExecuteReplace>g__ChangePart|56_9(SxEntPart& parent, <>c__DisplayClass56_0& ) 場所 C:\Users\Administrator\Source\Repos\takuya1971\ICADRenamer\ICADRenamer\RenameCommand.cs:行 974
2020-01-30 00:51:39.3387|ERROR|子パーツ名変更エラー|->sxnet.SxException:  MSG00004 不当な要素が入力されました。  
   場所 sxnet.SxEntPart.getChildList()
   場所 ICADRenamer.RenameCommand.<ExecuteReplace>g__ChangePart|56_9(SxEntPart& parent, <>c__DisplayClass56_0& ) 場所 C:\Users\Administrator\Source\Repos\takuya1971\ICADRenamer\ICADRenamer\RenameCommand.cs:行 974    場所 sxnet.SxEntPart.getChildList()
   場所 ICADRenamer.RenameCommand.<ExecuteReplace>g__ChangePart|56_9(SxEntPart& parent, <>c__DisplayClass56_0& ) 場所 C:\Users\Administrator\Source\Repos\takuya1971\ICADRenamer\ICADRenamer\RenameCommand.cs:行 974
2020-01-30 00:51:39.7757|ERROR|子パーツ名変更エラー|->sxnet.SxException:  MSG00004 不当な要素が入力されました。  
   場所 sxnet.SxEntPart.getChildList()
   場所 ICADRenamer.RenameCommand.<ExecuteReplace>g__ChangePart|56_9(SxEntPart& parent, <>c__DisplayClass56_0& ) 場所 C:\Users\Administrator\Source\Repos\takuya1971\ICADRenamer\ICADRenamer\RenameCommand.cs:行 974    場所 sxnet.SxEntPart.getChildList()
   場所 ICADRenamer.RenameCommand.<ExecuteReplace>g__ChangePart|56_9(SxEntPart& parent, <>c__DisplayClass56_0& ) 場所 C:\Users\Administrator\Source\Repos\takuya1971\ICADRenamer\ICADRenamer\RenameCommand.cs:行 974
2020-01-30 00:51:39.7757|ERROR|子パーツ名変更エラー|->sxnet.SxException:  MSG00004 不当な要素が入力されました。  
   場所 sxnet.SxEntPart.getChildList()
   場所 ICADRenamer.RenameCommand.<ExecuteReplace>g__ChangePart|56_9(SxEntPart& parent, <>c__DisplayClass56_0& ) 場所 C:\Users\Administrator\Source\Repos\takuya1971\ICADRenamer\ICADRenamer\RenameCommand.cs:行 974    場所 sxnet.SxEntPart.getChildList()
   場所 ICADRenamer.RenameCommand.<ExecuteReplace>g__ChangePart|56_9(SxEntPart& parent, <>c__DisplayClass56_0& ) 場所 C:\Users\Administrator\Source\Repos\takuya1971\ICADRenamer\ICADRenamer\RenameCommand.cs:行 974
2020-01-30 00:51:40.1877|ERROR|子パーツ名変更エラー|->sxnet.SxException:  MSG00004 不当な要素が入力されました。  
   場所 sxnet.SxEntPart.getChildList()
   場所 ICADRenamer.RenameCommand.<ExecuteReplace>g__ChangePart|56_9(SxEntPart& parent, <>c__DisplayClass56_0& ) 場所 C:\Users\Administrator\Source\Repos\takuya1971\ICADRenamer\ICADRenamer\RenameCommand.cs:行 974    場所 sxnet.SxEntPart.getChildList()
   場所 ICADRenamer.RenameCommand.<ExecuteReplace>g__ChangePart|56_9(SxEntPart& parent, <>c__DisplayClass56_0& ) 場所 C:\Users\Administrator\Source\Repos\takuya1971\ICADRenamer\ICADRenamer\RenameCommand.cs:行 974
2020-01-30 00:51:40.1877|ERROR|子パーツ名変更エラー|->sxnet.SxException:  MSG00004 不当な要素が入力されました。  
   場所 sxnet.SxEntPart.getChildList()
   場所 ICADRenamer.RenameCommand.<ExecuteReplace>g__ChangePart|56_9(SxEntPart& parent, <>c__DisplayClass56_0& ) 場所 C:\Users\Administrator\Source\Repos\takuya1971\ICADRenamer\ICADRenamer\RenameCommand.cs:行 974    場所 sxnet.SxEntPart.getChildList()
   場所 ICADRenamer.RenameCommand.<ExecuteReplace>g__ChangePart|56_9(SxEntPart& parent, <>c__DisplayClass56_0& ) 場所 C:\Users\Administrator\Source\Repos\takuya1971\ICADRenamer\ICADRenamer\RenameCommand.cs:行 974
2020-01-30 00:51:42.9857|ERROR|子パーツ名変更エラー|->sxnet.SxException:  MSG00004 不当な要素が入力されました。  
   場所 sxnet.SxEntPart.getChildList()
   場所 ICADRenamer.RenameCommand.<ExecuteReplace>g__ChangePart|56_9(SxEntPart& parent, <>c__DisplayClass56_0& ) 場所 C:\Users\Administrator\Source\Repos\takuya1971\ICADRenamer\ICADRenamer\RenameCommand.cs:行 974    場所 sxnet.SxEntPart.getChildList()
   場所 ICADRenamer.RenameCommand.<ExecuteReplace>g__ChangePart|56_9(SxEntPart& parent, <>c__DisplayClass56_0& ) 場所 C:\Users\Administrator\Source\Repos\takuya1971\ICADRenamer\ICADRenamer\RenameCommand.cs:行 974
2020-01-30 00:51:42.9857|ERROR|子パーツ名変更エラー|->sxnet.SxException:  MSG00004 不当な要素が入力されました。  
   場所 sxnet.SxEntPart.getChildList()
   場所 ICADRenamer.RenameCommand.<ExecuteReplace>g__ChangePart|56_9(SxEntPart& parent, <>c__DisplayClass56_0& ) 場所 C:\Users\Administrator\Source\Repos\takuya1971\ICADRenamer\ICADRenamer\RenameCommand.cs:行 974    場所 sxnet.SxEntPart.getChildList()
   場所 ICADRenamer.RenameCommand.<ExecuteReplace>g__ChangePart|56_9(SxEntPart& parent, <>c__DisplayClass56_0& ) 場所 C:\Users\Administrator\Source\Repos\takuya1971\ICADRenamer\ICADRenamer\RenameCommand.cs:行 974
2020-01-30 00:51:45.7247|ERROR|子パーツ名変更エラー|->sxnet.SxException:  MSG00004 不当な要素が入力されました。  
   場所 sxnet.SxEntPart.getChildList()
   場所 ICADRenamer.RenameCommand.<ExecuteReplace>g__ChangePart|56_9(SxEntPart& parent, <>c__DisplayClass56_0& ) 場所 C:\Users\Administrator\Source\Repos\takuya1971\ICADRenamer\ICADRenamer\RenameCommand.cs:行 974    場所 sxnet.SxEntPart.getChildList()
   場所 ICADRenamer.RenameCommand.<ExecuteReplace>g__ChangePart|56_9(SxEntPart& parent, <>c__DisplayClass56_0& ) 場所 C:\Users\Administrator\Source\Repos\takuya1971\ICADRenamer\ICADRenamer\RenameCommand.cs:行 974
2020-01-30 00:51:45.7247|ERROR|子パーツ名変更エラー|->sxnet.SxException:  MSG00004 不当な要素が入力されました。  
   場所 sxnet.SxEntPart.getChildList()
   場所 ICADRenamer.RenameCommand.<ExecuteReplace>g__ChangePart|56_9(SxEntPart& parent, <>c__DisplayClass56_0& ) 場所 C:\Users\Administrator\Source\Repos\takuya1971\ICADRenamer\ICADRenamer\RenameCommand.cs:行 974    場所 sxnet.SxEntPart.getChildList()
   場所 ICADRenamer.RenameCommand.<ExecuteReplace>g__ChangePart|56_9(SxEntPart& parent, <>c__DisplayClass56_0& ) 場所 C:\Users\Administrator\Source\Repos\takuya1971\ICADRenamer\ICADRenamer\RenameCommand.cs:行 974
2020-01-30 00:51:48.6127|ERROR|子パーツ名変更エラー|->sxnet.SxException:  MSG00004 不当な要素が入力されました。  
   場所 sxnet.SxEntPart.getChildList()
   場所 ICADRenamer.RenameCommand.<ExecuteReplace>g__ChangePart|56_9(SxEntPart& parent, <>c__DisplayClass56_0& ) 場所 C:\Users\Administrator\Source\Repos\takuya1971\ICADRenamer\ICADRenamer\RenameCommand.cs:行 974    場所 sxnet.SxEntPart.getChildList()
   場所 ICADRenamer.RenameCommand.<ExecuteReplace>g__ChangePart|56_9(SxEntPart& parent, <>c__DisplayClass56_0& ) 場所 C:\Users\Administrator\Source\Repos\takuya1971\ICADRenamer\ICADRenamer\RenameCommand.cs:行 974
2020-01-30 00:51:48.6127|ERROR|子パーツ名変更エラー|->sxnet.SxException:  MSG00004 不当な要素が入力されました。  
   場所 sxnet.SxEntPart.getChildList()
   場所 ICADRenamer.RenameCommand.<ExecuteReplace>g__ChangePart|56_9(SxEntPart& parent, <>c__DisplayClass56_0& ) 場所 C:\Users\Administrator\Source\Repos\takuya1971\ICADRenamer\ICADRenamer\RenameCommand.cs:行 974    場所 sxnet.SxEntPart.getChildList()
   場所 ICADRenamer.RenameCommand.<ExecuteReplace>g__ChangePart|56_9(SxEntPart& parent, <>c__DisplayClass56_0& ) 場所 C:\Users\Administrator\Source\Repos\takuya1971\ICADRenamer\ICADRenamer\RenameCommand.cs:行 974
2020-01-30 00:51:49.0217|ERROR|子パーツ名変更エラー|->sxnet.SxException:  MSG00004 不当な要素が入力されました。  
   場所 sxnet.SxEntPart.getChildList()
   場所 ICADRenamer.RenameCommand.<ExecuteReplace>g__ChangePart|56_9(SxEntPart& parent, <>c__DisplayClass56_0& ) 場所 C:\Users\Administrator\Source\Repos\takuya1971\ICADRenamer\ICADRenamer\RenameCommand.cs:行 974    場所 sxnet.SxEntPart.getChildList()
   場所 ICADRenamer.RenameCommand.<ExecuteReplace>g__ChangePart|56_9(SxEntPart& parent, <>c__DisplayClass56_0& ) 場所 C:\Users\Administrator\Source\Repos\takuya1971\ICADRenamer\ICADRenamer\RenameCommand.cs:行 974
2020-01-30 00:51:49.0217|ERROR|子パーツ名変更エラー|->sxnet.SxException:  MSG00004 不当な要素が入力されました。  
   場所 sxnet.SxEntPart.getChildList()
   場所 ICADRenamer.RenameCommand.<ExecuteReplace>g__ChangePart|56_9(SxEntPart& parent, <>c__DisplayClass56_0& ) 場所 C:\Users\Administrator\Source\Repos\takuya1971\ICADRenamer\ICADRenamer\RenameCommand.cs:行 974    場所 sxnet.SxEntPart.getChildList()
   場所 ICADRenamer.RenameCommand.<ExecuteReplace>g__ChangePart|56_9(SxEntPart& parent, <>c__DisplayClass56_0& ) 場所 C:\Users\Administrator\Source\Repos\takuya1971\ICADRenamer\ICADRenamer\RenameCommand.cs:行 974
2020-01-30 00:51:49.4096|ERROR|子パーツ名変更エラー|->sxnet.SxException:  MSG00004 不当な要素が入力されました。  
   場所 sxnet.SxEntPart.getChildList()
   場所 ICADRenamer.RenameCommand.<ExecuteReplace>g__ChangePart|56_9(SxEntPart& parent, <>c__DisplayClass56_0& ) 場所 C:\Users\Administrator\Source\Repos\takuya1971\ICADRenamer\ICADRenamer\RenameCommand.cs:行 974    場所 sxnet.SxEntPart.getChildList()
   場所 ICADRenamer.RenameCommand.<ExecuteReplace>g__ChangePart|56_9(SxEntPart& parent, <>c__DisplayClass56_0& ) 場所 C:\Users\Administrator\Source\Repos\takuya1971\ICADRenamer\ICADRenamer\RenameCommand.cs:行 974
2020-01-30 00:51:49.4096|ERROR|子パーツ名変更エラー|->sxnet.SxException:  MSG00004 不当な要素が入力されました。  
   場所 sxnet.SxEntPart.getChildList()
   場所 ICADRenamer.RenameCommand.<ExecuteReplace>g__ChangePart|56_9(SxEntPart& parent, <>c__DisplayClass56_0& ) 場所 C:\Users\Administrator\Source\Repos\takuya1971\ICADRenamer\ICADRenamer\RenameCommand.cs:行 974    場所 sxnet.SxEntPart.getChildList()
   場所 ICADRenamer.RenameCommand.<ExecuteReplace>g__ChangePart|56_9(SxEntPart& parent, <>c__DisplayClass56_0& ) 場所 C:\Users\Administrator\Source\Repos\takuya1971\ICADRenamer\ICADRenamer\RenameCommand.cs:行 974
2020-01-30 00:51:52.2146|ERROR|子パーツ名変更エラー|->sxnet.SxException:  MSG00004 不当な要素が入力されました。  
   場所 sxnet.SxEntPart.getChildList()
   場所 ICADRenamer.RenameCommand.<ExecuteReplace>g__ChangePart|56_9(SxEntPart& parent, <>c__DisplayClass56_0& ) 場所 C:\Users\Administrator\Source\Repos\takuya1971\ICADRenamer\ICADRenamer\RenameCommand.cs:行 974    場所 sxnet.SxEntPart.getChildList()
   場所 ICADRenamer.RenameCommand.<ExecuteReplace>g__ChangePart|56_9(SxEntPart& parent, <>c__DisplayClass56_0& ) 場所 C:\Users\Administrator\Source\Repos\takuya1971\ICADRenamer\ICADRenamer\RenameCommand.cs:行 974
2020-01-30 00:51:52.2146|ERROR|子パーツ名変更エラー|->sxnet.SxException:  MSG00004 不当な要素が入力されました。  
   場所 sxnet.SxEntPart.getChildList()
   場所 ICADRenamer.RenameCommand.<ExecuteReplace>g__ChangePart|56_9(SxEntPart& parent, <>c__DisplayClass56_0& ) 場所 C:\Users\Administrator\Source\Repos\takuya1971\ICADRenamer\ICADRenamer\RenameCommand.cs:行 974    場所 sxnet.SxEntPart.getChildList()
   場所 ICADRenamer.RenameCommand.<ExecuteReplace>g__ChangePart|56_9(SxEntPart& parent, <>c__DisplayClass56_0& ) 場所 C:\Users\Administrator\Source\Repos\takuya1971\ICADRenamer\ICADRenamer\RenameCommand.cs:行 974
2020-01-30 00:51:55.0326|ERROR|子パーツ名変更エラー|->sxnet.SxException:  MSG00004 不当な要素が入力されました。  
   場所 sxnet.SxEntPart.getChildList()
   場所 ICADRenamer.RenameCommand.<ExecuteReplace>g__ChangePart|56_9(SxEntPart& parent, <>c__DisplayClass56_0& ) 場所 C:\Users\Administrator\Source\Repos\takuya1971\ICADRenamer\ICADRenamer\RenameCommand.cs:行 974    場所 sxnet.SxEntPart.getChildList()
   場所 ICADRenamer.RenameCommand.<ExecuteReplace>g__ChangePart|56_9(SxEntPart& parent, <>c__DisplayClass56_0& ) 場所 C:\Users\Administrator\Source\Repos\takuya1971\ICADRenamer\ICADRenamer\RenameCommand.cs:行 974
2020-01-30 00:51:55.0326|ERROR|子パーツ名変更エラー|->sxnet.SxException:  MSG00004 不当な要素が入力されました。  
   場所 sxnet.SxEntPart.getChildList()
   場所 ICADRenamer.RenameCommand.<ExecuteReplace>g__ChangePart|56_9(SxEntPart& parent, <>c__DisplayClass56_0& ) 場所 C:\Users\Administrator\Source\Repos\takuya1971\ICADRenamer\ICADRenamer\RenameCommand.cs:行 974    場所 sxnet.SxEntPart.getChildList()
   場所 ICADRenamer.RenameCommand.<ExecuteReplace>g__ChangePart|56_9(SxEntPart& parent, <>c__DisplayClass56_0& ) 場所 C:\Users\Administrator\Source\Repos\takuya1971\ICADRenamer\ICADRenamer\RenameCommand.cs:行 974
2020-01-30 00:51:55.4656|ERROR|子パーツ名変更エラー|->sxnet.SxException:  MSG00004 不当な要素が入力されました。  
   場所 sxnet.SxEntPart.getChildList()
   場所 ICADRenamer.RenameCommand.<ExecuteReplace>g__ChangePart|56_9(SxEntPart& parent, <>c__DisplayClass56_0& ) 場所 C:\Users\Administrator\Source\Repos\takuya1971\ICADRenamer\ICADRenamer\RenameCommand.cs:行 974    場所 sxnet.SxEntPart.getChildList()
   場所 ICADRenamer.RenameCommand.<ExecuteReplace>g__ChangePart|56_9(SxEntPart& parent, <>c__DisplayClass56_0& ) 場所 C:\Users\Administrator\Source\Repos\takuya1971\ICADRenamer\ICADRenamer\RenameCommand.cs:行 974
2020-01-30 00:51:55.4656|ERROR|子パーツ名変更エラー|->sxnet.SxException:  MSG00004 不当な要素が入力されました。  
   場所 sxnet.SxEntPart.getChildList()
   場所 ICADRenamer.RenameCommand.<ExecuteReplace>g__ChangePart|56_9(SxEntPart& parent, <>c__DisplayClass56_0& ) 場所 C:\Users\Administrator\Source\Repos\takuya1971\ICADRenamer\ICADRenamer\RenameCommand.cs:行 974    場所 sxnet.SxEntPart.getChildList()
   場所 ICADRenamer.RenameCommand.<ExecuteReplace>g__ChangePart|56_9(SxEntPart& parent, <>c__DisplayClass56_0& ) 場所 C:\Users\Administrator\Source\Repos\takuya1971\ICADRenamer\ICADRenamer\RenameCommand.cs:行 974
2020-01-30 00:52:00.6996|ERROR|子パーツ名変更エラー|->sxnet.SxException:  MSG00004 不当な要素が入力されました。  
   場所 sxnet.SxEntPart.getChildList()
   場所 ICADRenamer.RenameCommand.<ExecuteReplace>g__ChangePart|56_9(SxEntPart& parent, <>c__DisplayClass56_0& ) 場所 C:\Users\Administrator\Source\Repos\takuya1971\ICADRenamer\ICADRenamer\RenameCommand.cs:行 974    場所 sxnet.SxEntPart.getChildList()
   場所 ICADRenamer.RenameCommand.<ExecuteReplace>g__ChangePart|56_9(SxEntPart& parent, <>c__DisplayClass56_0& ) 場所 C:\Users\Administrator\Source\Repos\takuya1971\ICADRenamer\ICADRenamer\RenameCommand.cs:行 974
2020-01-30 00:52:00.6996|ERROR|子パーツ名変更エラー|->sxnet.SxException:  MSG00004 不当な要素が入力されました。  
   場所 sxnet.SxEntPart.getChildList()
   場所 ICADRenamer.RenameCommand.<ExecuteReplace>g__ChangePart|56_9(SxEntPart& parent, <>c__DisplayClass56_0& ) 場所 C:\Users\Administrator\Source\Repos\takuya1971\ICADRenamer\ICADRenamer\RenameCommand.cs:行 974    場所 sxnet.SxEntPart.getChildList()
   場所 ICADRenamer.RenameCommand.<ExecuteReplace>g__ChangePart|56_9(SxEntPart& parent, <>c__DisplayClass56_0& ) 場所 C:\Users\Administrator\Source\Repos\takuya1971\ICADRenamer\ICADRenamer\RenameCommand.cs:行 974
2020-01-30 00:52:01.1556|ERROR|子パーツ名変更エラー|->sxnet.SxException:  MSG00004 不当な要素が入力されました。  
   場所 sxnet.SxEntPart.getChildList()
   場所 ICADRenamer.RenameCommand.<ExecuteReplace>g__ChangePart|56_9(SxEntPart& parent, <>c__DisplayClass56_0& ) 場所 C:\Users\Administrator\Source\Repos\takuya1971\ICADRenamer\ICADRenamer\RenameCommand.cs:行 974    場所 sxnet.SxEntPart.getChildList()
   場所 ICADRenamer.RenameCommand.<ExecuteReplace>g__ChangePart|56_9(SxEntPart& parent, <>c__DisplayClass56_0& ) 場所 C:\Users\Administrator\Source\Repos\takuya1971\ICADRenamer\ICADRenamer\RenameCommand.cs:行 974
2020-01-30 00:52:01.1556|ERROR|子パーツ名変更エラー|->sxnet.SxException:  MSG00004 不当な要素が入力されました。  
   場所 sxnet.SxEntPart.getChildList()
   場所 ICADRenamer.RenameCommand.<ExecuteReplace>g__ChangePart|56_9(SxEntPart& parent, <>c__DisplayClass56_0& ) 場所 C:\Users\Administrator\Source\Repos\takuya1971\ICADRenamer\ICADRenamer\RenameCommand.cs:行 974    場所 sxnet.SxEntPart.getChildList()
   場所 ICADRenamer.RenameCommand.<ExecuteReplace>g__ChangePart|56_9(SxEntPart& parent, <>c__DisplayClass56_0& ) 場所 C:\Users\Administrator\Source\Repos\takuya1971\ICADRenamer\ICADRenamer\RenameCommand.cs:行 974
2020-01-30 00:52:01.5296|ERROR|子パーツ名変更エラー|->sxnet.SxException:  MSG00004 不当な要素が入力されました。  
   場所 sxnet.SxEntPart.getChildList()
   場所 ICADRenamer.RenameCommand.<ExecuteReplace>g__ChangePart|56_9(SxEntPart& parent, <>c__DisplayClass56_0& ) 場所 C:\Users\Administrator\Source\Repos\takuya1971\ICADRenamer\ICADRenamer\RenameCommand.cs:行 974    場所 sxnet.SxEntPart.getChildList()
   場所 ICADRenamer.RenameCommand.<ExecuteReplace>g__ChangePart|56_9(SxEntPart& parent, <>c__DisplayClass56_0& ) 場所 C:\Users\Administrator\Source\Repos\takuya1971\ICADRenamer\ICADRenamer\RenameCommand.cs:行 974
2020-01-30 00:52:01.5296|ERROR|子パーツ名変更エラー|->sxnet.SxException:  MSG00004 不当な要素が入力されました。  
   場所 sxnet.SxEntPart.getChildList()
   場所 ICADRenamer.RenameCommand.<ExecuteReplace>g__ChangePart|56_9(SxEntPart& parent, <>c__DisplayClass56_0& ) 場所 C:\Users\Administrator\Source\Repos\takuya1971\ICADRenamer\ICADRenamer\RenameCommand.cs:行 974    場所 sxnet.SxEntPart.getChildList()
   場所 ICADRenamer.RenameCommand.<ExecuteReplace>g__ChangePart|56_9(SxEntPart& parent, <>c__DisplayClass56_0& ) 場所 C:\Users\Administrator\Source\Repos\takuya1971\ICADRenamer\ICADRenamer\RenameCommand.cs:行 974
2020-01-30 00:52:01.9456|ERROR|子パーツ名変更エラー|->sxnet.SxException:  MSG00004 不当な要素が入力されました。  
   場所 sxnet.SxEntPart.getChildList()
   場所 ICADRenamer.RenameCommand.<ExecuteReplace>g__ChangePart|56_9(SxEntPart& parent, <>c__DisplayClass56_0& ) 場所 C:\Users\Administrator\Source\Repos\takuya1971\ICADRenamer\ICADRenamer\RenameCommand.cs:行 974    場所 sxnet.SxEntPart.getChildList()
   場所 ICADRenamer.RenameCommand.<ExecuteReplace>g__ChangePart|56_9(SxEntPart& parent, <>c__DisplayClass56_0& ) 場所 C:\Users\Administrator\Source\Repos\takuya1971\ICADRenamer\ICADRenamer\RenameCommand.cs:行 974
2020-01-30 00:52:01.9456|ERROR|子パーツ名変更エラー|->sxnet.SxException:  MSG00004 不当な要素が入力されました。  
   場所 sxnet.SxEntPart.getChildList()
   場所 ICADRenamer.RenameCommand.<ExecuteReplace>g__ChangePart|56_9(SxEntPart& parent, <>c__DisplayClass56_0& ) 場所 C:\Users\Administrator\Source\Repos\takuya1971\ICADRenamer\ICADRenamer\RenameCommand.cs:行 974    場所 sxnet.SxEntPart.getChildList()
   場所 ICADRenamer.RenameCommand.<ExecuteReplace>g__ChangePart|56_9(SxEntPart& parent, <>c__DisplayClass56_0& ) 場所 C:\Users\Administrator\Source\Repos\takuya1971\ICADRenamer\ICADRenamer\RenameCommand.cs:行 974
2020-01-30 00:52:04.7526|ERROR|子パーツ名変更エラー|->sxnet.SxException:  MSG00004 不当な要素が入力されました。  
   場所 sxnet.SxEntPart.getChildList()
   場所 ICADRenamer.RenameCommand.<ExecuteReplace>g__ChangePart|56_9(SxEntPart& parent, <>c__DisplayClass56_0& ) 場所 C:\Users\Administrator\Source\Repos\takuya1971\ICADRenamer\ICADRenamer\RenameCommand.cs:行 974    場所 sxnet.SxEntPart.getChildList()
   場所 ICADRenamer.RenameCommand.<ExecuteReplace>g__ChangePart|56_9(SxEntPart& parent, <>c__DisplayClass56_0& ) 場所 C:\Users\Administrator\Source\Repos\takuya1971\ICADRenamer\ICADRenamer\RenameCommand.cs:行 974
2020-01-30 00:52:04.7526|ERROR|子パーツ名変更エラー|->sxnet.SxException:  MSG00004 不当な要素が入力されました。  
   場所 sxnet.SxEntPart.getChildList()
   場所 ICADRenamer.RenameCommand.<ExecuteReplace>g__ChangePart|56_9(SxEntPart& parent, <>c__DisplayClass56_0& ) 場所 C:\Users\Administrator\Source\Repos\takuya1971\ICADRenamer\ICADRenamer\RenameCommand.cs:行 974    場所 sxnet.SxEntPart.getChildList()
   場所 ICADRenamer.RenameCommand.<ExecuteReplace>g__ChangePart|56_9(SxEntPart& parent, <>c__DisplayClass56_0& ) 場所 C:\Users\Administrator\Source\Repos\takuya1971\ICADRenamer\ICADRenamer\RenameCommand.cs:行 974
2020-01-30 00:52:05.1966|ERROR|子パーツ名変更エラー|->sxnet.SxException:  MSG00004 不当な要素が入力されました。  
   場所 sxnet.SxEntPart.getChildList()
   場所 ICADRenamer.RenameCommand.<ExecuteReplace>g__ChangePart|56_9(SxEntPart& parent, <>c__DisplayClass56_0& ) 場所 C:\Users\Administrator\Source\Repos\takuya1971\ICADRenamer\ICADRenamer\RenameCommand.cs:行 974    場所 sxnet.SxEntPart.getChildList()
   場所 ICADRenamer.RenameCommand.<ExecuteReplace>g__ChangePart|56_9(SxEntPart& parent, <>c__DisplayClass56_0& ) 場所 C:\Users\Administrator\Source\Repos\takuya1971\ICADRenamer\ICADRenamer\RenameCommand.cs:行 974
2020-01-30 00:52:05.1966|ERROR|子パーツ名変更エラー|->sxnet.SxException:  MSG00004 不当な要素が入力されました。  
   場所 sxnet.SxEntPart.getChildList()
   場所 ICADRenamer.RenameCommand.<ExecuteReplace>g__ChangePart|56_9(SxEntPart& parent, <>c__DisplayClass56_0& ) 場所 C:\Users\Administrator\Source\Repos\takuya1971\ICADRenamer\ICADRenamer\RenameCommand.cs:行 974    場所 sxnet.SxEntPart.getChildList()
   場所 ICADRenamer.RenameCommand.<ExecuteReplace>g__ChangePart|56_9(SxEntPart& parent, <>c__DisplayClass56_0& ) 場所 C:\Users\Administrator\Source\Repos\takuya1971\ICADRenamer\ICADRenamer\RenameCommand.cs:行 974
2020-01-30 00:52:05.5596|ERROR|子パーツ名変更エラー|->sxnet.SxException:  MSG00004 不当な要素が入力されました。  
   場所 sxnet.SxEntPart.getChildList()
   場所 ICADRenamer.RenameCommand.<ExecuteReplace>g__ChangePart|56_9(SxEntPart& parent, <>c__DisplayClass56_0& ) 場所 C:\Users\Administrator\Source\Repos\takuya1971\ICADRenamer\ICADRenamer\RenameCommand.cs:行 974    場所 sxnet.SxEntPart.getChildList()
   場所 ICADRenamer.RenameCommand.<ExecuteReplace>g__ChangePart|56_9(SxEntPart& parent, <>c__DisplayClass56_0& ) 場所 C:\Users\Administrator\Source\Repos\takuya1971\ICADRenamer\ICADRenamer\RenameCommand.cs:行 974
2020-01-30 00:52:05.5596|ERROR|子パーツ名変更エラー|->sxnet.SxException:  MSG00004 不当な要素が入力されました。  
   場所 sxnet.SxEntPart.getChildList()
   場所 ICADRenamer.RenameCommand.<ExecuteReplace>g__ChangePart|56_9(SxEntPart& parent, <>c__DisplayClass56_0& ) 場所 C:\Users\Administrator\Source\Repos\takuya1971\ICADRenamer\ICADRenamer\RenameCommand.cs:行 974    場所 sxnet.SxEntPart.getChildList()
   場所 ICADRenamer.RenameCommand.<ExecuteReplace>g__ChangePart|56_9(SxEntPart& parent, <>c__DisplayClass56_0& ) 場所 C:\Users\Administrator\Source\Repos\takuya1971\ICADRenamer\ICADRenamer\RenameCommand.cs:行 974
2020-01-30 00:52:05.9766|ERROR|子パーツ名変更エラー|->sxnet.SxException:  MSG00004 不当な要素が入力されました。  
   場所 sxnet.SxEntPart.getChildList()
   場所 ICADRenamer.RenameCommand.<ExecuteReplace>g__ChangePart|56_9(SxEntPart& parent, <>c__DisplayClass56_0& ) 場所 C:\Users\Administrator\Source\Repos\takuya1971\ICADRenamer\ICADRenamer\RenameCommand.cs:行 974    場所 sxnet.SxEntPart.getChildList()
   場所 ICADRenamer.RenameCommand.<ExecuteReplace>g__ChangePart|56_9(SxEntPart& parent, <>c__DisplayClass56_0& ) 場所 C:\Users\Administrator\Source\Repos\takuya1971\ICADRenamer\ICADRenamer\RenameCommand.cs:行 974
2020-01-30 00:52:05.9766|ERROR|子パーツ名変更エラー|->sxnet.SxException:  MSG00004 不当な要素が入力されました。  
   場所 sxnet.SxEntPart.getChildList()
   場所 ICADRenamer.RenameCommand.<ExecuteReplace>g__ChangePart|56_9(SxEntPart& parent, <>c__DisplayClass56_0& ) 場所 C:\Users\Administrator\Source\Repos\takuya1971\ICADRenamer\ICADRenamer\RenameCommand.cs:行 974    場所 sxnet.SxEntPart.getChildList()
   場所 ICADRenamer.RenameCommand.<ExecuteReplace>g__ChangePart|56_9(SxEntPart& parent, <>c__DisplayClass56_0& ) 場所 C:\Users\Administrator\Source\Repos\takuya1971\ICADRenamer\ICADRenamer\RenameCommand.cs:行 974
2020-01-30 00:52:06.3766|ERROR|子パーツ名変更エラー|->sxnet.SxException:  MSG00004 不当な要素が入力されました。  
   場所 sxnet.SxEntPart.getChildList()
   場所 ICADRenamer.RenameCommand.<ExecuteReplace>g__ChangePart|56_9(SxEntPart& parent, <>c__DisplayClass56_0& ) 場所 C:\Users\Administrator\Source\Repos\takuya1971\ICADRenamer\ICADRenamer\RenameCommand.cs:行 974    場所 sxnet.SxEntPart.getChildList()
   場所 ICADRenamer.RenameCommand.<ExecuteReplace>g__ChangePart|56_9(SxEntPart& parent, <>c__DisplayClass56_0& ) 場所 C:\Users\Administrator\Source\Repos\takuya1971\ICADRenamer\ICADRenamer\RenameCommand.cs:行 974
2020-01-30 00:52:06.3766|ERROR|子パーツ名変更エラー|->sxnet.SxException:  MSG00004 不当な要素が入力されました。  
   場所 sxnet.SxEntPart.getChildList()
   場所 ICADRenamer.RenameCommand.<ExecuteReplace>g__ChangePart|56_9(SxEntPart& parent, <>c__DisplayClass56_0& ) 場所 C:\Users\Administrator\Source\Repos\takuya1971\ICADRenamer\ICADRenamer\RenameCommand.cs:行 974    場所 sxnet.SxEntPart.getChildList()
   場所 ICADRenamer.RenameCommand.<ExecuteReplace>g__ChangePart|56_9(SxEntPart& parent, <>c__DisplayClass56_0& ) 場所 C:\Users\Administrator\Source\Repos\takuya1971\ICADRenamer\ICADRenamer\RenameCommand.cs:行 974
2020-01-30 00:52:06.7776|ERROR|子パーツ名変更エラー|->sxnet.SxException:  MSG00004 不当な要素が入力されました。  
   場所 sxnet.SxEntPart.getChildList()
   場所 ICADRenamer.RenameCommand.<ExecuteReplace>g__ChangePart|56_9(SxEntPart& parent, <>c__DisplayClass56_0& ) 場所 C:\Users\Administrator\Source\Repos\takuya1971\ICADRenamer\ICADRenamer\RenameCommand.cs:行 974    場所 sxnet.SxEntPart.getChildList()
   場所 ICADRenamer.RenameCommand.<ExecuteReplace>g__ChangePart|56_9(SxEntPart& parent, <>c__DisplayClass56_0& ) 場所 C:\Users\Administrator\Source\Repos\takuya1971\ICADRenamer\ICADRenamer\RenameCommand.cs:行 974
2020-01-30 00:52:06.7776|ERROR|子パーツ名変更エラー|->sxnet.SxException:  MSG00004 不当な要素が入力されました。  
   場所 sxnet.SxEntPart.getChildList()
   場所 ICADRenamer.RenameCommand.<ExecuteReplace>g__ChangePart|56_9(SxEntPart& parent, <>c__DisplayClass56_0& ) 場所 C:\Users\Administrator\Source\Repos\takuya1971\ICADRenamer\ICADRenamer\RenameCommand.cs:行 974    場所 sxnet.SxEntPart.getChildList()
   場所 ICADRenamer.RenameCommand.<ExecuteReplace>g__ChangePart|56_9(SxEntPart& parent, <>c__DisplayClass56_0& ) 場所 C:\Users\Administrator\Source\Repos\takuya1971\ICADRenamer\ICADRenamer\RenameCommand.cs:行 974
2020-01-30 00:52:07.1806|ERROR|子パーツ名変更エラー|->sxnet.SxException:  MSG00004 不当な要素が入力されました。  
   場所 sxnet.SxEntPart.getChildList()
   場所 ICADRenamer.RenameCommand.<ExecuteReplace>g__ChangePart|56_9(SxEntPart& parent, <>c__DisplayClass56_0& ) 場所 C:\Users\Administrator\Source\Repos\takuya1971\ICADRenamer\ICADRenamer\RenameCommand.cs:行 974    場所 sxnet.SxEntPart.getChildList()
   場所 ICADRenamer.RenameCommand.<ExecuteReplace>g__ChangePart|56_9(SxEntPart& parent, <>c__DisplayClass56_0& ) 場所 C:\Users\Administrator\Source\Repos\takuya1971\ICADRenamer\ICADRenamer\RenameCommand.cs:行 974
2020-01-30 00:52:07.1816|ERROR|子パーツ名変更エラー|->sxnet.SxException:  MSG00004 不当な要素が入力されました。  
   場所 sxnet.SxEntPart.getChildList()
   場所 ICADRenamer.RenameCommand.<ExecuteReplace>g__ChangePart|56_9(SxEntPart& parent, <>c__DisplayClass56_0& ) 場所 C:\Users\Administrator\Source\Repos\takuya1971\ICADRenamer\ICADRenamer\RenameCommand.cs:行 974    場所 sxnet.SxEntPart.getChildList()
   場所 ICADRenamer.RenameCommand.<ExecuteReplace>g__ChangePart|56_9(SxEntPart& parent, <>c__DisplayClass56_0& ) 場所 C:\Users\Administrator\Source\Repos\takuya1971\ICADRenamer\ICADRenamer\RenameCommand.cs:行 974
2020-01-30 00:52:07.5696|ERROR|子パーツ名変更エラー|->sxnet.SxException:  MSG00004 不当な要素が入力されました。  
   場所 sxnet.SxEntPart.getChildList()
   場所 ICADRenamer.RenameCommand.<ExecuteReplace>g__ChangePart|56_9(SxEntPart& parent, <>c__DisplayClass56_0& ) 場所 C:\Users\Administrator\Source\Repos\takuya1971\ICADRenamer\ICADRenamer\RenameCommand.cs:行 974    場所 sxnet.SxEntPart.getChildList()
   場所 ICADRenamer.RenameCommand.<ExecuteReplace>g__ChangePart|56_9(SxEntPart& parent, <>c__DisplayClass56_0& ) 場所 C:\Users\Administrator\Source\Repos\takuya1971\ICADRenamer\ICADRenamer\RenameCommand.cs:行 974
2020-01-30 00:52:07.5696|ERROR|子パーツ名変更エラー|->sxnet.SxException:  MSG00004 不当な要素が入力されました。  
   場所 sxnet.SxEntPart.getChildList()
   場所 ICADRenamer.RenameCommand.<ExecuteReplace>g__ChangePart|56_9(SxEntPart& parent, <>c__DisplayClass56_0& ) 場所 C:\Users\Administrator\Source\Repos\takuya1971\ICADRenamer\ICADRenamer\RenameCommand.cs:行 974    場所 sxnet.SxEntPart.getChildList()
   場所 ICADRenamer.RenameCommand.<ExecuteReplace>g__ChangePart|56_9(SxEntPart& parent, <>c__DisplayClass56_0& ) 場所 C:\Users\Administrator\Source\Repos\takuya1971\ICADRenamer\ICADRenamer\RenameCommand.cs:行 974
2020-01-30 00:52:07.9906|ERROR|子パーツ名変更エラー|->sxnet.SxException:  MSG00004 不当な要素が入力されました。  
   場所 sxnet.SxEntPart.getChildList()
   場所 ICADRenamer.RenameCommand.<ExecuteReplace>g__ChangePart|56_9(SxEntPart& parent, <>c__DisplayClass56_0& ) 場所 C:\Users\Administrator\Source\Repos\takuya1971\ICADRenamer\ICADRenamer\RenameCommand.cs:行 974    場所 sxnet.SxEntPart.getChildList()
   場所 ICADRenamer.RenameCommand.<ExecuteReplace>g__ChangePart|56_9(SxEntPart& parent, <>c__DisplayClass56_0& ) 場所 C:\Users\Administrator\Source\Repos\takuya1971\ICADRenamer\ICADRenamer\RenameCommand.cs:行 974
2020-01-30 00:52:07.9906|ERROR|子パーツ名変更エラー|->sxnet.SxException:  MSG00004 不当な要素が入力されました。  
   場所 sxnet.SxEntPart.getChildList()
   場所 ICADRenamer.RenameCommand.<ExecuteReplace>g__ChangePart|56_9(SxEntPart& parent, <>c__DisplayClass56_0& ) 場所 C:\Users\Administrator\Source\Repos\takuya1971\ICADRenamer\ICADRenamer\RenameCommand.cs:行 974    場所 sxnet.SxEntPart.getChildList()
   場所 ICADRenamer.RenameCommand.<ExecuteReplace>g__ChangePart|56_9(SxEntPart& parent, <>c__DisplayClass56_0& ) 場所 C:\Users\Administrator\Source\Repos\takuya1971\ICADRenamer\ICADRenamer\RenameCommand.cs:行 974
2020-01-30 00:52:08.3636|ERROR|子パーツ名変更エラー|->sxnet.SxException:  MSG00004 不当な要素が入力されました。  
   場所 sxnet.SxEntPart.getChildList()
   場所 ICADRenamer.RenameCommand.<ExecuteReplace>g__ChangePart|56_9(SxEntPart& parent, <>c__DisplayClass56_0& ) 場所 C:\Users\Administrator\Source\Repos\takuya1971\ICADRenamer\ICADRenamer\RenameCommand.cs:行 974    場所 sxnet.SxEntPart.getChildList()
   場所 ICADRenamer.RenameCommand.<ExecuteReplace>g__ChangePart|56_9(SxEntPart& parent, <>c__DisplayClass56_0& ) 場所 C:\Users\Administrator\Source\Repos\takuya1971\ICADRenamer\ICADRenamer\RenameCommand.cs:行 974
2020-01-30 00:52:08.3636|ERROR|子パーツ名変更エラー|->sxnet.SxException:  MSG00004 不当な要素が入力されました。  
   場所 sxnet.SxEntPart.getChildList()
   場所 ICADRenamer.RenameCommand.<ExecuteReplace>g__ChangePart|56_9(SxEntPart& parent, <>c__DisplayClass56_0& ) 場所 C:\Users\Administrator\Source\Repos\takuya1971\ICADRenamer\ICADRenamer\RenameCommand.cs:行 974    場所 sxnet.SxEntPart.getChildList()
   場所 ICADRenamer.RenameCommand.<ExecuteReplace>g__ChangePart|56_9(SxEntPart& parent, <>c__DisplayClass56_0& ) 場所 C:\Users\Administrator\Source\Repos\takuya1971\ICADRenamer\ICADRenamer\RenameCommand.cs:行 974
2020-01-30 00:52:08.7716|ERROR|子パーツ名変更エラー|->sxnet.SxException:  MSG00004 不当な要素が入力されました。  
   場所 sxnet.SxEntPart.getChildList()
   場所 ICADRenamer.RenameCommand.<ExecuteReplace>g__ChangePart|56_9(SxEntPart& parent, <>c__DisplayClass56_0& ) 場所 C:\Users\Administrator\Source\Repos\takuya1971\ICADRenamer\ICADRenamer\RenameCommand.cs:行 974    場所 sxnet.SxEntPart.getChildList()
   場所 ICADRenamer.RenameCommand.<ExecuteReplace>g__ChangePart|56_9(SxEntPart& parent, <>c__DisplayClass56_0& ) 場所 C:\Users\Administrator\Source\Repos\takuya1971\ICADRenamer\ICADRenamer\RenameCommand.cs:行 974
2020-01-30 00:52:08.7716|ERROR|子パーツ名変更エラー|->sxnet.SxException:  MSG00004 不当な要素が入力されました。  
   場所 sxnet.SxEntPart.getChildList()
   場所 ICADRenamer.RenameCommand.<ExecuteReplace>g__ChangePart|56_9(SxEntPart& parent, <>c__DisplayClass56_0& ) 場所 C:\Users\Administrator\Source\Repos\takuya1971\ICADRenamer\ICADRenamer\RenameCommand.cs:行 974    場所 sxnet.SxEntPart.getChildList()
   場所 ICADRenamer.RenameCommand.<ExecuteReplace>g__ChangePart|56_9(SxEntPart& parent, <>c__DisplayClass56_0& ) 場所 C:\Users\Administrator\Source\Repos\takuya1971\ICADRenamer\ICADRenamer\RenameCommand.cs:行 974
2020-01-30 01:13:15.9826|ERROR|子パーツ名変更エラー|->sxnet.SxException:  MSG00004 不当な要素が入力されました。  
   場所 sxnet.SxEntPart.getChildList()
   場所 ICADRenamer.RenameCommand.<ExecuteReplace>g__ChangePart|56_9(SxEntPart& parent, <>c__DisplayClass56_0& ) 場所 C:\Users\Administrator\Source\Repos\takuya1971\ICADRenamer\ICADRenamer\RenameCommand.cs:行 974    場所 sxnet.SxEntPart.getChildList()
   場所 ICADRenamer.RenameCommand.<ExecuteReplace>g__ChangePart|56_9(SxEntPart& parent, <>c__DisplayClass56_0& ) 場所 C:\Users\Administrator\Source\Repos\takuya1971\ICADRenamer\ICADRenamer\RenameCommand.cs:行 974
2020-01-30 01:13:15.9826|ERROR|子パーツ名変更エラー|->sxnet.SxException:  MSG00004 不当な要素が入力されました。  
   場所 sxnet.SxEntPart.getChildList()
   場所 ICADRenamer.RenameCommand.<ExecuteReplace>g__ChangePart|56_9(SxEntPart& parent, <>c__DisplayClass56_0& ) 場所 C:\Users\Administrator\Source\Repos\takuya1971\ICADRenamer\ICADRenamer\RenameCommand.cs:行 974    場所 sxnet.SxEntPart.getChildList()
   場所 ICADRenamer.RenameCommand.<ExecuteReplace>g__ChangePart|56_9(SxEntPart& parent, <>c__DisplayClass56_0& ) 場所 C:\Users\Administrator\Source\Repos\takuya1971\ICADRenamer\ICADRenamer\RenameCommand.cs:行 974
2020-01-30 01:13:26.3896|ERROR|子パーツ名変更エラー|->sxnet.SxException:  MSG00004 不当な要素が入力されました。  
   場所 sxnet.SxEntPart.getChildList()
   場所 ICADRenamer.RenameCommand.<ExecuteReplace>g__ChangePart|56_9(SxEntPart& parent, <>c__DisplayClass56_0& ) 場所 C:\Users\Administrator\Source\Repos\takuya1971\ICADRenamer\ICADRenamer\RenameCommand.cs:行 974    場所 sxnet.SxEntPart.getChildList()
   場所 ICADRenamer.RenameCommand.<ExecuteReplace>g__ChangePart|56_9(SxEntPart& parent, <>c__DisplayClass56_0& ) 場所 C:\Users\Administrator\Source\Repos\takuya1971\ICADRenamer\ICADRenamer\RenameCommand.cs:行 974
2020-01-30 01:13:26.3896|ERROR|子パーツ名変更エラー|->sxnet.SxException:  MSG00004 不当な要素が入力されました。  
   場所 sxnet.SxEntPart.getChildList()
   場所 ICADRenamer.RenameCommand.<ExecuteReplace>g__ChangePart|56_9(SxEntPart& parent, <>c__DisplayClass56_0& ) 場所 C:\Users\Administrator\Source\Repos\takuya1971\ICADRenamer\ICADRenamer\RenameCommand.cs:行 974    場所 sxnet.SxEntPart.getChildList()
   場所 ICADRenamer.RenameCommand.<ExecuteReplace>g__ChangePart|56_9(SxEntPart& parent, <>c__DisplayClass56_0& ) 場所 C:\Users\Administrator\Source\Repos\takuya1971\ICADRenamer\ICADRenamer\RenameCommand.cs:行 974
2020-01-30 01:13:26.7966|ERROR|子パーツ名変更エラー|->sxnet.SxException:  MSG00004 不当な要素が入力されました。  
   場所 sxnet.SxEntPart.getChildList()
   場所 ICADRenamer.RenameCommand.<ExecuteReplace>g__ChangePart|56_9(SxEntPart& parent, <>c__DisplayClass56_0& ) 場所 C:\Users\Administrator\Source\Repos\takuya1971\ICADRenamer\ICADRenamer\RenameCommand.cs:行 974    場所 sxnet.SxEntPart.getChildList()
   場所 ICADRenamer.RenameCommand.<ExecuteReplace>g__ChangePart|56_9(SxEntPart& parent, <>c__DisplayClass56_0& ) 場所 C:\Users\Administrator\Source\Repos\takuya1971\ICADRenamer\ICADRenamer\RenameCommand.cs:行 974
2020-01-30 01:13:26.7966|ERROR|子パーツ名変更エラー|->sxnet.SxException:  MSG00004 不当な要素が入力されました。  
   場所 sxnet.SxEntPart.getChildList()
   場所 ICADRenamer.RenameCommand.<ExecuteReplace>g__ChangePart|56_9(SxEntPart& parent, <>c__DisplayClass56_0& ) 場所 C:\Users\Administrator\Source\Repos\takuya1971\ICADRenamer\ICADRenamer\RenameCommand.cs:行 974    場所 sxnet.SxEntPart.getChildList()
   場所 ICADRenamer.RenameCommand.<ExecuteReplace>g__ChangePart|56_9(SxEntPart& parent, <>c__DisplayClass56_0& ) 場所 C:\Users\Administrator\Source\Repos\takuya1971\ICADRenamer\ICADRenamer\RenameCommand.cs:行 974
2020-01-30 01:13:31.4176|ERROR|子パーツ名変更エラー|->sxnet.SxException:  MSG00004 不当な要素が入力されました。  
   場所 sxnet.SxEntPart.getChildList()
   場所 ICADRenamer.RenameCommand.<ExecuteReplace>g__ChangePart|56_9(SxEntPart& parent, <>c__DisplayClass56_0& ) 場所 C:\Users\Administrator\Source\Repos\takuya1971\ICADRenamer\ICADRenamer\RenameCommand.cs:行 974    場所 sxnet.SxEntPart.getChildList()
   場所 ICADRenamer.RenameCommand.<ExecuteReplace>g__ChangePart|56_9(SxEntPart& parent, <>c__DisplayClass56_0& ) 場所 C:\Users\Administrator\Source\Repos\takuya1971\ICADRenamer\ICADRenamer\RenameCommand.cs:行 974
2020-01-30 01:13:31.4176|ERROR|子パーツ名変更エラー|->sxnet.SxException:  MSG00004 不当な要素が入力されました。  
   場所 sxnet.SxEntPart.getChildList()
   場所 ICADRenamer.RenameCommand.<ExecuteReplace>g__ChangePart|56_9(SxEntPart& parent, <>c__DisplayClass56_0& ) 場所 C:\Users\Administrator\Source\Repos\takuya1971\ICADRenamer\ICADRenamer\RenameCommand.cs:行 974    場所 sxnet.SxEntPart.getChildList()
   場所 ICADRenamer.RenameCommand.<ExecuteReplace>g__ChangePart|56_9(SxEntPart& parent, <>c__DisplayClass56_0& ) 場所 C:\Users\Administrator\Source\Repos\takuya1971\ICADRenamer\ICADRenamer\RenameCommand.cs:行 974
2020-01-30 01:13:37.9126|ERROR|子パーツ名変更エラー|->sxnet.SxException:  MSG00004 不当な要素が入力されました。  
   場所 sxnet.SxEntPart.getChildList()
   場所 ICADRenamer.RenameCommand.<ExecuteReplace>g__ChangePart|56_9(SxEntPart& parent, <>c__DisplayClass56_0& ) 場所 C:\Users\Administrator\Source\Repos\takuya1971\ICADRenamer\ICADRenamer\RenameCommand.cs:行 974    場所 sxnet.SxEntPart.getChildList()
   場所 ICADRenamer.RenameCommand.<ExecuteReplace>g__ChangePart|56_9(SxEntPart& parent, <>c__DisplayClass56_0& ) 場所 C:\Users\Administrator\Source\Repos\takuya1971\ICADRenamer\ICADRenamer\RenameCommand.cs:行 974
2020-01-30 01:13:37.9126|ERROR|子パーツ名変更エラー|->sxnet.SxException:  MSG00004 不当な要素が入力されました。  
   場所 sxnet.SxEntPart.getChildList()
   場所 ICADRenamer.RenameCommand.<ExecuteReplace>g__ChangePart|56_9(SxEntPart& parent, <>c__DisplayClass56_0& ) 場所 C:\Users\Administrator\Source\Repos\takuya1971\ICADRenamer\ICADRenamer\RenameCommand.cs:行 974    場所 sxnet.SxEntPart.getChildList()
   場所 ICADRenamer.RenameCommand.<ExecuteReplace>g__ChangePart|56_9(SxEntPart& parent, <>c__DisplayClass56_0& ) 場所 C:\Users\Administrator\Source\Repos\takuya1971\ICADRenamer\ICADRenamer\RenameCommand.cs:行 974
2020-01-30 01:13:38.3306|ERROR|子パーツ名変更エラー|->sxnet.SxException:  MSG00004 不当な要素が入力されました。  
   場所 sxnet.SxEntPart.getChildList()
   場所 ICADRenamer.RenameCommand.<ExecuteReplace>g__ChangePart|56_9(SxEntPart& parent, <>c__DisplayClass56_0& ) 場所 C:\Users\Administrator\Source\Repos\takuya1971\ICADRenamer\ICADRenamer\RenameCommand.cs:行 974    場所 sxnet.SxEntPart.getChildList()
   場所 ICADRenamer.RenameCommand.<ExecuteReplace>g__ChangePart|56_9(SxEntPart& parent, <>c__DisplayClass56_0& ) 場所 C:\Users\Administrator\Source\Repos\takuya1971\ICADRenamer\ICADRenamer\RenameCommand.cs:行 974
2020-01-30 01:13:38.3306|ERROR|子パーツ名変更エラー|->sxnet.SxException:  MSG00004 不当な要素が入力されました。  
   場所 sxnet.SxEntPart.getChildList()
   場所 ICADRenamer.RenameCommand.<ExecuteReplace>g__ChangePart|56_9(SxEntPart& parent, <>c__DisplayClass56_0& ) 場所 C:\Users\Administrator\Source\Repos\takuya1971\ICADRenamer\ICADRenamer\RenameCommand.cs:行 974    場所 sxnet.SxEntPart.getChildList()
   場所 ICADRenamer.RenameCommand.<ExecuteReplace>g__ChangePart|56_9(SxEntPart& parent, <>c__DisplayClass56_0& ) 場所 C:\Users\Administrator\Source\Repos\takuya1971\ICADRenamer\ICADRenamer\RenameCommand.cs:行 974
2020-01-30 01:13:44.9076|ERROR|子パーツ名変更エラー|->sxnet.SxException:  MSG00004 不当な要素が入力されました。  
   場所 sxnet.SxEntPart.getChildList()
   場所 ICADRenamer.RenameCommand.<ExecuteReplace>g__ChangePart|56_9(SxEntPart& parent, <>c__DisplayClass56_0& ) 場所 C:\Users\Administrator\Source\Repos\takuya1971\ICADRenamer\ICADRenamer\RenameCommand.cs:行 974    場所 sxnet.SxEntPart.getChildList()
   場所 ICADRenamer.RenameCommand.<ExecuteReplace>g__ChangePart|56_9(SxEntPart& parent, <>c__DisplayClass56_0& ) 場所 C:\Users\Administrator\Source\Repos\takuya1971\ICADRenamer\ICADRenamer\RenameCommand.cs:行 974
2020-01-30 01:13:44.9076|ERROR|子パーツ名変更エラー|->sxnet.SxException:  MSG00004 不当な要素が入力されました。  
   場所 sxnet.SxEntPart.getChildList()
   場所 ICADRenamer.RenameCommand.<ExecuteReplace>g__ChangePart|56_9(SxEntPart& parent, <>c__DisplayClass56_0& ) 場所 C:\Users\Administrator\Source\Repos\takuya1971\ICADRenamer\ICADRenamer\RenameCommand.cs:行 974    場所 sxnet.SxEntPart.getChildList()
   場所 ICADRenamer.RenameCommand.<ExecuteReplace>g__ChangePart|56_9(SxEntPart& parent, <>c__DisplayClass56_0& ) 場所 C:\Users\Administrator\Source\Repos\takuya1971\ICADRenamer\ICADRenamer\RenameCommand.cs:行 974
2020-01-30 01:13:56.9146|ERROR|子パーツ名変更エラー|->sxnet.SxException:  MSG00004 不当な要素が入力されました。  
   場所 sxnet.SxEntPart.getChildList()
   場所 ICADRenamer.RenameCommand.<ExecuteReplace>g__ChangePart|56_9(SxEntPart& parent, <>c__DisplayClass56_0& ) 場所 C:\Users\Administrator\Source\Repos\takuya1971\ICADRenamer\ICADRenamer\RenameCommand.cs:行 974    場所 sxnet.SxEntPart.getChildList()
   場所 ICADRenamer.RenameCommand.<ExecuteReplace>g__ChangePart|56_9(SxEntPart& parent, <>c__DisplayClass56_0& ) 場所 C:\Users\Administrator\Source\Repos\takuya1971\ICADRenamer\ICADRenamer\RenameCommand.cs:行 974
2020-01-30 01:13:56.9146|ERROR|子パーツ名変更エラー|->sxnet.SxException:  MSG00004 不当な要素が入力されました。  
   場所 sxnet.SxEntPart.getChildList()
   場所 ICADRenamer.RenameCommand.<ExecuteReplace>g__ChangePart|56_9(SxEntPart& parent, <>c__DisplayClass56_0& ) 場所 C:\Users\Administrator\Source\Repos\takuya1971\ICADRenamer\ICADRenamer\RenameCommand.cs:行 974    場所 sxnet.SxEntPart.getChildList()
   場所 ICADRenamer.RenameCommand.<ExecuteReplace>g__ChangePart|56_9(SxEntPart& parent, <>c__DisplayClass56_0& ) 場所 C:\Users\Administrator\Source\Repos\takuya1971\ICADRenamer\ICADRenamer\RenameCommand.cs:行 974
2020-01-30 01:14:05.7446|ERROR|子パーツ名変更エラー|->sxnet.SxException:  MSG00004 不当な要素が入力されました。  
   場所 sxnet.SxEntPart.getChildList()
   場所 ICADRenamer.RenameCommand.<ExecuteReplace>g__ChangePart|56_9(SxEntPart& parent, <>c__DisplayClass56_0& ) 場所 C:\Users\Administrator\Source\Repos\takuya1971\ICADRenamer\ICADRenamer\RenameCommand.cs:行 974    場所 sxnet.SxEntPart.getChildList()
   場所 ICADRenamer.RenameCommand.<ExecuteReplace>g__ChangePart|56_9(SxEntPart& parent, <>c__DisplayClass56_0& ) 場所 C:\Users\Administrator\Source\Repos\takuya1971\ICADRenamer\ICADRenamer\RenameCommand.cs:行 974
2020-01-30 01:14:05.7446|ERROR|子パーツ名変更エラー|->sxnet.SxException:  MSG00004 不当な要素が入力されました。  
   場所 sxnet.SxEntPart.getChildList()
   場所 ICADRenamer.RenameCommand.<ExecuteReplace>g__ChangePart|56_9(SxEntPart& parent, <>c__DisplayClass56_0& ) 場所 C:\Users\Administrator\Source\Repos\takuya1971\ICADRenamer\ICADRenamer\RenameCommand.cs:行 974    場所 sxnet.SxEntPart.getChildList()
   場所 ICADRenamer.RenameCommand.<ExecuteReplace>g__ChangePart|56_9(SxEntPart& parent, <>c__DisplayClass56_0& ) 場所 C:\Users\Administrator\Source\Repos\takuya1971\ICADRenamer\ICADRenamer\RenameCommand.cs:行 974
2020-01-30 01:14:08.3056|ERROR|子パーツ名変更エラー|->sxnet.SxException:  MSG00004 不当な要素が入力されました。  
   場所 sxnet.SxEntPart.getChildList()
   場所 ICADRenamer.RenameCommand.<ExecuteReplace>g__ChangePart|56_9(SxEntPart& parent, <>c__DisplayClass56_0& ) 場所 C:\Users\Administrator\Source\Repos\takuya1971\ICADRenamer\ICADRenamer\RenameCommand.cs:行 974    場所 sxnet.SxEntPart.getChildList()
   場所 ICADRenamer.RenameCommand.<ExecuteReplace>g__ChangePart|56_9(SxEntPart& parent, <>c__DisplayClass56_0& ) 場所 C:\Users\Administrator\Source\Repos\takuya1971\ICADRenamer\ICADRenamer\RenameCommand.cs:行 974
2020-01-30 01:14:08.3056|ERROR|子パーツ名変更エラー|->sxnet.SxException:  MSG00004 不当な要素が入力されました。  
   場所 sxnet.SxEntPart.getChildList()
   場所 ICADRenamer.RenameCommand.<ExecuteReplace>g__ChangePart|56_9(SxEntPart& parent, <>c__DisplayClass56_0& ) 場所 C:\Users\Administrator\Source\Repos\takuya1971\ICADRenamer\ICADRenamer\RenameCommand.cs:行 974    場所 sxnet.SxEntPart.getChildList()
   場所 ICADRenamer.RenameCommand.<ExecuteReplace>g__ChangePart|56_9(SxEntPart& parent, <>c__DisplayClass56_0& ) 場所 C:\Users\Administrator\Source\Repos\takuya1971\ICADRenamer\ICADRenamer\RenameCommand.cs:行 974
2020-01-30 01:14:08.7446|ERROR|子パーツ名変更エラー|->sxnet.SxException:  MSG00004 不当な要素が入力されました。  
   場所 sxnet.SxEntPart.getChildList()
   場所 ICADRenamer.RenameCommand.<ExecuteReplace>g__ChangePart|56_9(SxEntPart& parent, <>c__DisplayClass56_0& ) 場所 C:\Users\Administrator\Source\Repos\takuya1971\ICADRenamer\ICADRenamer\RenameCommand.cs:行 974    場所 sxnet.SxEntPart.getChildList()
   場所 ICADRenamer.RenameCommand.<ExecuteReplace>g__ChangePart|56_9(SxEntPart& parent, <>c__DisplayClass56_0& ) 場所 C:\Users\Administrator\Source\Repos\takuya1971\ICADRenamer\ICADRenamer\RenameCommand.cs:行 974
2020-01-30 01:14:08.7446|ERROR|子パーツ名変更エラー|->sxnet.SxException:  MSG00004 不当な要素が入力されました。  
   場所 sxnet.SxEntPart.getChildList()
   場所 ICADRenamer.RenameCommand.<ExecuteReplace>g__ChangePart|56_9(SxEntPart& parent, <>c__DisplayClass56_0& ) 場所 C:\Users\Administrator\Source\Repos\takuya1971\ICADRenamer\ICADRenamer\RenameCommand.cs:行 974    場所 sxnet.SxEntPart.getChildList()
   場所 ICADRenamer.RenameCommand.<ExecuteReplace>g__ChangePart|56_9(SxEntPart& parent, <>c__DisplayClass56_0& ) 場所 C:\Users\Administrator\Source\Repos\takuya1971\ICADRenamer\ICADRenamer\RenameCommand.cs:行 974
2020-01-30 01:14:09.1136|ERROR|子パーツ名変更エラー|->sxnet.SxException:  MSG00004 不当な要素が入力されました。  
   場所 sxnet.SxEntPart.getChildList()
   場所 ICADRenamer.RenameCommand.<ExecuteReplace>g__ChangePart|56_9(SxEntPart& parent, <>c__DisplayClass56_0& ) 場所 C:\Users\Administrator\Source\Repos\takuya1971\ICADRenamer\ICADRenamer\RenameCommand.cs:行 974    場所 sxnet.SxEntPart.getChildList()
   場所 ICADRenamer.RenameCommand.<ExecuteReplace>g__ChangePart|56_9(SxEntPart& parent, <>c__DisplayClass56_0& ) 場所 C:\Users\Administrator\Source\Repos\takuya1971\ICADRenamer\ICADRenamer\RenameCommand.cs:行 974
2020-01-30 01:14:09.1136|ERROR|子パーツ名変更エラー|->sxnet.SxException:  MSG00004 不当な要素が入力されました。  
   場所 sxnet.SxEntPart.getChildList()
   場所 ICADRenamer.RenameCommand.<ExecuteReplace>g__ChangePart|56_9(SxEntPart& parent, <>c__DisplayClass56_0& ) 場所 C:\Users\Administrator\Source\Repos\takuya1971\ICADRenamer\ICADRenamer\RenameCommand.cs:行 974    場所 sxnet.SxEntPart.getChildList()
   場所 ICADRenamer.RenameCommand.<ExecuteReplace>g__ChangePart|56_9(SxEntPart& parent, <>c__DisplayClass56_0& ) 場所 C:\Users\Administrator\Source\Repos\takuya1971\ICADRenamer\ICADRenamer\RenameCommand.cs:行 974
2020-01-30 01:14:12.4866|ERROR|子パーツ名変更エラー|->sxnet.SxException:  MSG00004 不当な要素が入力されました。  
   場所 sxnet.SxEntPart.getChildList()
   場所 ICADRenamer.RenameCommand.<ExecuteReplace>g__ChangePart|56_9(SxEntPart& parent, <>c__DisplayClass56_0& ) 場所 C:\Users\Administrator\Source\Repos\takuya1971\ICADRenamer\ICADRenamer\RenameCommand.cs:行 974    場所 sxnet.SxEntPart.getChildList()
   場所 ICADRenamer.RenameCommand.<ExecuteReplace>g__ChangePart|56_9(SxEntPart& parent, <>c__DisplayClass56_0& ) 場所 C:\Users\Administrator\Source\Repos\takuya1971\ICADRenamer\ICADRenamer\RenameCommand.cs:行 974
2020-01-30 01:14:12.4866|ERROR|子パーツ名変更エラー|->sxnet.SxException:  MSG00004 不当な要素が入力されました。  
   場所 sxnet.SxEntPart.getChildList()
   場所 ICADRenamer.RenameCommand.<ExecuteReplace>g__ChangePart|56_9(SxEntPart& parent, <>c__DisplayClass56_0& ) 場所 C:\Users\Administrator\Source\Repos\takuya1971\ICADRenamer\ICADRenamer\RenameCommand.cs:行 974    場所 sxnet.SxEntPart.getChildList()
   場所 ICADRenamer.RenameCommand.<ExecuteReplace>g__ChangePart|56_9(SxEntPart& parent, <>c__DisplayClass56_0& ) 場所 C:\Users\Administrator\Source\Repos\takuya1971\ICADRenamer\ICADRenamer\RenameCommand.cs:行 974
2020-01-30 01:14:12.8866|ERROR|子パーツ名変更エラー|->sxnet.SxException:  MSG00004 不当な要素が入力されました。  
   場所 sxnet.SxEntPart.getChildList()
   場所 ICADRenamer.RenameCommand.<ExecuteReplace>g__ChangePart|56_9(SxEntPart& parent, <>c__DisplayClass56_0& ) 場所 C:\Users\Administrator\Source\Repos\takuya1971\ICADRenamer\ICADRenamer\RenameCommand.cs:行 974    場所 sxnet.SxEntPart.getChildList()
   場所 ICADRenamer.RenameCommand.<ExecuteReplace>g__ChangePart|56_9(SxEntPart& parent, <>c__DisplayClass56_0& ) 場所 C:\Users\Administrator\Source\Repos\takuya1971\ICADRenamer\ICADRenamer\RenameCommand.cs:行 974
2020-01-30 01:14:12.8866|ERROR|子パーツ名変更エラー|->sxnet.SxException:  MSG00004 不当な要素が入力されました。  
   場所 sxnet.SxEntPart.getChildList()
   場所 ICADRenamer.RenameCommand.<ExecuteReplace>g__ChangePart|56_9(SxEntPart& parent, <>c__DisplayClass56_0& ) 場所 C:\Users\Administrator\Source\Repos\takuya1971\ICADRenamer\ICADRenamer\RenameCommand.cs:行 974    場所 sxnet.SxEntPart.getChildList()
   場所 ICADRenamer.RenameCommand.<ExecuteReplace>g__ChangePart|56_9(SxEntPart& parent, <>c__DisplayClass56_0& ) 場所 C:\Users\Administrator\Source\Repos\takuya1971\ICADRenamer\ICADRenamer\RenameCommand.cs:行 974
2020-01-30 01:14:13.2846|ERROR|子パーツ名変更エラー|->sxnet.SxException:  MSG00004 不当な要素が入力されました。  
   場所 sxnet.SxEntPart.getChildList()
   場所 ICADRenamer.RenameCommand.<ExecuteReplace>g__ChangePart|56_9(SxEntPart& parent, <>c__DisplayClass56_0& ) 場所 C:\Users\Administrator\Source\Repos\takuya1971\ICADRenamer\ICADRenamer\RenameCommand.cs:行 974    場所 sxnet.SxEntPart.getChildList()
   場所 ICADRenamer.RenameCommand.<ExecuteReplace>g__ChangePart|56_9(SxEntPart& parent, <>c__DisplayClass56_0& ) 場所 C:\Users\Administrator\Source\Repos\takuya1971\ICADRenamer\ICADRenamer\RenameCommand.cs:行 974
2020-01-30 01:14:13.2846|ERROR|子パーツ名変更エラー|->sxnet.SxException:  MSG00004 不当な要素が入力されました。  
   場所 sxnet.SxEntPart.getChildList()
   場所 ICADRenamer.RenameCommand.<ExecuteReplace>g__ChangePart|56_9(SxEntPart& parent, <>c__DisplayClass56_0& ) 場所 C:\Users\Administrator\Source\Repos\takuya1971\ICADRenamer\ICADRenamer\RenameCommand.cs:行 974    場所 sxnet.SxEntPart.getChildList()
   場所 ICADRenamer.RenameCommand.<ExecuteReplace>g__ChangePart|56_9(SxEntPart& parent, <>c__DisplayClass56_0& ) 場所 C:\Users\Administrator\Source\Repos\takuya1971\ICADRenamer\ICADRenamer\RenameCommand.cs:行 974
