2020-02-05 00:24:49.0976|TRACE| 発生元:iCAD Renamer メッセージ:ICAD_Renamerを開始しました。|->
2020-02-05 00:24:53.1981|TRACE| 発生元:iCAD Renamer メッセージ:入力が変更されました。 場所:新しい番号 変更データ:M1200|->
2020-02-05 00:24:55.9692|TRACE| 発生元:iCAD Renamer メッセージ:入力が変更されました。 場所:署名 変更データ:木下|->
2020-02-05 00:25:01.2446|INFO| 発生元:iCAD Renamer メッセージ:フォルダが選択されました。 場所: 変更データ:D:\M1161_三菱自工#2号機|->
2020-02-05 00:25:05.3819|INFO| 発生元:iCAD Renamer メッセージ:フォルダが選択されました。 場所: 変更データ:D:\M1200|->
2020-02-05 00:25:06.5668|TRACE| 発生元:変換進捗 メッセージ:変換進捗を開始しました。 コピー元:D:\M1161_三菱自工#2号機 コピー先:D:\M1200 新番号:M1200 署名:木下|->
2020-02-05 00:30:17.0058|TRACE| 発生元:iCAD Renamer メッセージ:ICAD_Renamerを開始しました。|->
2020-02-05 00:30:21.5883|TRACE| 発生元:iCAD Renamer メッセージ:入力が変更されました。 場所:新しい番号 変更データ:M1200|->
2020-02-05 00:30:25.2675|TRACE| 発生元:iCAD Renamer メッセージ:入力が変更されました。 場所:署名 変更データ:木下|->
2020-02-05 00:30:30.7356|INFO| 発生元:iCAD Renamer メッセージ:フォルダが選択されました。 場所: 変更データ:D:\M1161_三菱自工#2号機|->
2020-02-05 00:30:35.4339|INFO| 発生元:iCAD Renamer メッセージ:フォルダが選択されました。 場所: 変更データ:D:\M1200|->
2020-02-05 00:30:37.8787|TRACE| 発生元:変換進捗 メッセージ:変換進捗を開始しました。 コピー元:D:\M1161_三菱自工#2号機 コピー先:D:\M1200 新番号:M1200 署名:木下|->
2020-02-05 12:00:32.6271|TRACE| 発生元:iCAD Renamer メッセージ:ICAD_Renamerを開始しました。|->
2020-02-05 12:00:39.1462|TRACE| 発生元:iCAD Renamer メッセージ:入力が変更されました。 場所:新しい番号 変更データ:M1200|->
2020-02-05 12:00:44.0575|TRACE| 発生元:iCAD Renamer メッセージ:入力が変更されました。 場所:署名 変更データ:木下|->
2020-02-05 12:00:51.3688|INFO| 発生元:iCAD Renamer メッセージ:フォルダが選択されました。 場所: 変更データ:D:\M1161_三菱自工#2号機|->
2020-02-05 12:00:56.6563|INFO| 発生元:iCAD Renamer メッセージ:フォルダが選択されました。 場所: 変更データ:D:\M1200|->
2020-02-05 12:00:58.5867|TRACE| 発生元:変換進捗 メッセージ:変換進捗を開始しました。 コピー元:D:\M1161_三菱自工#2号機 コピー先:D:\M1200 新番号:M1200 署名:木下|->
2020-02-05 13:39:14.2408|TRACE| 発生元:iCAD Renamer メッセージ:ICAD_Renamerを開始しました。|->
2020-02-05 13:39:19.6497|TRACE| 発生元:iCAD Renamer メッセージ:入力が変更されました。 場所:新しい番号 変更データ:M1200|->
2020-02-05 13:39:22.4253|TRACE| 発生元:iCAD Renamer メッセージ:入力が変更されました。 場所:署名 変更データ:木下|->
2020-02-05 13:39:29.1048|INFO| 発生元:iCAD Renamer メッセージ:フォルダが選択されました。 場所: 変更データ:D:\M1161_三菱自工#2号機|->
2020-02-05 13:39:50.9572|INFO| 発生元:iCAD Renamer メッセージ:フォルダが選択されました。 場所: 変更データ:D:\M1200|->
2020-02-05 13:39:51.8422|TRACE| 発生元:変換進捗 メッセージ:変換進捗を開始しました。 コピー元:D:\M1161_三菱自工#2号機 コピー先:D:\M1200 新番号:M1200 署名:木下|->
2020-02-05 14:03:48.3836|TRACE| 発生元:iCAD Renamer メッセージ:ICAD_Renamerを開始しました。|->
2020-02-05 14:04:50.3390|TRACE| 発生元:iCAD Renamer メッセージ:入力が変更されました。 場所:新しい番号 変更データ:M1200|->
2020-02-05 14:04:53.0460|TRACE| 発生元:iCAD Renamer メッセージ:入力が変更されました。 場所:署名 変更データ:木下|->
2020-02-05 14:04:58.8827|INFO| 発生元:iCAD Renamer メッセージ:フォルダが選択されました。 場所: 変更データ:D:\M1161_三菱自工#2号機|->
2020-02-05 14:05:03.5464|INFO| 発生元:iCAD Renamer メッセージ:フォルダが選択されました。 場所: 変更データ:D:\M1200|->
2020-02-05 14:05:11.6634|TRACE| 発生元:変換進捗 メッセージ:変換進捗を開始しました。 コピー元:D:\M1161_三菱自工#2号機 コピー先:D:\M1200 新番号:M1200 署名:木下|->
2020-02-05 14:27:27.7700|TRACE| 発生元:iCAD Renamer メッセージ:ICAD_Renamerを開始しました。|->
2020-02-05 14:27:31.8162|TRACE| 発生元:iCAD Renamer メッセージ:入力が変更されました。 場所:新しい番号 変更データ:M1200|->
2020-02-05 14:27:35.1401|TRACE| 発生元:iCAD Renamer メッセージ:入力が変更されました。 場所:署名 変更データ:木下|->
2020-02-05 14:27:42.1840|INFO| 発生元:iCAD Renamer メッセージ:フォルダが選択されました。 場所: 変更データ:D:\M1161_三菱自工#2号機|->
2020-02-05 14:27:47.1502|INFO| 発生元:iCAD Renamer メッセージ:フォルダが選択されました。 場所: 変更データ:D:\M1200|->
2020-02-05 14:27:48.7481|TRACE| 発生元:変換進捗 メッセージ:変換進捗を開始しました。 コピー元:D:\M1161_三菱自工#2号機 コピー先:D:\M1200 新番号:M1200 署名:木下|->
2020-02-05 15:49:05.7159|TRACE| 発生元:iCAD Renamer メッセージ:ICAD_Renamerを開始しました。|->
2020-02-05 15:49:22.7107|TRACE| 発生元:iCAD Renamer メッセージ:入力が変更されました。 場所:新しい番号 変更データ:M1200|->
2020-02-05 15:49:24.5677|TRACE| 発生元:iCAD Renamer メッセージ:入力が変更されました。 場所:署名 変更データ:木下|->
2020-02-05 15:49:30.9600|INFO| 発生元:iCAD Renamer メッセージ:フォルダが選択されました。 場所: 変更データ:D:\M1161_三菱自工#2号機|->
2020-02-05 15:49:39.0484|TRACE| 発生元:iCAD Renamer メッセージ:ICAD_Renamerを終了しました。|->
2020-02-05 15:50:22.5050|TRACE| 発生元:iCAD Renamer メッセージ:ICAD_Renamerを開始しました。|->
2020-02-05 15:50:25.5836|TRACE| 発生元:iCAD Renamer メッセージ:入力が変更されました。 場所:新しい番号 変更データ:M1200|->
2020-02-05 15:50:29.2221|TRACE| 発生元:iCAD Renamer メッセージ:入力が変更されました。 場所:署名 変更データ:木下|->
2020-02-05 15:50:33.7949|TRACE| 発生元:iCAD Renamer メッセージ:選択したフォルダにはICADファイルがありません。 ファイルパス:D:\M1165確認図資料|->
2020-02-05 15:50:44.5281|INFO| 発生元:iCAD Renamer メッセージ:フォルダが選択されました。 場所: 変更データ:D:\M1161_三菱自工#2号機|->
2020-02-05 15:50:48.8814|INFO| 発生元:iCAD Renamer メッセージ:フォルダが選択されました。 場所: 変更データ:D:\M1200|->
2020-02-05 15:50:50.8440|TRACE| 発生元:変換進捗 メッセージ:変換進捗を開始しました。 コピー元:D:\M1161_三菱自工#2号機 コピー先:D:\M1200 新番号:M1200 署名:木下|->
2020-02-05 17:06:08.5519|ERROR|ジオメトリ取得エラー|->sxnet.SxException:  MSG01800 操作方法に誤りがあります。（       
   場所 sxnet.SxEntSeg.getGeomList(SxEntSeg[] seglist)
   場所 ICADRenamer.RenameCommand.ExecuteDrawingTitle(String[] files) 場所 C:\Users\Administrator\source\repos\takuya1971\ICADRenamer\ICADRenamer\RenameCommand.cs:行 375    場所 sxnet.SxEntSeg.getGeomList(SxEntSeg[] seglist)
   場所 ICADRenamer.RenameCommand.ExecuteDrawingTitle(String[] files) 場所 C:\Users\Administrator\source\repos\takuya1971\ICADRenamer\ICADRenamer\RenameCommand.cs:行 375
2020-02-05 17:06:08.5519|ERROR|ジオメトリ取得エラー|->sxnet.SxException:  MSG01800 操作方法に誤りがあります。（       
   場所 sxnet.SxEntSeg.getGeomList(SxEntSeg[] seglist)
   場所 ICADRenamer.RenameCommand.ExecuteDrawingTitle(String[] files) 場所 C:\Users\Administrator\source\repos\takuya1971\ICADRenamer\ICADRenamer\RenameCommand.cs:行 375    場所 sxnet.SxEntSeg.getGeomList(SxEntSeg[] seglist)
   場所 ICADRenamer.RenameCommand.ExecuteDrawingTitle(String[] files) 場所 C:\Users\Administrator\source\repos\takuya1971\ICADRenamer\ICADRenamer\RenameCommand.cs:行 375
2020-02-05 17:06:27.3580|ERROR|ジオメトリ取得エラー|->sxnet.SxException:  MSG01800 操作方法に誤りがあります。（       
   場所 sxnet.SxEntSeg.getGeomList(SxEntSeg[] seglist)
   場所 ICADRenamer.RenameCommand.ExecuteDrawingTitle(String[] files) 場所 C:\Users\Administrator\source\repos\takuya1971\ICADRenamer\ICADRenamer\RenameCommand.cs:行 375    場所 sxnet.SxEntSeg.getGeomList(SxEntSeg[] seglist)
   場所 ICADRenamer.RenameCommand.ExecuteDrawingTitle(String[] files) 場所 C:\Users\Administrator\source\repos\takuya1971\ICADRenamer\ICADRenamer\RenameCommand.cs:行 375
2020-02-05 17:06:27.3580|ERROR|ジオメトリ取得エラー|->sxnet.SxException:  MSG01800 操作方法に誤りがあります。（       
   場所 sxnet.SxEntSeg.getGeomList(SxEntSeg[] seglist)
   場所 ICADRenamer.RenameCommand.ExecuteDrawingTitle(String[] files) 場所 C:\Users\Administrator\source\repos\takuya1971\ICADRenamer\ICADRenamer\RenameCommand.cs:行 375    場所 sxnet.SxEntSeg.getGeomList(SxEntSeg[] seglist)
   場所 ICADRenamer.RenameCommand.ExecuteDrawingTitle(String[] files) 場所 C:\Users\Administrator\source\repos\takuya1971\ICADRenamer\ICADRenamer\RenameCommand.cs:行 375
2020-02-05 17:06:41.0460|ERROR|ジオメトリ取得エラー|->sxnet.SxException:  MSG01800 操作方法に誤りがあります。（       
   場所 sxnet.SxEntSeg.getGeomList(SxEntSeg[] seglist)
   場所 ICADRenamer.RenameCommand.ExecuteDrawingTitle(String[] files) 場所 C:\Users\Administrator\source\repos\takuya1971\ICADRenamer\ICADRenamer\RenameCommand.cs:行 375    場所 sxnet.SxEntSeg.getGeomList(SxEntSeg[] seglist)
   場所 ICADRenamer.RenameCommand.ExecuteDrawingTitle(String[] files) 場所 C:\Users\Administrator\source\repos\takuya1971\ICADRenamer\ICADRenamer\RenameCommand.cs:行 375
2020-02-05 17:06:41.0460|ERROR|ジオメトリ取得エラー|->sxnet.SxException:  MSG01800 操作方法に誤りがあります。（       
   場所 sxnet.SxEntSeg.getGeomList(SxEntSeg[] seglist)
   場所 ICADRenamer.RenameCommand.ExecuteDrawingTitle(String[] files) 場所 C:\Users\Administrator\source\repos\takuya1971\ICADRenamer\ICADRenamer\RenameCommand.cs:行 375    場所 sxnet.SxEntSeg.getGeomList(SxEntSeg[] seglist)
   場所 ICADRenamer.RenameCommand.ExecuteDrawingTitle(String[] files) 場所 C:\Users\Administrator\source\repos\takuya1971\ICADRenamer\ICADRenamer\RenameCommand.cs:行 375
2020-02-05 17:37:01.4365|TRACE| 発生元:iCAD Renamer メッセージ:ICAD_Renamerを開始しました。|->
2020-02-05 17:37:11.6805|TRACE| 発生元:iCAD Renamer メッセージ:入力が変更されました。 場所:新しい番号 変更データ:M1200|->
2020-02-05 17:37:17.6823|TRACE| 発生元:iCAD Renamer メッセージ:入力が変更されました。 場所:署名 変更データ:木下|->
2020-02-05 17:37:26.5208|INFO| 発生元:iCAD Renamer メッセージ:フォルダが選択されました。 場所: 変更データ:D:\M1124_KB治具 - コピー|->
2020-02-05 17:40:01.7369|INFO| 発生元:iCAD Renamer メッセージ:フォルダが選択されました。 場所: 変更データ:D:\M1200|->
2020-02-05 17:40:05.5632|TRACE| 発生元:変換進捗 メッセージ:変換進捗を開始しました。 コピー元:D:\M1124_KB治具 - コピー コピー先:D:\M1200 新番号:M1200 署名:木下|->
2020-02-05 17:44:27.8713|TRACE| 発生元:iCAD Renamer メッセージ:ICAD_Renamerを開始しました。|->
2020-02-05 17:44:32.3443|TRACE| 発生元:iCAD Renamer メッセージ:入力が変更されました。 場所:新しい番号 変更データ:M1200|->
2020-02-05 17:44:34.8959|TRACE| 発生元:iCAD Renamer メッセージ:入力が変更されました。 場所:署名 変更データ:木下|->
2020-02-05 17:44:41.0161|INFO| 発生元:iCAD Renamer メッセージ:フォルダが選択されました。 場所: 変更データ:D:\M1124_KB治具 - コピー|->
2020-02-05 17:44:46.9724|INFO| 発生元:iCAD Renamer メッセージ:フォルダが選択されました。 場所: 変更データ:D:\M1200|->
2020-02-05 17:44:47.9369|TRACE| 発生元:変換進捗 メッセージ:変換進捗を開始しました。 コピー元:D:\M1124_KB治具 - コピー コピー先:D:\M1200 新番号:M1200 署名:木下|->
2020-02-05 17:49:41.5383|TRACE| 発生元:iCAD Renamer メッセージ:ICAD_Renamerを開始しました。|->
2020-02-05 17:49:57.3054|TRACE| 発生元:iCAD Renamer メッセージ:入力が変更されました。 場所:新しい番号 変更データ:M1200|->
2020-02-05 17:49:59.5371|TRACE| 発生元:iCAD Renamer メッセージ:入力が変更されました。 場所:署名 変更データ:木下|->
2020-02-05 17:50:04.9435|INFO| 発生元:iCAD Renamer メッセージ:フォルダが選択されました。 場所: 変更データ:D:\M1124_KB治具 - コピー|->
2020-02-05 17:50:09.8542|INFO| 発生元:iCAD Renamer メッセージ:フォルダが選択されました。 場所: 変更データ:D:\M1200|->
2020-02-05 17:50:10.6638|TRACE| 発生元:変換進捗 メッセージ:変換進捗を開始しました。 コピー元:D:\M1124_KB治具 - コピー コピー先:D:\M1200 新番号:M1200 署名:木下|->
2020-02-05 17:52:30.5364|TRACE| 発生元:iCAD Renamer メッセージ:入力が変更されました。 場所:新しい番号 変更データ:M1200|->
2020-02-05 17:52:30.7189|TRACE| 発生元:変換進捗 メッセージ:変換進捗を開始しました。 コピー元:D:\M1124_KB治具 - コピー コピー先:D:\M1200 新番号:M1200 署名:木下|->
2020-02-05 17:53:52.8634|TRACE| 発生元:iCAD Renamer メッセージ:入力が変更されました。 場所:新しい番号 変更データ:M1200|->
2020-02-05 17:53:53.0224|TRACE| 発生元:iCAD Renamer メッセージ:ICAD_Renamerを終了しました。|->
2020-02-05 17:58:39.4752|TRACE| 発生元:iCAD Renamer メッセージ:ICAD_Renamerを開始しました。|->
2020-02-05 17:58:42.4040|TRACE| 発生元:iCAD Renamer メッセージ:入力が変更されました。 場所:新しい番号 変更データ:M1200|->
2020-02-05 17:58:44.4574|TRACE| 発生元:iCAD Renamer メッセージ:入力が変更されました。 場所:署名 変更データ:木下|->
2020-02-05 17:58:48.8741|INFO| 発生元:iCAD Renamer メッセージ:フォルダが選択されました。 場所: 変更データ:D:\M1124_KB治具 - コピー|->
2020-02-05 17:58:55.8224|INFO| 発生元:iCAD Renamer メッセージ:フォルダが選択されました。 場所: 変更データ:D:\M1200|->
2020-02-05 17:58:56.7990|TRACE| 発生元:変換進捗 メッセージ:変換進捗を開始しました。 コピー元:D:\M1124_KB治具 - コピー コピー先:D:\M1200 新番号:M1200 署名:木下|->
2020-02-05 18:01:14.2442|TRACE| 発生元:iCAD Renamer メッセージ:ICAD_Renamerを開始しました。|->
2020-02-05 18:01:17.0259|TRACE| 発生元:iCAD Renamer メッセージ:入力が変更されました。 場所:新しい番号 変更データ:M1200|->
2020-02-05 18:01:19.2514|TRACE| 発生元:iCAD Renamer メッセージ:入力が変更されました。 場所:署名 変更データ:木下|->
2020-02-05 18:01:25.2456|INFO| 発生元:iCAD Renamer メッセージ:フォルダが選択されました。 場所: 変更データ:D:\M1124_KB治具 - コピー|->
2020-02-05 18:01:30.9430|INFO| 発生元:iCAD Renamer メッセージ:フォルダが選択されました。 場所: 変更データ:D:\M1200|->
2020-02-05 18:01:31.8485|TRACE| 発生元:変換進捗 メッセージ:変換進捗を開始しました。 コピー元:D:\M1124_KB治具 - コピー コピー先:D:\M1200 新番号:M1200 署名:木下|->
2020-02-05 18:05:17.0392|TRACE| 発生元:iCAD Renamer メッセージ:入力が変更されました。 場所:新しい番号 変更データ:M1200|->
2020-02-05 18:05:19.2283|TRACE| 発生元:変換進捗 メッセージ:変換進捗を開始しました。 コピー元:D:\M1124_KB治具 - コピー コピー先:D:\M1200 新番号:M1200 署名:木下|->
2020-02-05 18:18:41.3095|TRACE| 発生元:iCAD Renamer メッセージ:ICAD_Renamerを開始しました。|->
2020-02-05 18:18:48.2788|TRACE| 発生元:iCAD Renamer メッセージ:入力が変更されました。 場所:新しい番号 変更データ:M1200|->
2020-02-05 18:18:50.6078|TRACE| 発生元:iCAD Renamer メッセージ:入力が変更されました。 場所:署名 変更データ:木下|->
2020-02-05 18:18:57.7781|INFO| 発生元:iCAD Renamer メッセージ:フォルダが選択されました。 場所: 変更データ:D:\M1137 HIMILE タイ1号機|->
2020-02-05 18:19:03.9639|INFO| 発生元:iCAD Renamer メッセージ:フォルダが選択されました。 場所: 変更データ:D:\M1200|->
2020-02-05 18:19:06.1148|TRACE| 発生元:変換進捗 メッセージ:変換進捗を開始しました。 コピー元:D:\M1137 HIMILE タイ1号機 コピー先:D:\M1200 新番号:M1200 署名:木下|->
2020-02-05 18:52:41.8193|TRACE| 発生元:iCAD Renamer メッセージ:入力が変更されました。 場所:新しい番号 変更データ:M1200|->
2020-02-05 18:52:41.9723|TRACE| 発生元:iCAD Renamer メッセージ:ICAD_Renamerを終了しました。|->
2020-02-05 20:05:21.6256|TRACE| 発生元:iCAD Renamer メッセージ:ICAD_Renamerを開始しました。|->
2020-02-05 20:05:28.9009|TRACE| 発生元:iCAD Renamer メッセージ:M番の入力規則に違反しています。 場所: 変更データ:M120|->
2020-02-05 20:05:33.1899|TRACE| 発生元:iCAD Renamer メッセージ:入力が変更されました。 場所:新しい番号 変更データ:M1200|->
2020-02-05 20:05:35.6868|TRACE| 発生元:iCAD Renamer メッセージ:入力が変更されました。 場所:署名 変更データ:木下|->
2020-02-05 20:05:45.0272|INFO| 発生元:iCAD Renamer メッセージ:フォルダが選択されました。 場所: 変更データ:D:\M1111 住友ｺﾞﾑ|->
2020-02-05 20:05:51.1912|INFO| 発生元:iCAD Renamer メッセージ:フォルダが選択されました。 場所: 変更データ:D:\M1200|->
2020-02-05 20:05:54.5689|TRACE| 発生元:変換進捗 メッセージ:変換進捗を開始しました。 コピー元:D:\M1111 住友ｺﾞﾑ コピー先:D:\M1200 新番号:M1200 署名:木下|->
2020-02-05 20:08:35.4686|TRACE| 発生元:iCAD Renamer メッセージ:入力が変更されました。 場所:新しい番号 変更データ:M1200|->
2020-02-05 20:08:35.5758|TRACE| 発生元:iCAD Renamer メッセージ:ICAD_Renamerを終了しました。|->
2020-02-05 20:13:37.4335|TRACE| 発生元:iCAD Renamer メッセージ:ICAD_Renamerを開始しました。|->
2020-02-05 20:13:40.3018|TRACE| 発生元:iCAD Renamer メッセージ:入力が変更されました。 場所:新しい番号 変更データ:M1200|->
2020-02-05 20:13:42.3926|TRACE| 発生元:iCAD Renamer メッセージ:入力が変更されました。 場所:署名 変更データ:木下|->
2020-02-05 20:13:47.5113|INFO| 発生元:iCAD Renamer メッセージ:フォルダが選択されました。 場所: 変更データ:D:\M1124_KB治具 - コピー|->
2020-02-05 20:13:52.4448|INFO| 発生元:iCAD Renamer メッセージ:フォルダが選択されました。 場所: 変更データ:D:\M1200|->
2020-02-05 20:13:53.8489|TRACE| 発生元:変換進捗 メッセージ:変換進捗を開始しました。 コピー元:D:\M1124_KB治具 - コピー コピー先:D:\M1200 新番号:M1200 署名:木下|->
2020-02-05 20:15:01.4223|TRACE| 発生元:iCAD Renamer メッセージ:入力が変更されました。 場所:新しい番号 変更データ:M1200|->
2020-02-05 20:15:35.9271|TRACE| 発生元:iCAD Renamer メッセージ:ICAD_Renamerを終了しました。|->
2020-02-05 20:16:09.9811|TRACE| 発生元:iCAD Renamer メッセージ:ICAD_Renamerを開始しました。|->
2020-02-05 20:16:12.4628|TRACE| 発生元:iCAD Renamer メッセージ:入力が変更されました。 場所:新しい番号 変更データ:M1200|->
2020-02-05 20:16:15.4426|TRACE| 発生元:iCAD Renamer メッセージ:入力が変更されました。 場所:署名 変更データ:木下|->
2020-02-05 20:16:21.5137|INFO| 発生元:iCAD Renamer メッセージ:フォルダが選択されました。 場所: 変更データ:D:\M1124_KB治具 - コピー|->
2020-02-05 20:16:27.1988|INFO| 発生元:iCAD Renamer メッセージ:フォルダが選択されました。 場所: 変更データ:D:\M1200|->
2020-02-05 20:16:34.4716|TRACE| 発生元:変換進捗 メッセージ:変換進捗を開始しました。 コピー元:D:\M1124_KB治具 - コピー コピー先:D:\M1200 新番号:M1200 署名:木下|->
2020-02-05 20:21:57.9054|TRACE| 発生元:iCAD Renamer メッセージ:ICAD_Renamerを開始しました。|->
2020-02-05 20:22:01.3925|TRACE| 発生元:iCAD Renamer メッセージ:入力が変更されました。 場所:新しい番号 変更データ:M1200|->
2020-02-05 20:22:03.6297|TRACE| 発生元:iCAD Renamer メッセージ:入力が変更されました。 場所:署名 変更データ:木下|->
2020-02-05 20:22:08.6431|INFO| 発生元:iCAD Renamer メッセージ:フォルダが選択されました。 場所: 変更データ:D:\M1124_KB治具 - コピー|->
2020-02-05 20:22:13.8267|INFO| 発生元:iCAD Renamer メッセージ:フォルダが選択されました。 場所: 変更データ:D:\M1200|->
2020-02-05 20:22:33.3275|INFO| 発生元:iCAD Renamer メッセージ:フォルダが選択されました。 場所: 変更データ:D:\M1200|->
2020-02-05 20:22:34.5299|TRACE| 発生元:変換進捗 メッセージ:変換進捗を開始しました。 コピー元:D:\M1124_KB治具 - コピー コピー先:D:\M1200 新番号:M1200 署名:木下|->
2020-02-05 20:27:06.4266|TRACE| 発生元:iCAD Renamer メッセージ:ICAD_Renamerを開始しました。|->
2020-02-05 20:27:11.7559|TRACE| 発生元:iCAD Renamer メッセージ:入力が変更されました。 場所:新しい番号 変更データ:M1200|->
2020-02-05 20:27:14.0847|TRACE| 発生元:iCAD Renamer メッセージ:入力が変更されました。 場所:署名 変更データ:木下|->
2020-02-05 20:27:19.3905|INFO| 発生元:iCAD Renamer メッセージ:フォルダが選択されました。 場所: 変更データ:D:\M1124_KB治具 - コピー|->
2020-02-05 20:27:24.2918|INFO| 発生元:iCAD Renamer メッセージ:フォルダが選択されました。 場所: 変更データ:D:\M1200|->
2020-02-05 20:27:25.5315|TRACE| 発生元:変換進捗 メッセージ:変換進捗を開始しました。 コピー元:D:\M1124_KB治具 - コピー コピー先:D:\M1200 新番号:M1200 署名:木下|->
2020-02-05 20:31:27.1622|TRACE| 発生元:iCAD Renamer メッセージ:ICAD_Renamerを開始しました。|->
2020-02-05 20:31:32.2116|TRACE| 発生元:iCAD Renamer メッセージ:入力が変更されました。 場所:新しい番号 変更データ:M1200|->
2020-02-05 20:31:34.8997|TRACE| 発生元:iCAD Renamer メッセージ:入力が変更されました。 場所:署名 変更データ:木下|->
2020-02-05 20:31:40.1530|INFO| 発生元:iCAD Renamer メッセージ:フォルダが選択されました。 場所: 変更データ:D:\M1124_KB治具 - コピー|->
2020-02-05 20:31:44.2547|INFO| 発生元:iCAD Renamer メッセージ:フォルダが選択されました。 場所: 変更データ:D:\M1200|->
2020-02-05 20:31:45.1046|TRACE| 発生元:変換進捗 メッセージ:変換進捗を開始しました。 コピー元:D:\M1124_KB治具 - コピー コピー先:D:\M1200 新番号:M1200 署名:木下|->
2020-02-05 20:34:51.6787|TRACE| 発生元:iCAD Renamer メッセージ:入力が変更されました。 場所:新しい番号 変更データ:M1200|->
2020-02-05 20:34:56.3018|INFO| 発生元:iCAD Renamer メッセージ:フォルダが選択されました。 場所: 変更データ:D:\M1124_KB治具 - コピー|->
2020-02-05 20:34:58.1785|TRACE| 発生元:変換進捗 メッセージ:変換進捗を開始しました。 コピー元:D:\M1124_KB治具 - コピー コピー先:D:\M1200 新番号:M1200 署名:木下|->
2020-02-05 20:36:11.6886|TRACE| 発生元:iCAD Renamer メッセージ:入力が変更されました。 場所:新しい番号 変更データ:M1200|->
2020-02-05 20:36:11.8975|TRACE| 発生元:変換進捗 メッセージ:変換進捗を開始しました。 コピー元:D:\M1124_KB治具 - コピー コピー先:D:\M1200 新番号:M1200 署名:木下|->
2020-02-05 20:37:52.7568|TRACE| 発生元:iCAD Renamer メッセージ:ICAD_Renamerを開始しました。|->
2020-02-05 20:38:00.7786|INFO| 発生元:iCAD Renamer メッセージ:フォルダが選択されました。 場所: 変更データ:D:\M1124_KB治具 - コピー|->
2020-02-05 20:38:03.8193|TRACE| 発生元:iCAD Renamer メッセージ:入力が変更されました。 場所:新しい番号 変更データ:M1200|->
2020-02-05 20:38:06.7315|TRACE| 発生元:iCAD Renamer メッセージ:入力が変更されました。 場所:署名 変更データ:木下|->
2020-02-05 20:38:12.4415|INFO| 発生元:iCAD Renamer メッセージ:フォルダが選択されました。 場所: 変更データ:D:\M1200|->
2020-02-05 20:38:14.9882|TRACE| 発生元:変換進捗 メッセージ:変換進捗を開始しました。 コピー元:D:\M1124_KB治具 - コピー コピー先:D:\M1200 新番号:M1200 署名:木下|->
2020-02-05 20:44:49.6076|TRACE| 発生元:iCAD Renamer メッセージ:ICAD_Renamerを開始しました。|->
2020-02-05 20:44:52.3341|TRACE| 発生元:iCAD Renamer メッセージ:入力が変更されました。 場所:新しい番号 変更データ:M1200|->
2020-02-05 20:44:54.7528|TRACE| 発生元:iCAD Renamer メッセージ:入力が変更されました。 場所:署名 変更データ:木下|->
2020-02-05 20:45:00.1970|INFO| 発生元:iCAD Renamer メッセージ:フォルダが選択されました。 場所: 変更データ:D:\M1124_KB治具 - コピー|->
2020-02-05 20:45:04.7480|INFO| 発生元:iCAD Renamer メッセージ:フォルダが選択されました。 場所: 変更データ:D:\M1200|->
2020-02-05 20:45:06.0485|TRACE| 発生元:変換進捗 メッセージ:変換進捗を開始しました。 コピー元:D:\M1124_KB治具 - コピー コピー先:D:\M1200 新番号:M1200 署名:木下|->
2020-02-05 21:45:18.1854|TRACE| 発生元:iCAD Renamer メッセージ:ICAD_Renamerを開始しました。|->
2020-02-05 21:45:21.7401|TRACE| 発生元:iCAD Renamer メッセージ:入力が変更されました。 場所:新しい番号 変更データ:M1200|->
2020-02-05 21:45:24.3158|TRACE| 発生元:iCAD Renamer メッセージ:入力が変更されました。 場所:署名 変更データ:木下|->
2020-02-05 21:45:30.9121|INFO| 発生元:iCAD Renamer メッセージ:フォルダが選択されました。 場所: 変更データ:D:\M1124_KB治具 - コピー|->
2020-02-05 21:45:36.0231|INFO| 発生元:iCAD Renamer メッセージ:フォルダが選択されました。 場所: 変更データ:D:\M1200|->
2020-02-05 21:45:37.8228|TRACE| 発生元:変換進捗 メッセージ:変換進捗を開始しました。 コピー元:D:\M1124_KB治具 - コピー コピー先:D:\M1200 新番号:M1200 署名:木下|->
2020-02-05 21:47:16.2595|TRACE| 発生元:iCAD Renamer メッセージ:入力が変更されました。 場所:新しい番号 変更データ:M1200|->
2020-02-05 21:47:16.4273|TRACE| 発生元:iCAD Renamer メッセージ:ICAD_Renamerを終了しました。|->
2020-02-05 21:48:38.8369|TRACE| 発生元:iCAD Renamer メッセージ:ICAD_Renamerを開始しました。|->
2020-02-05 21:48:41.7295|TRACE| 発生元:iCAD Renamer メッセージ:入力が変更されました。 場所:新しい番号 変更データ:M1200|->
2020-02-05 21:48:43.9496|TRACE| 発生元:iCAD Renamer メッセージ:入力が変更されました。 場所:署名 変更データ:木下|->
2020-02-05 21:48:48.5621|INFO| 発生元:iCAD Renamer メッセージ:フォルダが選択されました。 場所: 変更データ:D:\M1124_KB治具 - コピー|->
2020-02-05 21:48:56.9763|INFO| 発生元:iCAD Renamer メッセージ:フォルダが選択されました。 場所: 変更データ:D:\M1200|->
2020-02-05 21:48:57.9398|TRACE| 発生元:変換進捗 メッセージ:変換進捗を開始しました。 コピー元:D:\M1124_KB治具 - コピー コピー先:D:\M1200 新番号:M1200 署名:木下|->
2020-02-05 21:52:58.1474|TRACE| 発生元:iCAD Renamer メッセージ:ICAD_Renamerを開始しました。|->
2020-02-05 21:53:00.9619|TRACE| 発生元:iCAD Renamer メッセージ:入力が変更されました。 場所:新しい番号 変更データ:M1200|->
2020-02-05 21:53:02.9575|TRACE| 発生元:iCAD Renamer メッセージ:入力が変更されました。 場所:署名 変更データ:木下|->
2020-02-05 21:53:08.4596|INFO| 発生元:iCAD Renamer メッセージ:フォルダが選択されました。 場所: 変更データ:D:\M1124_KB治具 - コピー|->
2020-02-05 21:53:14.1972|INFO| 発生元:iCAD Renamer メッセージ:フォルダが選択されました。 場所: 変更データ:D:\M1200|->
2020-02-05 21:53:15.8907|TRACE| 発生元:変換進捗 メッセージ:変換進捗を開始しました。 コピー元:D:\M1124_KB治具 - コピー コピー先:D:\M1200 新番号:M1200 署名:木下|->
2020-02-05 21:56:39.9694|TRACE| 発生元:iCAD Renamer メッセージ:入力が変更されました。 場所:新しい番号 変更データ:M1200|->
2020-02-05 21:56:40.0884|TRACE| 発生元:iCAD Renamer メッセージ:ICAD_Renamerを終了しました。|->
2020-02-05 22:00:24.2275|TRACE| 発生元:iCAD Renamer メッセージ:ICAD_Renamerを開始しました。|->
2020-02-05 22:00:25.6855|TRACE| 発生元:iCAD Renamer メッセージ:ICAD_Renamerを終了しました。|->
2020-02-05 22:41:35.2613|TRACE| 発生元:iCAD Renamer メッセージ:ICAD_Renamerを開始しました。|->
2020-02-05 22:41:38.6698|TRACE| 発生元:iCAD Renamer メッセージ:入力が変更されました。 場所:新しい番号 変更データ:M1200|->
2020-02-05 22:41:42.2121|TRACE| 発生元:iCAD Renamer メッセージ:入力が変更されました。 場所:署名 変更データ:木下|->
2020-02-05 22:41:49.4752|INFO| 発生元:iCAD Renamer メッセージ:フォルダが選択されました。 場所: 変更データ:D:\M1124_KB治具 - コピー|->
2020-02-05 22:41:54.4322|INFO| 発生元:iCAD Renamer メッセージ:フォルダが選択されました。 場所: 変更データ:D:\M1200|->
2020-02-05 22:41:56.0831|TRACE| 発生元:変換進捗 メッセージ:変換進捗を開始しました。 コピー元:D:\M1124_KB治具 - コピー コピー先:D:\M1200 新番号:M1200 署名:木下|->
2020-02-05 22:42:45.8201|TRACE| 発生元:iCAD Renamer メッセージ:ICAD_Renamerを開始しました。|->
2020-02-05 22:42:48.9576|TRACE| 発生元:iCAD Renamer メッセージ:入力が変更されました。 場所:新しい番号 変更データ:M1200|->
2020-02-05 22:42:51.0413|TRACE| 発生元:iCAD Renamer メッセージ:入力が変更されました。 場所:署名 変更データ:木下|->
2020-02-05 22:42:59.8760|INFO| 発生元:iCAD Renamer メッセージ:フォルダが選択されました。 場所: 変更データ:D:\M1124_KB治具 - コピー|->
2020-02-05 22:43:04.5834|INFO| 発生元:iCAD Renamer メッセージ:フォルダが選択されました。 場所: 変更データ:D:\M1200|->
2020-02-05 22:43:05.9492|TRACE| 発生元:変換進捗 メッセージ:変換進捗を開始しました。 コピー元:D:\M1124_KB治具 - コピー コピー先:D:\M1200 新番号:M1200 署名:木下|->
2020-02-05 22:43:56.6489|TRACE| 発生元:iCAD Renamer メッセージ:ICAD_Renamerを開始しました。|->
2020-02-05 22:43:59.5278|TRACE| 発生元:iCAD Renamer メッセージ:入力が変更されました。 場所:新しい番号 変更データ:M1200|->
2020-02-05 22:44:02.4096|TRACE| 発生元:iCAD Renamer メッセージ:入力が変更されました。 場所:署名 変更データ:木下|->
2020-02-05 22:44:08.1296|INFO| 発生元:iCAD Renamer メッセージ:フォルダが選択されました。 場所: 変更データ:D:\M1124_KB治具 - コピー|->
2020-02-05 22:44:13.3009|INFO| 発生元:iCAD Renamer メッセージ:フォルダが選択されました。 場所: 変更データ:D:\M1200|->
2020-02-05 22:44:14.2644|TRACE| 発生元:変換進捗 メッセージ:変換進捗を開始しました。 コピー元:D:\M1124_KB治具 - コピー コピー先:D:\M1200 新番号:M1200 署名:木下|->
2020-02-05 22:44:24.9464|TRACE| 発生元:変換進捗 メッセージ:変換進捗をキャンセルしました。|->
2020-02-05 22:44:24.9464|TRACE| 発生元:変換進捗 メッセージ:変換進捗をキャンセルしました。|->
2020-02-05 22:44:24.9464|TRACE| 発生元:変換進捗 メッセージ:変換進捗をキャンセルしました。|->
2020-02-05 22:44:24.9464|TRACE| 発生元:変換進捗 メッセージ:変換進捗をキャンセルしました。|->
2020-02-05 22:44:24.9464|TRACE| 発生元:変換進捗 メッセージ:変換進捗をキャンセルしました。|->
2020-02-05 22:44:24.9604|TRACE| 発生元:変換進捗 メッセージ:変換進捗をキャンセルしました。|->
2020-02-05 22:44:24.9604|TRACE| 発生元:変換進捗 メッセージ:変換進捗をキャンセルしました。|->
2020-02-05 22:44:24.9604|TRACE| 発生元:変換進捗 メッセージ:変換進捗をキャンセルしました。|->
2020-02-05 22:44:24.9604|TRACE| 発生元:変換進捗 メッセージ:変換進捗をキャンセルしました。|->
2020-02-05 22:44:24.9604|TRACE| 発生元:変換進捗 メッセージ:変換進捗をキャンセルしました。|->
2020-02-05 22:44:24.9774|TRACE| 発生元:変換進捗 メッセージ:変換進捗をキャンセルしました。|->
2020-02-05 22:44:24.9774|TRACE| 発生元:変換進捗 メッセージ:変換進捗をキャンセルしました。|->
2020-02-05 22:44:24.9774|TRACE| 発生元:変換進捗 メッセージ:変換進捗をキャンセルしました。|->
2020-02-05 22:44:24.9774|TRACE| 発生元:変換進捗 メッセージ:変換進捗をキャンセルしました。|->
2020-02-05 22:44:26.5174|TRACE| 発生元:変換進捗 メッセージ:変換進捗をキャンセルしました。|->
2020-02-05 22:44:27.0604|TRACE| 発生元:変換進捗 メッセージ:変換進捗をキャンセルしました。|->
2020-02-05 22:44:27.0604|TRACE| 発生元:変換進捗 メッセージ:変換進捗をキャンセルしました。|->
2020-02-05 22:44:28.5214|INFO| :D:\M1200\M1124-0700-00-1_C-1用K12B用取出治具.icd実行時にユーザーによってキャンセルされました。|->
2020-02-05 22:44:32.0131|TRACE| 発生元:変換進捗 メッセージ:変換進捗をキャンセルしました。|->
2020-02-05 22:44:37.9010|TRACE| 発生元:変換進捗 メッセージ:変換進捗をキャンセルしました。|->
2020-02-05 22:44:38.4450|TRACE| 発生元:変換進捗 メッセージ:変換進捗をキャンセルしました。|->
2020-02-05 22:44:38.8213|TRACE| 発生元:変換進捗 メッセージ:変換進捗をキャンセルしました。|->
2020-02-05 22:44:39.1729|TRACE| 発生元:変換進捗 メッセージ:変換進捗をキャンセルしました。|->
2020-02-05 22:44:39.4694|TRACE| 発生元:変換進捗 メッセージ:変換進捗をキャンセルしました。|->
2020-02-05 22:44:39.9488|TRACE| 発生元:変換進捗 メッセージ:変換進捗をキャンセルしました。|->
2020-02-05 22:44:40.4048|TRACE| 発生元:変換進捗 メッセージ:変換進捗をキャンセルしました。|->
2020-02-05 22:45:05.7050|TRACE| 発生元:変換進捗 メッセージ:変換進捗をキャンセルしました。|->
2020-02-05 22:46:15.4003|TRACE| 発生元:iCAD Renamer メッセージ:ICAD_Renamerを開始しました。|->
2020-02-05 22:46:18.0972|TRACE| 発生元:iCAD Renamer メッセージ:入力が変更されました。 場所:新しい番号 変更データ:M1200|->
2020-02-05 22:46:20.1194|TRACE| 発生元:iCAD Renamer メッセージ:入力が変更されました。 場所:署名 変更データ:木下|->
2020-02-05 22:46:25.0363|INFO| 発生元:iCAD Renamer メッセージ:フォルダが選択されました。 場所: 変更データ:D:\M1124_KB治具 - コピー|->
2020-02-05 22:46:30.5978|INFO| 発生元:iCAD Renamer メッセージ:フォルダが選択されました。 場所: 変更データ:D:\M1200|->
2020-02-05 22:46:32.5334|TRACE| 発生元:変換進捗 メッセージ:変換進捗を開始しました。 コピー元:D:\M1124_KB治具 - コピー コピー先:D:\M1200 新番号:M1200 署名:木下|->
