2020-01-15 02:29:06.6330|TRACE| 発生元:iCAD Renamer メッセージ:ICAD_Renamerを開始しました。|->
2020-01-15 02:30:26.9993|TRACE| 発生元:ICADRenamer のバージョン情報 メッセージ:ICADRenamer のバージョン情報を開きました。|->
2020-01-15 02:30:29.0774|TRACE| 発生元:ICADRenamer のバージョン情報 メッセージ:ICADRenamer のバージョン情報を閉じました。|->
2020-01-15 02:30:31.2769|TRACE| 発生元:オプション設定 メッセージ:値が変更されました。 場所:デルタマークを削除する 変更データ:する|->
2020-01-15 02:30:31.2769|TRACE| 発生元:オプション設定 メッセージ:値が変更されました。 場所:パーツ変更後更新処理をする 変更データ:する|->
2020-01-15 02:30:31.2769|TRACE| 発生元:オプション設定 メッセージ:値が変更されました。 場所:M番の入力制限をする 変更データ:する|->
2020-01-15 02:30:31.3718|TRACE| 発生元:オプション設定 メッセージ:表示されました。|->
2020-01-15 02:30:43.1981|TRACE| 発生元:ヘルプブラウザ メッセージ:ヘルプブラウザを開きました。|->
2020-01-15 02:30:44.6962|INFO| 発生元:ヘルプブラウザ メッセージ:ページ移動しました。 移動先:ms-local-stream://microsoft.win32webviewhost_cw5n1h2txyewy_4c6f63616c436f6e74656e74/Help/Help.html#OptionSettingDialog 実行結果:成功|->
2020-01-15 02:31:00.9089|TRACE| 発生元:ヘルプブラウザ メッセージ:ヘルプブラウザが閉じました。|->
2020-01-15 02:31:02.4331|TRACE| 発生元:オプション設定 メッセージ:変更を保存せずに終了しました。|->
2020-01-15 02:31:02.4331|TRACE| 発生元:オプション設定 メッセージ:終了しました。|->
2020-01-15 02:31:03.3026|TRACE| 発生元:iCAD Renamer メッセージ:ICAD_Renamerを終了しました。|->
2020-01-15 21:40:00.2079|TRACE| 発生元:iCAD Renamer メッセージ:ICAD_Renamerを開始しました。|->
2020-01-15 21:40:35.1183|TRACE| 発生元:ヘルプブラウザ メッセージ:ヘルプブラウザを開きました。|->
2020-01-15 21:40:36.4576|INFO| 発生元:ヘルプブラウザ メッセージ:ページ移動しました。 移動先:ms-local-stream://microsoft.win32webviewhost_cw5n1h2txyewy_4c6f63616c436f6e74656e74/Help/Help.html 実行結果:成功|->
2020-01-15 21:40:38.1149|INFO| 発生元:ヘルプブラウザ メッセージ:ページ移動しました。 移動先:ms-local-stream://microsoft.win32webviewhost_cw5n1h2txyewy_4c6f63616c436f6e74656e74/Help/Help.html# 実行結果:成功|->
2020-01-15 21:40:39.0544|INFO| 発生元:ヘルプブラウザ メッセージ:ページ移動しました。 移動先:ms-local-stream://microsoft.win32webviewhost_cw5n1h2txyewy_4c6f63616c436f6e74656e74/Help/Help.html# 実行結果:成功|->
2020-01-15 21:40:43.2061|INFO| 発生元:ヘルプブラウザ メッセージ:ページ移動しました。 移動先:ms-local-stream://microsoft.win32webviewhost_cw5n1h2txyewy_4c6f63616c436f6e74656e74/Help/Help.html# 実行結果:成功|->
2020-01-15 21:40:47.3744|INFO| 発生元:ヘルプブラウザ メッセージ:ページ移動しました。 移動先:ms-local-stream://microsoft.win32webviewhost_cw5n1h2txyewy_4c6f63616c436f6e74656e74/Help/Help.html# 実行結果:成功|->
2020-01-15 21:40:48.3260|INFO| 発生元:ヘルプブラウザ メッセージ:ページ移動しました。 移動先:ms-local-stream://microsoft.win32webviewhost_cw5n1h2txyewy_4c6f63616c436f6e74656e74/Help/Help.html#MainScreen 実行結果:成功|->
2020-01-15 21:40:49.4075|INFO| 発生元:ヘルプブラウザ メッセージ:ページ移動しました。 移動先:ms-local-stream://microsoft.win32webviewhost_cw5n1h2txyewy_4c6f63616c436f6e74656e74/Help/Help.html# 実行結果:成功|->
2020-01-15 21:40:52.4953|INFO| 発生元:ヘルプブラウザ メッセージ:ページ移動しました。 移動先:ms-local-stream://microsoft.win32webviewhost_cw5n1h2txyewy_4c6f63616c436f6e74656e74/Help/Help.html# 実行結果:成功|->
2020-01-15 21:40:53.5118|INFO| 発生元:ヘルプブラウザ メッセージ:ページ移動しました。 移動先:ms-local-stream://microsoft.win32webviewhost_cw5n1h2txyewy_4c6f63616c436f6e74656e74/Help/Help.html# 実行結果:成功|->
2020-01-15 21:40:55.4614|INFO| 発生元:ヘルプブラウザ メッセージ:ページ移動しました。 移動先:ms-local-stream://microsoft.win32webviewhost_cw5n1h2txyewy_4c6f63616c436f6e74656e74/Help/Help.html#Attention 実行結果:成功|->
2020-01-15 21:40:56.2785|INFO| 発生元:ヘルプブラウザ メッセージ:ページ移動しました。 移動先:ms-local-stream://microsoft.win32webviewhost_cw5n1h2txyewy_4c6f63616c436f6e74656e74/Help/Help.html# 実行結果:成功|->
2020-01-15 21:40:59.1605|INFO| 発生元:ヘルプブラウザ メッセージ:ページ移動しました。 移動先:ms-local-stream://microsoft.win32webviewhost_cw5n1h2txyewy_4c6f63616c436f6e74656e74/Help/Help.html# 実行結果:成功|->
2020-01-15 21:41:01.9783|INFO| 発生元:ヘルプブラウザ メッセージ:ページ移動しました。 移動先:ms-local-stream://microsoft.win32webviewhost_cw5n1h2txyewy_4c6f63616c436f6e74656e74/Help/Help.html#MainScreen 実行結果:成功|->
2020-01-15 21:41:05.0557|INFO| 発生元:ヘルプブラウザ メッセージ:ページ移動しました。 移動先:ms-local-stream://microsoft.win32webviewhost_cw5n1h2txyewy_4c6f63616c436f6e74656e74/Help/Help.html#NewProjectInput 実行結果:成功|->
2020-01-15 21:41:10.3875|INFO| 発生元:ヘルプブラウザ メッセージ:ページ移動しました。 移動先:ms-local-stream://microsoft.win32webviewhost_cw5n1h2txyewy_4c6f63616c436f6e74656e74/Help/Help.html#MainScreen 実行結果:成功|->
2020-01-15 21:41:11.5286|INFO| 発生元:ヘルプブラウザ メッセージ:ページ移動しました。 移動先:ms-local-stream://microsoft.win32webviewhost_cw5n1h2txyewy_4c6f63616c436f6e74656e74/Help/Help.html#SignatureInput 実行結果:成功|->
2020-01-15 21:41:13.0575|INFO| 発生元:ヘルプブラウザ メッセージ:ページ移動しました。 移動先:ms-local-stream://microsoft.win32webviewhost_cw5n1h2txyewy_4c6f63616c436f6e74656e74/Help/Help.html#MainScreen 実行結果:成功|->
2020-01-15 21:41:14.4410|INFO| 発生元:ヘルプブラウザ メッセージ:ページ移動しました。 移動先:ms-local-stream://microsoft.win32webviewhost_cw5n1h2txyewy_4c6f63616c436f6e74656e74/Help/Help.html#SourceFolderInput 実行結果:成功|->
2020-01-15 21:41:16.6094|INFO| 発生元:ヘルプブラウザ メッセージ:ページ移動しました。 移動先:ms-local-stream://microsoft.win32webviewhost_cw5n1h2txyewy_4c6f63616c436f6e74656e74/Help/Help.html#MainScreen 実行結果:成功|->
2020-01-15 21:41:18.1927|INFO| 発生元:ヘルプブラウザ メッセージ:ページ移動しました。 移動先:ms-local-stream://microsoft.win32webviewhost_cw5n1h2txyewy_4c6f63616c436f6e74656e74/Help/Help.html#DestinationFolderInput 実行結果:成功|->
2020-01-15 21:41:21.2418|INFO| 発生元:ヘルプブラウザ メッセージ:ページ移動しました。 移動先:ms-local-stream://microsoft.win32webviewhost_cw5n1h2txyewy_4c6f63616c436f6e74656e74/Help/Help.html#MainScreen 実行結果:成功|->
2020-01-15 21:41:22.4522|INFO| 発生元:ヘルプブラウザ メッセージ:ページ移動しました。 移動先:ms-local-stream://microsoft.win32webviewhost_cw5n1h2txyewy_4c6f63616c436f6e74656e74/Help/Help.html#DestinationFolderInput 実行結果:成功|->
2020-01-15 21:41:23.4377|INFO| 発生元:ヘルプブラウザ メッセージ:ページ移動しました。 移動先:ms-local-stream://microsoft.win32webviewhost_cw5n1h2txyewy_4c6f63616c436f6e74656e74/Help/Help.html#MainScreen 実行結果:成功|->
2020-01-15 21:41:25.2638|INFO| 発生元:ヘルプブラウザ メッセージ:ページ移動しました。 移動先:ms-local-stream://microsoft.win32webviewhost_cw5n1h2txyewy_4c6f63616c436f6e74656e74/Help/Help.html# 実行結果:成功|->
2020-01-15 21:43:54.8242|TRACE| 発生元:ヘルプブラウザ メッセージ:ヘルプブラウザが閉じました。|->
2020-01-15 21:43:57.3354|TRACE| 発生元:iCAD Renamer メッセージ:ICAD_Renamerを終了しました。|->
2020-01-15 21:44:19.6891|TRACE| 発生元:iCAD Renamer メッセージ:ICAD_Renamerを開始しました。|->
2020-01-15 21:44:24.6521|TRACE| 発生元:ヘルプブラウザ メッセージ:ヘルプブラウザを開きました。|->
2020-01-15 21:44:25.6303|INFO| 発生元:ヘルプブラウザ メッセージ:ページ移動しました。 移動先:ms-local-stream://microsoft.win32webviewhost_cw5n1h2txyewy_4c6f63616c436f6e74656e74/Help/Help.html 実行結果:成功|->
2020-01-15 21:44:27.3750|INFO| 発生元:ヘルプブラウザ メッセージ:ページ移動しました。 移動先:ms-local-stream://microsoft.win32webviewhost_cw5n1h2txyewy_4c6f63616c436f6e74656e74/Help/Help.html#MainScreen 実行結果:成功|->
2020-01-15 21:44:28.1490|INFO| 発生元:ヘルプブラウザ メッセージ:ページ移動しました。 移動先:ms-local-stream://microsoft.win32webviewhost_cw5n1h2txyewy_4c6f63616c436f6e74656e74/Help/Help.html#Environment 実行結果:成功|->
2020-01-15 21:44:29.2998|INFO| 発生元:ヘルプブラウザ メッセージ:ページ移動しました。 移動先:ms-local-stream://microsoft.win32webviewhost_cw5n1h2txyewy_4c6f63616c436f6e74656e74/Help/Help.html#Summery 実行結果:成功|->
2020-01-15 21:44:34.1211|INFO| 発生元:ヘルプブラウザ メッセージ:ページ移動しました。 移動先:ms-local-stream://microsoft.win32webviewhost_cw5n1h2txyewy_4c6f63616c436f6e74656e74/Help/Help.html 実行結果:成功|->
2020-01-15 21:44:36.3269|INFO| 発生元:ヘルプブラウザ メッセージ:ページ移動しました。 移動先:ms-local-stream://microsoft.win32webviewhost_cw5n1h2txyewy_4c6f63616c436f6e74656e74/Help/Help.html#Library 実行結果:成功|->
2020-01-15 21:44:37.4557|INFO| 発生元:ヘルプブラウザ メッセージ:ページ移動しました。 移動先:ms-local-stream://microsoft.win32webviewhost_cw5n1h2txyewy_4c6f63616c436f6e74656e74/Help/Help.html#LogViewer 実行結果:成功|->
2020-01-15 21:44:40.0509|INFO| 発生元:ヘルプブラウザ メッセージ:ページ移動しました。 移動先:ms-local-stream://microsoft.win32webviewhost_cw5n1h2txyewy_4c6f63616c436f6e74656e74/Help/Help.html#FolderBrowseButton 実行結果:成功|->
2020-01-15 21:44:42.0291|INFO| 発生元:ヘルプブラウザ メッセージ:ページ移動しました。 移動先:ms-local-stream://microsoft.win32webviewhost_cw5n1h2txyewy_4c6f63616c436f6e74656e74/Help/Help.html#Environment 実行結果:成功|->
2020-01-15 21:44:43.6205|INFO| 発生元:ヘルプブラウザ メッセージ:ページ移動しました。 移動先:ms-local-stream://microsoft.win32webviewhost_cw5n1h2txyewy_4c6f63616c436f6e74656e74/Help/Help.html#MainScreen 実行結果:成功|->
2020-01-15 21:44:46.4594|INFO| 発生元:ヘルプブラウザ メッセージ:ページ移動しました。 移動先:ms-local-stream://microsoft.win32webviewhost_cw5n1h2txyewy_4c6f63616c436f6e74656e74/Help/Help.html#NewProjectInput 実行結果:成功|->
2020-01-15 21:44:48.8841|INFO| 発生元:ヘルプブラウザ メッセージ:ページ移動しました。 移動先:ms-local-stream://microsoft.win32webviewhost_cw5n1h2txyewy_4c6f63616c436f6e74656e74/Help/Help.html#MainScreen 実行結果:成功|->
2020-01-15 21:44:50.6378|INFO| 発生元:ヘルプブラウザ メッセージ:ページ移動しました。 移動先:ms-local-stream://microsoft.win32webviewhost_cw5n1h2txyewy_4c6f63616c436f6e74656e74/Help/Help.html#RegexBox 実行結果:成功|->
2020-01-15 21:44:52.2144|INFO| 発生元:ヘルプブラウザ メッセージ:ページ移動しました。 移動先:ms-local-stream://microsoft.win32webviewhost_cw5n1h2txyewy_4c6f63616c436f6e74656e74/Help/Help.html#MainScreen 実行結果:成功|->
2020-01-15 21:44:53.1710|INFO| 発生元:ヘルプブラウザ メッセージ:ページ移動しました。 移動先:ms-local-stream://microsoft.win32webviewhost_cw5n1h2txyewy_4c6f63616c436f6e74656e74/Help/Help.html#SignatureInput 実行結果:成功|->
2020-01-15 21:44:54.9074|INFO| 発生元:ヘルプブラウザ メッセージ:ページ移動しました。 移動先:ms-local-stream://microsoft.win32webviewhost_cw5n1h2txyewy_4c6f63616c436f6e74656e74/Help/Help.html#MainScreen 実行結果:成功|->
2020-01-15 21:44:55.9531|INFO| 発生元:ヘルプブラウザ メッセージ:ページ移動しました。 移動先:ms-local-stream://microsoft.win32webviewhost_cw5n1h2txyewy_4c6f63616c436f6e74656e74/Help/Help.html#SourceFolderInput 実行結果:成功|->
2020-01-15 21:44:57.4512|INFO| 発生元:ヘルプブラウザ メッセージ:ページ移動しました。 移動先:ms-local-stream://microsoft.win32webviewhost_cw5n1h2txyewy_4c6f63616c436f6e74656e74/Help/Help.html#MainScreen 実行結果:成功|->
2020-01-15 21:44:58.5848|INFO| 発生元:ヘルプブラウザ メッセージ:ページ移動しました。 移動先:ms-local-stream://microsoft.win32webviewhost_cw5n1h2txyewy_4c6f63616c436f6e74656e74/Help/Help.html#DestinationFolderInput 実行結果:成功|->
2020-01-15 21:45:00.3871|INFO| 発生元:ヘルプブラウザ メッセージ:ページ移動しました。 移動先:ms-local-stream://microsoft.win32webviewhost_cw5n1h2txyewy_4c6f63616c436f6e74656e74/Help/Help.html#MainScreen 実行結果:成功|->
2020-01-15 21:45:06.2563|INFO| 発生元:ヘルプブラウザ メッセージ:ページ移動しました。 移動先:ms-local-stream://microsoft.win32webviewhost_cw5n1h2txyewy_4c6f63616c436f6e74656e74/Help/Help.html#SourceFolderDialogOpen 実行結果:成功|->
2020-01-15 21:45:08.8761|INFO| 発生元:ヘルプブラウザ メッセージ:ページ移動しました。 移動先:ms-local-stream://microsoft.win32webviewhost_cw5n1h2txyewy_4c6f63616c436f6e74656e74/Help/Help.html#MainScreen 実行結果:成功|->
2020-01-15 21:45:10.7193|TRACE| 発生元:ヘルプブラウザ メッセージ:ヘルプブラウザが閉じました。|->
2020-01-15 21:45:13.1032|TRACE| 発生元:iCAD Renamer メッセージ:ICAD_Renamerを終了しました。|->
